{"/home/travis/build/npmtest/node-npmtest-react-google-maps/test.js":{"path":"/home/travis/build/npmtest/node-npmtest-react-google-maps/test.js","s":{"1":2,"2":2,"3":2,"4":2,"5":2,"6":2,"7":2,"8":1,"9":2,"10":2,"11":1,"12":1,"13":1,"14":1,"15":2,"16":2,"17":2,"18":2,"19":1,"20":1,"21":2,"22":2,"23":2,"24":1,"25":1,"26":1,"27":1,"28":1,"29":1,"30":1,"31":1,"32":1,"33":1,"34":1,"35":1,"36":1,"37":2,"38":2,"39":1,"40":2,"41":2,"42":1,"43":2,"44":2,"45":1,"46":2,"47":2,"48":1,"49":1,"50":1,"51":1,"52":1},"b":{"1":[2,1,1,1],"2":[1,1,1,1],"3":[1,1],"4":[1,1],"5":[1,1],"6":[1,1],"7":[1,1],"8":[1,1],"9":[1,1,1],"10":[1,1],"11":[1,1],"12":[1,1],"13":[1,1],"14":[1,1],"15":[1,1],"16":[1,1]},"f":{"1":2,"2":2,"3":2,"4":2,"5":2,"6":1,"7":1,"8":2,"9":2,"10":2,"11":2,"12":1},"fnMap":{"1":{"name":"(anonymous_1)","line":12,"loc":{"start":{"line":12,"column":1},"end":{"line":12,"column":13}}},"2":{"name":"(anonymous_2)","line":19,"loc":{"start":{"line":19,"column":5},"end":{"line":19,"column":17}}},"3":{"name":"(anonymous_3)","line":23,"loc":{"start":{"line":23,"column":24},"end":{"line":23,"column":36}}},"4":{"name":"(anonymous_4)","line":61,"loc":{"start":{"line":61,"column":5},"end":{"line":61,"column":17}}},"5":{"name":"(anonymous_5)","line":82,"loc":{"start":{"line":82,"column":5},"end":{"line":82,"column":17}}},"6":{"name":"(anonymous_6)","line":102,"loc":{"start":{"line":102,"column":83},"end":{"line":105,"column":10}},"skip":true},"7":{"name":"(anonymous_7)","line":113,"loc":{"start":{"line":113,"column":77},"end":{"line":116,"column":10}},"skip":true},"8":{"name":"(anonymous_8)","line":129,"loc":{"start":{"line":129,"column":12},"end":{"line":129,"column":40}},"skip":true},"9":{"name":"(anonymous_9)","line":137,"loc":{"start":{"line":137,"column":77},"end":{"line":140,"column":10}},"skip":true},"10":{"name":"(anonymous_10)","line":148,"loc":{"start":{"line":148,"column":83},"end":{"line":151,"column":10}},"skip":true},"11":{"name":"(anonymous_11)","line":159,"loc":{"start":{"line":159,"column":79},"end":{"line":162,"column":10}},"skip":true},"12":{"name":"(anonymous_12)","line":170,"loc":{"start":{"line":170,"column":75},"end":{"line":173,"column":10}},"skip":true}},"statementMap":{"1":{"start":{"line":12,"column":0},"end":{"line":185,"column":5}},"2":{"start":{"line":14,"column":4},"end":{"line":14,"column":14}},"3":{"start":{"line":19,"column":4},"end":{"line":56,"column":9}},"4":{"start":{"line":21,"column":8},"end":{"line":21,"column":19}},"5":{"start":{"line":23,"column":8},"end":{"line":35,"column":13}},"6":{"start":{"line":24,"column":12},"end":{"line":34,"column":13}},"7":{"start":{"line":25,"column":16},"end":{"line":28,"column":30}},"8":{"start":{"line":30,"column":16},"end":{"line":33,"column":27}},"9":{"start":{"line":37,"column":8},"end":{"line":39,"column":21}},"10":{"start":{"line":40,"column":8},"end":{"line":53,"column":9}},"11":{"start":{"line":43,"column":12},"end":{"line":46,"column":14}},"12":{"start":{"line":47,"column":12},"end":{"line":47,"column":18}},"13":{"start":{"line":50,"column":12},"end":{"line":51,"column":46}},"14":{"start":{"line":52,"column":12},"end":{"line":52,"column":18}},"15":{"start":{"line":55,"column":8},"end":{"line":55,"column":35}},"16":{"start":{"line":61,"column":4},"end":{"line":63,"column":9}},"17":{"start":{"line":62,"column":8},"end":{"line":62,"column":15}},"18":{"start":{"line":64,"column":4},"end":{"line":77,"column":5}},"19":{"start":{"line":70,"column":8},"end":{"line":70,"column":14}},"20":{"start":{"line":76,"column":8},"end":{"line":76,"column":14}},"21":{"start":{"line":82,"column":4},"end":{"line":84,"column":9}},"22":{"start":{"line":83,"column":8},"end":{"line":83,"column":15}},"23":{"start":{"line":85,"column":4},"end":{"line":184,"column":5}},"24":{"start":{"line":92,"column":8},"end":{"line":94,"column":63}},"25":{"start":{"line":95,"column":8},"end":{"line":95,"column":14}},"26":{"start":{"line":102,"column":8},"end":{"line":111,"column":10},"skip":true},"27":{"start":{"line":109,"column":12},"end":{"line":109,"column":55},"skip":true},"28":{"start":{"line":110,"column":12},"end":{"line":110,"column":48},"skip":true},"29":{"start":{"line":113,"column":8},"end":{"line":126,"column":10},"skip":true},"30":{"start":{"line":120,"column":12},"end":{"line":120,"column":76},"skip":true},"31":{"start":{"line":121,"column":12},"end":{"line":121,"column":73},"skip":true},"32":{"start":{"line":122,"column":12},"end":{"line":122,"column":74},"skip":true},"33":{"start":{"line":123,"column":12},"end":{"line":123,"column":79},"skip":true},"34":{"start":{"line":124,"column":12},"end":{"line":124,"column":25},"skip":true},"35":{"start":{"line":125,"column":12},"end":{"line":125,"column":45},"skip":true},"36":{"start":{"line":128,"column":8},"end":{"line":135,"column":14},"skip":true},"37":{"start":{"line":133,"column":16},"end":{"line":133,"column":29},"skip":true},"38":{"start":{"line":134,"column":16},"end":{"line":134,"column":55},"skip":true},"39":{"start":{"line":137,"column":8},"end":{"line":146,"column":10},"skip":true},"40":{"start":{"line":144,"column":12},"end":{"line":144,"column":25},"skip":true},"41":{"start":{"line":145,"column":12},"end":{"line":145,"column":45},"skip":true},"42":{"start":{"line":148,"column":8},"end":{"line":157,"column":10},"skip":true},"43":{"start":{"line":155,"column":12},"end":{"line":155,"column":25},"skip":true},"44":{"start":{"line":156,"column":12},"end":{"line":156,"column":48},"skip":true},"45":{"start":{"line":159,"column":8},"end":{"line":168,"column":10},"skip":true},"46":{"start":{"line":166,"column":12},"end":{"line":166,"column":25},"skip":true},"47":{"start":{"line":167,"column":12},"end":{"line":167,"column":46},"skip":true},"48":{"start":{"line":170,"column":8},"end":{"line":179,"column":10},"skip":true},"49":{"start":{"line":177,"column":12},"end":{"line":177,"column":94},"skip":true},"50":{"start":{"line":178,"column":12},"end":{"line":178,"column":48},"skip":true},"51":{"start":{"line":182,"column":8},"end":{"line":182,"column":35},"skip":true},"52":{"start":{"line":183,"column":8},"end":{"line":183,"column":14},"skip":true}},"branchMap":{"1":{"line":25,"type":"binary-expr","locations":[{"start":{"line":25,"column":23},"end":{"line":25,"column":62}},{"start":{"line":26,"column":20},"end":{"line":26,"column":70}},{"start":{"line":27,"column":20},"end":{"line":27,"column":71}},{"start":{"line":28,"column":20},"end":{"line":28,"column":29}}]},"2":{"line":30,"type":"binary-expr","locations":[{"start":{"line":30,"column":23},"end":{"line":30,"column":37}},{"start":{"line":31,"column":20},"end":{"line":31,"column":61}},{"start":{"line":32,"column":20},"end":{"line":32,"column":70}},{"start":{"line":33,"column":20},"end":{"line":33,"column":26}}]},"3":{"line":37,"type":"cond-expr","locations":[{"start":{"line":38,"column":14},"end":{"line":38,"column":20}},{"start":{"line":39,"column":14},"end":{"line":39,"column":20}}]},"4":{"line":40,"type":"switch","locations":[{"start":{"line":42,"column":8},"end":{"line":47,"column":18}},{"start":{"line":49,"column":8},"end":{"line":52,"column":18}}]},"5":{"line":44,"type":"binary-expr","locations":[{"start":{"line":44,"column":16},"end":{"line":44,"column":44}},{"start":{"line":44,"column":48},"end":{"line":44,"column":66}}]},"6":{"line":50,"type":"binary-expr","locations":[{"start":{"line":50,"column":21},"end":{"line":50,"column":49}},{"start":{"line":50,"column":53},"end":{"line":50,"column":72}}]},"7":{"line":64,"type":"switch","locations":[{"start":{"line":69,"column":4},"end":{"line":70,"column":14}},{"start":{"line":75,"column":4},"end":{"line":76,"column":14}}]},"8":{"line":85,"type":"switch","locations":[{"start":{"line":90,"column":4},"end":{"line":95,"column":14}},{"start":{"line":101,"column":4},"end":{"line":183,"column":14},"skip":true}]},"9":{"line":92,"type":"binary-expr","locations":[{"start":{"line":92,"column":18},"end":{"line":92,"column":32}},{"start":{"line":93,"column":12},"end":{"line":93,"column":53}},{"start":{"line":94,"column":12},"end":{"line":94,"column":61}}]},"10":{"line":102,"type":"binary-expr","locations":[{"start":{"line":102,"column":45},"end":{"line":102,"column":79},"skip":true},{"start":{"line":102,"column":83},"end":{"line":111,"column":9},"skip":true}]},"11":{"line":113,"type":"binary-expr","locations":[{"start":{"line":113,"column":42},"end":{"line":113,"column":73},"skip":true},{"start":{"line":113,"column":77},"end":{"line":126,"column":9},"skip":true}]},"12":{"line":128,"type":"binary-expr","locations":[{"start":{"line":128,"column":48},"end":{"line":128,"column":85},"skip":true},{"start":{"line":129,"column":12},"end":{"line":135,"column":13},"skip":true}]},"13":{"line":137,"type":"binary-expr","locations":[{"start":{"line":137,"column":42},"end":{"line":137,"column":73},"skip":true},{"start":{"line":137,"column":77},"end":{"line":146,"column":9},"skip":true}]},"14":{"line":148,"type":"binary-expr","locations":[{"start":{"line":148,"column":45},"end":{"line":148,"column":79},"skip":true},{"start":{"line":148,"column":83},"end":{"line":157,"column":9},"skip":true}]},"15":{"line":159,"type":"binary-expr","locations":[{"start":{"line":159,"column":43},"end":{"line":159,"column":75},"skip":true},{"start":{"line":159,"column":79},"end":{"line":168,"column":9},"skip":true}]},"16":{"line":170,"type":"binary-expr","locations":[{"start":{"line":170,"column":41},"end":{"line":170,"column":71},"skip":true},{"start":{"line":170,"column":75},"end":{"line":179,"column":9},"skip":true}]}},"code":["/* istanbul instrument in package npmtest_react_google_maps */","/*jslint","    bitwise: true,","    browser: true,","    maxerr: 8,","    maxlen: 96,","    node: true,","    nomen: true,","    regexp: true,","    stupid: true","*/","(function () {","    'use strict';","    var local;","","","","    // run shared js-env code - pre-init","    (function () {","        // init local","        local = {};","        // init modeJs","        local.modeJs = (function () {","            try {","                return typeof navigator.userAgent === 'string' &&","                    typeof document.querySelector('body') === 'object' &&","                    typeof XMLHttpRequest.prototype.open === 'function' &&","                    'browser';","            } catch (errorCaughtBrowser) {","                return module.exports &&","                    typeof process.versions.node === 'string' &&","                    typeof require('http').createServer === 'function' &&","                    'node';","            }","        }());","        // init global","        local.global = local.modeJs === 'browser'","            ? window","            : global;","        switch (local.modeJs) {","        // re-init local from window.local","        case 'browser':","            local = local.global.utility2.objectSetDefault(","                local.global.utility2_rollup || local.global.local,","                local.global.utility2","            );","            break;","        // re-init local from example.js","        case 'node':","            local = (local.global.utility2_rollup || require('utility2'))","                .requireExampleJsFromReadme();","            break;","        }","        // export local","        local.global.local = local;","    }());","","","","    // run shared js-env code - function","    (function () {","        return;","    }());","    switch (local.modeJs) {","","","","    // run browser js-env code - function","    case 'browser':","        break;","","","","    // run node js-env code - function","    case 'node':","        break;","    }","","","","    // run shared js-env code - post-init","    (function () {","        return;","    }());","    switch (local.modeJs) {","","","","    // run browser js-env code - post-init","    case 'browser':","        // run tests","        local.nop(local.modeTest &&","            document.querySelector('#testRunButton1') &&","            document.querySelector('#testRunButton1').click());","        break;","","","","    // run node js-env code - post-init","    /* istanbul ignore next */","    case 'node':","        local.testCase_buildApidoc_default = local.testCase_buildApidoc_default || function (","            options,","            onError","        ) {","        /*","         * this function will test buildApidoc's default handling-behavior-behavior","         */","            options = { modulePathList: module.paths };","            local.buildApidoc(options, onError);","        };","","        local.testCase_buildApp_default = local.testCase_buildApp_default || function (","            options,","            onError","        ) {","        /*","         * this function will test buildApp's default handling-behavior-behavior","         */","            local.testCase_buildReadme_default(options, local.onErrorThrow);","            local.testCase_buildLib_default(options, local.onErrorThrow);","            local.testCase_buildTest_default(options, local.onErrorThrow);","            local.testCase_buildCustomOrg_default(options, local.onErrorThrow);","            options = [];","            local.buildApp(options, onError);","        };","","        local.testCase_buildCustomOrg_default = local.testCase_buildCustomOrg_default ||","            function (options, onError) {","            /*","             * this function will test buildCustomOrg's default handling-behavior","             */","                options = {};","                local.buildCustomOrg(options, onError);","            };","","        local.testCase_buildLib_default = local.testCase_buildLib_default || function (","            options,","            onError","        ) {","        /*","         * this function will test buildLib's default handling-behavior","         */","            options = {};","            local.buildLib(options, onError);","        };","","        local.testCase_buildReadme_default = local.testCase_buildReadme_default || function (","            options,","            onError","        ) {","        /*","         * this function will test buildReadme's default handling-behavior-behavior","         */","            options = {};","            local.buildReadme(options, onError);","        };","","        local.testCase_buildTest_default = local.testCase_buildTest_default || function (","            options,","            onError","        ) {","        /*","         * this function will test buildTest's default handling-behavior","         */","            options = {};","            local.buildTest(options, onError);","        };","","        local.testCase_webpage_default = local.testCase_webpage_default || function (","            options,","            onError","        ) {","        /*","         * this function will test webpage's default handling-behavior","         */","            options = { modeCoverageMerge: true, url: local.serverLocalHost + '?modeTest=1' };","            local.browserTest(options, onError);","        };","","        // run test-server","        local.testRunServer(local);","        break;","    }","}());",""],"l":{"12":2,"14":2,"19":2,"21":2,"23":2,"24":2,"25":2,"30":1,"37":2,"40":2,"43":1,"47":1,"50":1,"52":1,"55":2,"61":2,"62":2,"64":2,"70":1,"76":1,"82":2,"83":2,"85":2,"92":1,"95":1,"102":1,"109":1,"110":1,"113":1,"120":1,"121":1,"122":1,"123":1,"124":1,"125":1,"128":1,"133":2,"134":2,"137":1,"144":2,"145":2,"148":1,"155":2,"156":2,"159":1,"166":2,"167":2,"170":1,"177":1,"178":1,"182":1,"183":1}},"/home/travis/build/npmtest/node-npmtest-react-google-maps/lib.npmtest_react_google_maps.js":{"path":"/home/travis/build/npmtest/node-npmtest-react-google-maps/lib.npmtest_react_google_maps.js","s":{"1":2,"2":2,"3":2,"4":2,"5":2,"6":2,"7":2,"8":1,"9":2,"10":2,"11":2,"12":2,"13":1,"14":1,"15":1,"16":1},"b":{"1":[2,1,1,1],"2":[1,1,1,1],"3":[1,1],"4":[2,2],"5":[1,1]},"f":{"1":2,"2":2,"3":2},"fnMap":{"1":{"name":"(anonymous_1)","line":12,"loc":{"start":{"line":12,"column":1},"end":{"line":12,"column":13}}},"2":{"name":"(anonymous_2)","line":19,"loc":{"start":{"line":19,"column":5},"end":{"line":19,"column":17}}},"3":{"name":"(anonymous_3)","line":23,"loc":{"start":{"line":23,"column":24},"end":{"line":23,"column":36}}}},"statementMap":{"1":{"start":{"line":12,"column":0},"end":{"line":53,"column":5}},"2":{"start":{"line":14,"column":4},"end":{"line":14,"column":14}},"3":{"start":{"line":19,"column":4},"end":{"line":52,"column":9}},"4":{"start":{"line":21,"column":8},"end":{"line":21,"column":19}},"5":{"start":{"line":23,"column":8},"end":{"line":35,"column":13}},"6":{"start":{"line":24,"column":12},"end":{"line":34,"column":13}},"7":{"start":{"line":25,"column":16},"end":{"line":28,"column":30}},"8":{"start":{"line":30,"column":16},"end":{"line":33,"column":27}},"9":{"start":{"line":37,"column":8},"end":{"line":39,"column":21}},"10":{"start":{"line":41,"column":8},"end":{"line":41,"column":54}},"11":{"start":{"line":43,"column":8},"end":{"line":43,"column":62}},"12":{"start":{"line":45,"column":8},"end":{"line":51,"column":9}},"13":{"start":{"line":46,"column":12},"end":{"line":46,"column":68}},"14":{"start":{"line":48,"column":12},"end":{"line":48,"column":35}},"15":{"start":{"line":49,"column":12},"end":{"line":49,"column":49}},"16":{"start":{"line":50,"column":12},"end":{"line":50,"column":43}}},"branchMap":{"1":{"line":25,"type":"binary-expr","locations":[{"start":{"line":25,"column":23},"end":{"line":25,"column":62}},{"start":{"line":26,"column":20},"end":{"line":26,"column":70}},{"start":{"line":27,"column":20},"end":{"line":27,"column":71}},{"start":{"line":28,"column":20},"end":{"line":28,"column":29}}]},"2":{"line":30,"type":"binary-expr","locations":[{"start":{"line":30,"column":23},"end":{"line":30,"column":37}},{"start":{"line":31,"column":20},"end":{"line":31,"column":61}},{"start":{"line":32,"column":20},"end":{"line":32,"column":70}},{"start":{"line":33,"column":20},"end":{"line":33,"column":26}}]},"3":{"line":37,"type":"cond-expr","locations":[{"start":{"line":38,"column":14},"end":{"line":38,"column":20}},{"start":{"line":39,"column":14},"end":{"line":39,"column":20}}]},"4":{"line":41,"type":"binary-expr","locations":[{"start":{"line":41,"column":16},"end":{"line":41,"column":44}},{"start":{"line":41,"column":48},"end":{"line":41,"column":53}}]},"5":{"line":45,"type":"if","locations":[{"start":{"line":45,"column":8},"end":{"line":45,"column":8}},{"start":{"line":45,"column":8},"end":{"line":45,"column":8}}]}},"code":["/* istanbul instrument in package npmtest_react_google_maps */","/*jslint","    bitwise: true,","    browser: true,","    maxerr: 8,","    maxlen: 96,","    node: true,","    nomen: true,","    regexp: true,","    stupid: true","*/","(function () {","    'use strict';","    var local;","","","","    // run shared js-env code - pre-init","    (function () {","        // init local","        local = {};","        // init modeJs","        local.modeJs = (function () {","            try {","                return typeof navigator.userAgent === 'string' &&","                    typeof document.querySelector('body') === 'object' &&","                    typeof XMLHttpRequest.prototype.open === 'function' &&","                    'browser';","            } catch (errorCaughtBrowser) {","                return module.exports &&","                    typeof process.versions.node === 'string' &&","                    typeof require('http').createServer === 'function' &&","                    'node';","            }","        }());","        // init global","        local.global = local.modeJs === 'browser'","            ? window","            : global;","        // init utility2_rollup","        local = local.global.utility2_rollup || local;","        // init lib","        local.local = local.npmtest_react_google_maps = local;","        // init exports","        if (local.modeJs === 'browser') {","            local.global.utility2_npmtest_react_google_maps = local;","        } else {","            module.exports = local;","            module.exports.__dirname = __dirname;","            module.exports.module = module;","        }","    }());","}());",""],"l":{"12":2,"14":2,"19":2,"21":2,"23":2,"24":2,"25":2,"30":1,"37":2,"41":2,"43":2,"45":2,"46":1,"48":1,"49":1,"50":1}},"/home/travis/build/npmtest/node-npmtest-react-google-maps/example.js":{"path":"/home/travis/build/npmtest/node-npmtest-react-google-maps/example.js","s":{"1":2,"2":2,"3":2,"4":2,"5":2,"6":2,"7":2,"8":1,"9":2,"10":2,"11":2,"12":2,"13":1,"14":2,"15":2,"16":2,"17":2,"18":2,"19":0,"20":2,"21":1,"22":1,"23":1,"24":1,"25":1,"26":0,"27":0,"28":1,"29":1,"30":2,"31":0,"32":0,"33":0,"34":1,"35":2,"36":2,"37":2,"38":2,"39":2,"40":2,"41":0,"42":2,"43":2,"44":2,"45":1,"46":3,"47":1,"48":1,"49":1,"50":1,"51":1,"52":1,"53":1,"54":1,"55":1,"56":1,"57":0,"58":1,"59":6,"60":6,"61":1,"62":2,"63":0,"64":2,"65":1,"66":1,"67":0,"68":0,"69":0,"70":0,"71":0,"72":0,"73":0,"74":0,"75":0,"76":0,"77":0,"78":0,"79":0,"80":0,"81":0,"82":0,"83":0},"b":{"1":[2,1,1,1],"2":[1,1,1,1],"3":[1,1],"4":[2,2],"5":[1,1],"6":[1,1],"7":[2,0],"8":[2,1,1,1,1,1],"9":[0,2,0],"10":[1,1],"11":[2,1,1],"12":[1,0],"13":[0,2],"14":[2,0,0,0,0,0,0],"15":[0,2],"16":[2,0],"17":[1,1],"18":[0,1],"19":[1,2,0,2],"20":[1,0],"21":[1,1],"22":[0,0],"23":[0,0],"24":[0,0],"25":[0,0],"26":[0,0],"27":[0,0],"28":[0,0]},"f":{"1":2,"2":2,"3":2,"4":2,"5":2,"6":2,"7":2,"8":2,"9":3,"10":1,"11":6,"12":0},"fnMap":{"1":{"name":"(anonymous_1)","line":26,"loc":{"start":{"line":26,"column":1},"end":{"line":26,"column":13}}},"2":{"name":"(anonymous_2)","line":33,"loc":{"start":{"line":33,"column":5},"end":{"line":33,"column":17}}},"3":{"name":"(anonymous_3)","line":37,"loc":{"start":{"line":37,"column":24},"end":{"line":37,"column":36}}},"4":{"name":"(anonymous_4)","line":69,"loc":{"start":{"line":69,"column":31},"end":{"line":69,"column":48}},"skip":true},"5":{"name":"(anonymous_5)","line":78,"loc":{"start":{"line":78,"column":26},"end":{"line":78,"column":45}},"skip":true},"6":{"name":"(anonymous_6)","line":123,"loc":{"start":{"line":123,"column":33},"end":{"line":123,"column":48}},"skip":true},"7":{"name":"(anonymous_7)","line":125,"loc":{"start":{"line":125,"column":27},"end":{"line":125,"column":39}},"skip":true},"8":{"name":"(anonymous_8)","line":133,"loc":{"start":{"line":133,"column":59},"end":{"line":133,"column":74}},"skip":true},"9":{"name":"(anonymous_9)","line":143,"loc":{"start":{"line":143,"column":45},"end":{"line":143,"column":62}},"skip":true},"10":{"name":"(anonymous_10)","line":144,"loc":{"start":{"line":144,"column":73},"end":{"line":144,"column":92}},"skip":true},"11":{"name":"(anonymous_11)","line":272,"loc":{"start":{"line":272,"column":51},"end":{"line":272,"column":77}},"skip":true},"12":{"name":"(anonymous_12)","line":314,"loc":{"start":{"line":314,"column":32},"end":{"line":314,"column":61}},"skip":true}},"statementMap":{"1":{"start":{"line":26,"column":0},"end":{"line":325,"column":5}},"2":{"start":{"line":28,"column":4},"end":{"line":28,"column":14}},"3":{"start":{"line":33,"column":4},"end":{"line":60,"column":9}},"4":{"start":{"line":35,"column":8},"end":{"line":35,"column":19}},"5":{"start":{"line":37,"column":8},"end":{"line":49,"column":13}},"6":{"start":{"line":38,"column":12},"end":{"line":48,"column":13}},"7":{"start":{"line":39,"column":16},"end":{"line":42,"column":30}},"8":{"start":{"line":44,"column":16},"end":{"line":47,"column":27}},"9":{"start":{"line":51,"column":8},"end":{"line":53,"column":21}},"10":{"start":{"line":55,"column":8},"end":{"line":57,"column":45}},"11":{"start":{"line":59,"column":8},"end":{"line":59,"column":35}},"12":{"start":{"line":61,"column":4},"end":{"line":324,"column":5}},"13":{"start":{"line":69,"column":8},"end":{"line":121,"column":10},"skip":true},"14":{"start":{"line":70,"column":12},"end":{"line":88,"column":13},"skip":true},"15":{"start":{"line":76,"column":16},"end":{"line":87,"column":19},"skip":true},"16":{"start":{"line":79,"column":20},"end":{"line":86,"column":21},"skip":true},"17":{"start":{"line":82,"column":24},"end":{"line":82,"column":43},"skip":true},"18":{"start":{"line":83,"column":24},"end":{"line":83,"column":30},"skip":true},"19":{"start":{"line":85,"column":24},"end":{"line":85,"column":49},"skip":true},"20":{"start":{"line":89,"column":12},"end":{"line":107,"column":13},"skip":true},"21":{"start":{"line":92,"column":16},"end":{"line":102,"column":17},"skip":true},"22":{"start":{"line":93,"column":20},"end":{"line":93,"column":86},"skip":true},"23":{"start":{"line":94,"column":20},"end":{"line":95,"column":45},"skip":true},"24":{"start":{"line":96,"column":20},"end":{"line":96,"column":42},"skip":true},"25":{"start":{"line":97,"column":20},"end":{"line":97,"column":48},"skip":true},"26":{"start":{"line":100,"column":20},"end":{"line":100,"column":85},"skip":true},"27":{"start":{"line":101,"column":20},"end":{"line":101,"column":96},"skip":true},"28":{"start":{"line":103,"column":16},"end":{"line":103,"column":22},"skip":true},"29":{"start":{"line":106,"column":16},"end":{"line":106,"column":22},"skip":true},"30":{"start":{"line":108,"column":12},"end":{"line":120,"column":13},"skip":true},"31":{"start":{"line":114,"column":16},"end":{"line":119,"column":17},"skip":true},"32":{"start":{"line":116,"column":20},"end":{"line":116,"column":78},"skip":true},"33":{"start":{"line":118,"column":20},"end":{"line":118,"column":47},"skip":true},"34":{"start":{"line":123,"column":8},"end":{"line":141,"column":11},"skip":true},"35":{"start":{"line":124,"column":12},"end":{"line":124,"column":54},"skip":true},"36":{"start":{"line":125,"column":12},"end":{"line":140,"column":14},"skip":true},"37":{"start":{"line":126,"column":16},"end":{"line":126,"column":28},"skip":true},"38":{"start":{"line":127,"column":16},"end":{"line":127,"column":69},"skip":true},"39":{"start":{"line":128,"column":16},"end":{"line":128,"column":75},"skip":true},"40":{"start":{"line":129,"column":16},"end":{"line":131,"column":17},"skip":true},"41":{"start":{"line":130,"column":20},"end":{"line":130,"column":27},"skip":true},"42":{"start":{"line":133,"column":16},"end":{"line":137,"column":36},"skip":true},"43":{"start":{"line":134,"column":20},"end":{"line":136,"column":55},"skip":true},"44":{"start":{"line":139,"column":16},"end":{"line":139,"column":57},"skip":true},"45":{"start":{"line":143,"column":8},"end":{"line":147,"column":11},"skip":true},"46":{"start":{"line":144,"column":12},"end":{"line":146,"column":15},"skip":true},"47":{"start":{"line":145,"column":16},"end":{"line":145,"column":70},"skip":true},"48":{"start":{"line":149,"column":8},"end":{"line":149,"column":31},"skip":true},"49":{"start":{"line":150,"column":8},"end":{"line":150,"column":14},"skip":true},"50":{"start":{"line":158,"column":8},"end":{"line":158,"column":31},"skip":true},"51":{"start":{"line":160,"column":8},"end":{"line":160,"column":33},"skip":true},"52":{"start":{"line":161,"column":8},"end":{"line":161,"column":37},"skip":true},"53":{"start":{"line":162,"column":8},"end":{"line":162,"column":35},"skip":true},"54":{"start":{"line":164,"column":8},"end":{"line":164,"column":50},"skip":true},"55":{"start":{"line":166,"column":8},"end":{"line":256,"column":2},"skip":true},"56":{"start":{"line":258,"column":8},"end":{"line":286,"column":9},"skip":true},"57":{"start":{"line":259,"column":12},"end":{"line":269,"column":14},"skip":true},"58":{"start":{"line":271,"column":12},"end":{"line":285,"column":19},"skip":true},"59":{"start":{"line":274,"column":20},"end":{"line":274,"column":35},"skip":true},"60":{"start":{"line":275,"column":20},"end":{"line":284,"column":21},"skip":true},"61":{"start":{"line":277,"column":24},"end":{"line":277,"column":64},"skip":true},"62":{"start":{"line":279,"column":24},"end":{"line":279,"column":40},"skip":true},"63":{"start":{"line":281,"column":24},"end":{"line":281,"column":40},"skip":true},"64":{"start":{"line":283,"column":24},"end":{"line":283,"column":39},"skip":true},"65":{"start":{"line":288,"column":8},"end":{"line":290,"column":9},"skip":true},"66":{"start":{"line":289,"column":12},"end":{"line":289,"column":18},"skip":true},"67":{"start":{"line":291,"column":8},"end":{"line":293,"column":54},"skip":true},"68":{"start":{"line":294,"column":8},"end":{"line":301,"column":37},"skip":true},"69":{"start":{"line":302,"column":8},"end":{"line":302,"column":82},"skip":true},"70":{"start":{"line":305,"column":8},"end":{"line":307,"column":9},"skip":true},"71":{"start":{"line":306,"column":12},"end":{"line":306,"column":82},"skip":true},"72":{"start":{"line":309,"column":8},"end":{"line":311,"column":9},"skip":true},"73":{"start":{"line":310,"column":12},"end":{"line":310,"column":18},"skip":true},"74":{"start":{"line":312,"column":8},"end":{"line":312,"column":54},"skip":true},"75":{"start":{"line":313,"column":8},"end":{"line":313,"column":69},"skip":true},"76":{"start":{"line":314,"column":8},"end":{"line":322,"column":36},"skip":true},"77":{"start":{"line":315,"column":12},"end":{"line":315,"column":61},"skip":true},"78":{"start":{"line":316,"column":12},"end":{"line":319,"column":13},"skip":true},"79":{"start":{"line":317,"column":16},"end":{"line":317,"column":75},"skip":true},"80":{"start":{"line":318,"column":16},"end":{"line":318,"column":23},"skip":true},"81":{"start":{"line":320,"column":12},"end":{"line":320,"column":38},"skip":true},"82":{"start":{"line":321,"column":12},"end":{"line":321,"column":27},"skip":true},"83":{"start":{"line":323,"column":8},"end":{"line":323,"column":14},"skip":true}},"branchMap":{"1":{"line":39,"type":"binary-expr","locations":[{"start":{"line":39,"column":23},"end":{"line":39,"column":62}},{"start":{"line":40,"column":20},"end":{"line":40,"column":70}},{"start":{"line":41,"column":20},"end":{"line":41,"column":71}},{"start":{"line":42,"column":20},"end":{"line":42,"column":29}}]},"2":{"line":44,"type":"binary-expr","locations":[{"start":{"line":44,"column":23},"end":{"line":44,"column":37}},{"start":{"line":45,"column":20},"end":{"line":45,"column":61}},{"start":{"line":46,"column":20},"end":{"line":46,"column":70}},{"start":{"line":47,"column":20},"end":{"line":47,"column":26}}]},"3":{"line":51,"type":"cond-expr","locations":[{"start":{"line":52,"column":14},"end":{"line":52,"column":20}},{"start":{"line":53,"column":14},"end":{"line":53,"column":20}}]},"4":{"line":55,"type":"binary-expr","locations":[{"start":{"line":55,"column":16},"end":{"line":55,"column":44}},{"start":{"line":55,"column":49},"end":{"line":57,"column":43}}]},"5":{"line":55,"type":"cond-expr","locations":[{"start":{"line":56,"column":14},"end":{"line":56,"column":61}},{"start":{"line":57,"column":14},"end":{"line":57,"column":43}}]},"6":{"line":61,"type":"switch","locations":[{"start":{"line":68,"column":4},"end":{"line":150,"column":14},"skip":true},{"start":{"line":156,"column":4},"end":{"line":323,"column":14},"skip":true}]},"7":{"line":70,"type":"if","locations":[{"start":{"line":70,"column":12},"end":{"line":70,"column":12},"skip":true},{"start":{"line":70,"column":12},"end":{"line":70,"column":12},"skip":true}]},"8":{"line":70,"type":"binary-expr","locations":[{"start":{"line":70,"column":16},"end":{"line":70,"column":22},"skip":true},{"start":{"line":70,"column":27},"end":{"line":70,"column":32},"skip":true},{"start":{"line":71,"column":20},"end":{"line":71,"column":39},"skip":true},{"start":{"line":72,"column":20},"end":{"line":72,"column":49},"skip":true},{"start":{"line":73,"column":20},"end":{"line":73,"column":58},"skip":true},{"start":{"line":74,"column":20},"end":{"line":74,"column":69},"skip":true}]},"9":{"line":79,"type":"switch","locations":[{"start":{"line":80,"column":20},"end":{"line":80,"column":33},"skip":true},{"start":{"line":81,"column":20},"end":{"line":83,"column":30},"skip":true},{"start":{"line":84,"column":20},"end":{"line":85,"column":49},"skip":true}]},"10":{"line":89,"type":"switch","locations":[{"start":{"line":90,"column":12},"end":{"line":103,"column":22},"skip":true},{"start":{"line":105,"column":12},"end":{"line":106,"column":22},"skip":true}]},"11":{"line":89,"type":"binary-expr","locations":[{"start":{"line":89,"column":20},"end":{"line":89,"column":25},"skip":true},{"start":{"line":89,"column":29},"end":{"line":89,"column":48},"skip":true},{"start":{"line":89,"column":52},"end":{"line":89,"column":74},"skip":true}]},"12":{"line":92,"type":"if","locations":[{"start":{"line":92,"column":16},"end":{"line":92,"column":16},"skip":true},{"start":{"line":92,"column":16},"end":{"line":92,"column":16},"skip":true}]},"13":{"line":108,"type":"if","locations":[{"start":{"line":108,"column":12},"end":{"line":108,"column":12},"skip":true},{"start":{"line":108,"column":12},"end":{"line":108,"column":12},"skip":true}]},"14":{"line":108,"type":"binary-expr","locations":[{"start":{"line":108,"column":16},"end":{"line":108,"column":61},"skip":true},{"start":{"line":108,"column":66},"end":{"line":108,"column":72},"skip":true},{"start":{"line":108,"column":77},"end":{"line":108,"column":82},"skip":true},{"start":{"line":109,"column":20},"end":{"line":109,"column":39},"skip":true},{"start":{"line":110,"column":20},"end":{"line":110,"column":49},"skip":true},{"start":{"line":111,"column":20},"end":{"line":111,"column":58},"skip":true},{"start":{"line":112,"column":20},"end":{"line":112,"column":68},"skip":true}]},"15":{"line":129,"type":"if","locations":[{"start":{"line":129,"column":16},"end":{"line":129,"column":16},"skip":true},{"start":{"line":129,"column":16},"end":{"line":129,"column":16},"skip":true}]},"16":{"line":134,"type":"cond-expr","locations":[{"start":{"line":135,"column":26},"end":{"line":135,"column":29},"skip":true},{"start":{"line":136,"column":26},"end":{"line":136,"column":54},"skip":true}]},"17":{"line":164,"type":"binary-expr","locations":[{"start":{"line":164,"column":27},"end":{"line":164,"column":43},"skip":true},{"start":{"line":164,"column":47},"end":{"line":164,"column":49},"skip":true}]},"18":{"line":258,"type":"if","locations":[{"start":{"line":258,"column":8},"end":{"line":258,"column":8},"skip":true},{"start":{"line":258,"column":8},"end":{"line":258,"column":8},"skip":true}]},"19":{"line":275,"type":"switch","locations":[{"start":{"line":276,"column":20},"end":{"line":277,"column":64},"skip":true},{"start":{"line":278,"column":20},"end":{"line":279,"column":40},"skip":true},{"start":{"line":280,"column":20},"end":{"line":281,"column":40},"skip":true},{"start":{"line":282,"column":20},"end":{"line":283,"column":39},"skip":true}]},"20":{"line":288,"type":"if","locations":[{"start":{"line":288,"column":8},"end":{"line":288,"column":8},"skip":true},{"start":{"line":288,"column":8},"end":{"line":288,"column":8},"skip":true}]},"21":{"line":288,"type":"binary-expr","locations":[{"start":{"line":288,"column":12},"end":{"line":288,"column":40},"skip":true},{"start":{"line":288,"column":44},"end":{"line":288,"column":67},"skip":true}]},"22":{"line":292,"type":"binary-expr","locations":[{"start":{"line":292,"column":12},"end":{"line":292,"column":50},"skip":true},{"start":{"line":293,"column":12},"end":{"line":293,"column":53},"skip":true}]},"23":{"line":295,"type":"binary-expr","locations":[{"start":{"line":295,"column":12},"end":{"line":295,"column":75},"skip":true},{"start":{"line":296,"column":12},"end":{"line":301,"column":36},"skip":true}]},"24":{"line":302,"type":"binary-expr","locations":[{"start":{"line":302,"column":43},"end":{"line":302,"column":75},"skip":true},{"start":{"line":302,"column":79},"end":{"line":302,"column":81},"skip":true}]},"25":{"line":305,"type":"if","locations":[{"start":{"line":305,"column":8},"end":{"line":305,"column":8},"skip":true},{"start":{"line":305,"column":8},"end":{"line":305,"column":8},"skip":true}]},"26":{"line":309,"type":"if","locations":[{"start":{"line":309,"column":8},"end":{"line":309,"column":8},"skip":true},{"start":{"line":309,"column":8},"end":{"line":309,"column":8},"skip":true}]},"27":{"line":312,"type":"binary-expr","locations":[{"start":{"line":312,"column":27},"end":{"line":312,"column":43},"skip":true},{"start":{"line":312,"column":47},"end":{"line":312,"column":53},"skip":true}]},"28":{"line":316,"type":"if","locations":[{"start":{"line":316,"column":12},"end":{"line":316,"column":12},"skip":true},{"start":{"line":316,"column":12},"end":{"line":316,"column":12},"skip":true}]}},"code":["/*","example.js","","quickstart example","","instruction","    1. save this script as example.js","    2. run the shell command:","        $ npm install npmtest-react-google-maps && PORT=8081 node example.js","    3. play with the browser-demo on http://127.0.0.1:8081","*/","","","","/* istanbul instrument in package npmtest_react_google_maps */","/*jslint","    bitwise: true,","    browser: true,","    maxerr: 8,","    maxlen: 96,","    node: true,","    nomen: true,","    regexp: true,","    stupid: true","*/","(function () {","    'use strict';","    var local;","","","","    // run shared js-env code - pre-init","    (function () {","        // init local","        local = {};","        // init modeJs","        local.modeJs = (function () {","            try {","                return typeof navigator.userAgent === 'string' &&","                    typeof document.querySelector('body') === 'object' &&","                    typeof XMLHttpRequest.prototype.open === 'function' &&","                    'browser';","            } catch (errorCaughtBrowser) {","                return module.exports &&","                    typeof process.versions.node === 'string' &&","                    typeof require('http').createServer === 'function' &&","                    'node';","            }","        }());","        // init global","        local.global = local.modeJs === 'browser'","            ? window","            : global;","        // init utility2_rollup","        local = local.global.utility2_rollup || (local.modeJs === 'browser'","            ? local.global.utility2_npmtest_react_google_maps","            : global.utility2_moduleExports);","        // export local","        local.global.local = local;","    }());","    switch (local.modeJs) {","","","","    // post-init","    // run browser js-env code - post-init","    /* istanbul ignore next */","    case 'browser':","        local.testRunBrowser = function (event) {","            if (!event || (event &&","                    event.currentTarget &&","                    event.currentTarget.className &&","                    event.currentTarget.className.includes &&","                    event.currentTarget.className.includes('onreset'))) {","                // reset output","                Array.from(","                    document.querySelectorAll('body > .resettable')","                ).forEach(function (element) {","                    switch (element.tagName) {","                    case 'INPUT':","                    case 'TEXTAREA':","                        element.value = '';","                        break;","                    default:","                        element.textContent = '';","                    }","                });","            }","            switch (event && event.currentTarget && event.currentTarget.id) {","            case 'testRunButton1':","                // show tests","                if (document.querySelector('#testReportDiv1').style.display === 'none') {","                    document.querySelector('#testReportDiv1').style.display = 'block';","                    document.querySelector('#testRunButton1').textContent =","                        'hide internal test';","                    local.modeTest = true;","                    local.testRunDefault(local);","                // hide tests","                } else {","                    document.querySelector('#testReportDiv1').style.display = 'none';","                    document.querySelector('#testRunButton1').textContent = 'run internal test';","                }","                break;","            // custom-case","            default:","                break;","            }","            if (document.querySelector('#inputTextareaEval1') && (!event || (event &&","                    event.currentTarget &&","                    event.currentTarget.className &&","                    event.currentTarget.className.includes &&","                    event.currentTarget.className.includes('oneval')))) {","                // try to eval input-code","                try {","                    /*jslint evil: true*/","                    eval(document.querySelector('#inputTextareaEval1').value);","                } catch (errorCaught) {","                    console.error(errorCaught);","                }","            }","        };","        // log stderr and stdout to #outputTextareaStdout1","        ['error', 'log'].forEach(function (key) {","            console[key + '_original'] = console[key];","            console[key] = function () {","                var element;","                console[key + '_original'].apply(console, arguments);","                element = document.querySelector('#outputTextareaStdout1');","                if (!element) {","                    return;","                }","                // append text to #outputTextareaStdout1","                element.value += Array.from(arguments).map(function (arg) {","                    return typeof arg === 'string'","                        ? arg","                        : JSON.stringify(arg, null, 4);","                }).join(' ') + '\\n';","                // scroll textarea to bottom","                element.scrollTop = element.scrollHeight;","            };","        });","        // init event-handling","        ['change', 'click', 'keyup'].forEach(function (event) {","            Array.from(document.querySelectorAll('.on' + event)).forEach(function (element) {","                element.addEventListener(event, local.testRunBrowser);","            });","        });","        // run tests","        local.testRunBrowser();","        break;","","","","    // run node js-env code - post-init","    /* istanbul ignore next */","    case 'node':","        // export local","        module.exports = local;","        // require modules","        local.fs = require('fs');","        local.http = require('http');","        local.url = require('url');","        // init assets","        local.assetsDict = local.assetsDict || {};","        /* jslint-ignore-begin */","        local.assetsDict['/assets.index.template.html'] = '\\","<!doctype html>\\n\\","<html lang=\"en\">\\n\\","<head>\\n\\","<meta charset=\"UTF-8\">\\n\\","<meta name=\"viewport\" content=\"width=device-width, initial-scale=1\">\\n\\","<title>{{env.npm_package_name}} (v{{env.npm_package_version}})</title>\\n\\","<style>\\n\\","/*csslint\\n\\","    box-sizing: false,\\n\\","    universal-selector: false\\n\\","*/\\n\\","* {\\n\\","    box-sizing: border-box;\\n\\","}\\n\\","body {\\n\\","    background: #dde;\\n\\","    font-family: Arial, Helvetica, sans-serif;\\n\\","    margin: 2rem;\\n\\","}\\n\\","body > * {\\n\\","    margin-bottom: 1rem;\\n\\","}\\n\\",".utility2FooterDiv {\\n\\","    margin-top: 20px;\\n\\","    text-align: center;\\n\\","}\\n\\","</style>\\n\\","<style>\\n\\","/*csslint\\n\\","*/\\n\\","textarea {\\n\\","    font-family: monospace;\\n\\","    height: 10rem;\\n\\","    width: 100%;\\n\\","}\\n\\","textarea[readonly] {\\n\\","    background: #ddd;\\n\\","}\\n\\","</style>\\n\\","</head>\\n\\","<body>\\n\\","<!-- utility2-comment\\n\\","<div id=\"ajaxProgressDiv1\" style=\"background: #d00; height: 2px; left: 0; margin: 0; padding: 0; position: fixed; top: 0; transition: background 0.5s, width 1.5s; width: 25%;\"></div>\\n\\","utility2-comment -->\\n\\","<h1>\\n\\","<!-- utility2-comment\\n\\","    <a\\n\\","        {{#if env.npm_package_homepage}}\\n\\","        href=\"{{env.npm_package_homepage}}\"\\n\\","        {{/if env.npm_package_homepage}}\\n\\","        target=\"_blank\"\\n\\","    >\\n\\","utility2-comment -->\\n\\","        {{env.npm_package_name}} (v{{env.npm_package_version}})\\n\\","<!-- utility2-comment\\n\\","    </a>\\n\\","utility2-comment -->\\n\\","</h1>\\n\\","<h3>{{env.npm_package_description}}</h3>\\n\\","<!-- utility2-comment\\n\\","<h4><a download href=\"assets.app.js\">download standalone app</a></h4>\\n\\","<button class=\"onclick onreset\" id=\"testRunButton1\">run internal test</button><br>\\n\\","<div id=\"testReportDiv1\" style=\"display: none;\"></div>\\n\\","utility2-comment -->\\n\\","\\n\\","\\n\\","\\n\\","<label>stderr and stdout</label>\\n\\","<textarea class=\"resettable\" id=\"outputTextareaStdout1\" readonly></textarea>\\n\\","<!-- utility2-comment\\n\\","{{#if isRollup}}\\n\\","<script src=\"assets.app.js\"></script>\\n\\","{{#unless isRollup}}\\n\\","utility2-comment -->\\n\\","<script src=\"assets.utility2.rollup.js\"></script>\\n\\","<script src=\"jsonp.utility2._stateInit?callback=window.utility2._stateInit\"></script>\\n\\","<script src=\"assets.npmtest_react_google_maps.rollup.js\"></script>\\n\\","<script src=\"assets.example.js\"></script>\\n\\","<script src=\"assets.test.js\"></script>\\n\\","<!-- utility2-comment\\n\\","{{/if isRollup}}\\n\\","utility2-comment -->\\n\\","<div class=\"utility2FooterDiv\">\\n\\","    [ this app was created with\\n\\","    <a href=\"https://github.com/kaizhu256/node-utility2\" target=\"_blank\">utility2</a>\\n\\","    ]\\n\\","</div>\\n\\","</body>\\n\\","</html>\\n\\","';","        /* jslint-ignore-end */","        if (local.templateRender) {","            local.assetsDict['/'] = local.templateRender(","                local.assetsDict['/assets.index.template.html'],","                {","                    env: local.objectSetDefault(local.env, {","                        npm_package_description: 'the greatest app in the world!',","                        npm_package_name: 'my-app',","                        npm_package_nameAlias: 'my_app',","                        npm_package_version: '0.0.1'","                    })","                }","            );","        } else {","            local.assetsDict['/'] = local.assetsDict['/assets.index.template.html']","                .replace((/\\{\\{env\\.(\\w+?)\\}\\}/g), function (match0, match1) {","                    // jslint-hack","                    String(match0);","                    switch (match1) {","                    case 'npm_package_description':","                        return 'the greatest app in the world!';","                    case 'npm_package_name':","                        return 'my-app';","                    case 'npm_package_nameAlias':","                        return 'my_app';","                    case 'npm_package_version':","                        return '0.0.1';","                    }","                });","        }","        // run the cli","        if (local.global.utility2_rollup || module !== require.main) {","            break;","        }","        local.assetsDict['/assets.example.js'] =","            local.assetsDict['/assets.example.js'] ||","            local.fs.readFileSync(__filename, 'utf8');","        local.assetsDict['/assets.npmtest_react_google_maps.rollup.js'] =","            local.assetsDict['/assets.npmtest_react_google_maps.rollup.js'] ||","            local.fs.readFileSync(","                // buildCustomOrg-hack","                local.npmtest_react_google_maps.__dirname +","                    '/lib.npmtest_react_google_maps.js',","                'utf8'","            ).replace((/^#!/), '//');","        local.assetsDict['/favicon.ico'] = local.assetsDict['/favicon.ico'] || '';","        // if $npm_config_timeout_exit exists,","        // then exit this process after $npm_config_timeout_exit ms","        if (Number(process.env.npm_config_timeout_exit)) {","            setTimeout(process.exit, Number(process.env.npm_config_timeout_exit));","        }","        // start server","        if (local.global.utility2_serverHttp1) {","            break;","        }","        process.env.PORT = process.env.PORT || '8081';","        console.error('server starting on port ' + process.env.PORT);","        local.http.createServer(function (request, response) {","            request.urlParsed = local.url.parse(request.url);","            if (local.assetsDict[request.urlParsed.pathname] !== undefined) {","                response.end(local.assetsDict[request.urlParsed.pathname]);","                return;","            }","            response.statusCode = 404;","            response.end();","        }).listen(process.env.PORT);","        break;","    }","}());",""],"l":{"26":2,"28":2,"33":2,"35":2,"37":2,"38":2,"39":2,"44":1,"51":2,"55":2,"59":2,"61":2,"69":1,"70":2,"76":2,"79":2,"82":2,"83":2,"85":1,"89":2,"92":1,"93":1,"94":1,"96":1,"97":1,"100":1,"101":1,"103":1,"106":1,"108":2,"114":1,"116":1,"118":1,"123":1,"124":2,"125":2,"126":2,"127":2,"128":2,"129":2,"130":1,"133":2,"134":2,"139":2,"143":1,"144":3,"145":1,"149":1,"150":1,"158":1,"160":1,"161":1,"162":1,"164":1,"166":1,"258":1,"259":1,"271":1,"274":6,"275":6,"277":1,"279":2,"281":1,"283":2,"288":1,"289":1,"291":1,"294":1,"302":1,"305":1,"306":1,"309":1,"310":1,"312":1,"313":1,"314":1,"315":1,"316":1,"317":1,"318":1,"320":1,"321":1,"323":1}},"/home/travis/build/npmtest/node-npmtest-react-google-maps/node_modules/react-google-maps/lib/index.js":{"path":"/home/travis/build/npmtest/node-npmtest-react-google-maps/node_modules/react-google-maps/lib/index.js","s":{"1":1,"2":1,"3":13,"4":1,"5":1,"6":1,"7":1,"8":1,"9":1,"10":1,"11":1,"12":1,"13":1,"14":1,"15":1,"16":1,"17":1,"18":1,"19":1,"20":1,"21":1,"22":1,"23":1,"24":1,"25":1,"26":1,"27":1,"28":1,"29":1},"b":{"1":[0,13],"2":[13,13]},"f":{"1":13},"fnMap":{"1":{"name":"_interopRequire","line":7,"loc":{"start":{"line":7,"column":0},"end":{"line":7,"column":30}}}},"statementMap":{"1":{"start":{"line":3,"column":0},"end":{"line":5,"column":3}},"2":{"start":{"line":7,"column":0},"end":{"line":7,"column":86}},"3":{"start":{"line":7,"column":32},"end":{"line":7,"column":84}},"4":{"start":{"line":9,"column":0},"end":{"line":9,"column":52}},"5":{"start":{"line":11,"column":0},"end":{"line":11,"column":60}},"6":{"start":{"line":13,"column":0},"end":{"line":13,"column":40}},"7":{"start":{"line":15,"column":0},"end":{"line":15,"column":48}},"8":{"start":{"line":17,"column":0},"end":{"line":17,"column":34}},"9":{"start":{"line":19,"column":0},"end":{"line":19,"column":42}},"10":{"start":{"line":21,"column":0},"end":{"line":21,"column":58}},"11":{"start":{"line":23,"column":0},"end":{"line":23,"column":66}},"12":{"start":{"line":25,"column":0},"end":{"line":25,"column":50}},"13":{"start":{"line":27,"column":0},"end":{"line":27,"column":58}},"14":{"start":{"line":29,"column":0},"end":{"line":29,"column":42}},"15":{"start":{"line":31,"column":0},"end":{"line":31,"column":50}},"16":{"start":{"line":33,"column":0},"end":{"line":33,"column":38}},"17":{"start":{"line":35,"column":0},"end":{"line":35,"column":46}},"18":{"start":{"line":37,"column":0},"end":{"line":37,"column":34}},"19":{"start":{"line":39,"column":0},"end":{"line":39,"column":42}},"20":{"start":{"line":41,"column":0},"end":{"line":41,"column":44}},"21":{"start":{"line":43,"column":0},"end":{"line":43,"column":52}},"22":{"start":{"line":45,"column":0},"end":{"line":45,"column":36}},"23":{"start":{"line":47,"column":0},"end":{"line":47,"column":44}},"24":{"start":{"line":49,"column":0},"end":{"line":49,"column":38}},"25":{"start":{"line":51,"column":0},"end":{"line":51,"column":46}},"26":{"start":{"line":53,"column":0},"end":{"line":53,"column":40}},"27":{"start":{"line":55,"column":0},"end":{"line":55,"column":48}},"28":{"start":{"line":57,"column":0},"end":{"line":57,"column":40}},"29":{"start":{"line":59,"column":0},"end":{"line":59,"column":48}}},"branchMap":{"1":{"line":7,"type":"cond-expr","locations":[{"start":{"line":7,"column":63},"end":{"line":7,"column":77}},{"start":{"line":7,"column":80},"end":{"line":7,"column":83}}]},"2":{"line":7,"type":"binary-expr","locations":[{"start":{"line":7,"column":39},"end":{"line":7,"column":42}},{"start":{"line":7,"column":46},"end":{"line":7,"column":60}}]}},"code":["\"use strict\";","","Object.defineProperty(exports, \"__esModule\", {","  value: true","});","","function _interopRequire(obj) { return obj && obj.__esModule ? obj[\"default\"] : obj; }","","var _GoogleMapLoader = require(\"./GoogleMapLoader\");","","exports.GoogleMapLoader = _interopRequire(_GoogleMapLoader);","","var _GoogleMap = require(\"./GoogleMap\");","","exports.GoogleMap = _interopRequire(_GoogleMap);","","var _Circle = require(\"./Circle\");","","exports.Circle = _interopRequire(_Circle);","","var _DirectionsRenderer = require(\"./DirectionsRenderer\");","","exports.DirectionsRenderer = _interopRequire(_DirectionsRenderer);","","var _DrawingManager = require(\"./DrawingManager\");","","exports.DrawingManager = _interopRequire(_DrawingManager);","","var _InfoWindow = require(\"./InfoWindow\");","","exports.InfoWindow = _interopRequire(_InfoWindow);","","var _KmlLayer = require(\"./KmlLayer\");","","exports.KmlLayer = _interopRequire(_KmlLayer);","","var _Marker = require(\"./Marker\");","","exports.Marker = _interopRequire(_Marker);","","var _OverlayView = require(\"./OverlayView\");","","exports.OverlayView = _interopRequire(_OverlayView);","","var _Polygon = require(\"./Polygon\");","","exports.Polygon = _interopRequire(_Polygon);","","var _Polyline = require(\"./Polyline\");","","exports.Polyline = _interopRequire(_Polyline);","","var _Rectangle = require(\"./Rectangle\");","","exports.Rectangle = _interopRequire(_Rectangle);","","var _SearchBox = require(\"./SearchBox\");","","exports.SearchBox = _interopRequire(_SearchBox);"],"l":{"3":1,"7":13,"9":1,"11":1,"13":1,"15":1,"17":1,"19":1,"21":1,"23":1,"25":1,"27":1,"29":1,"31":1,"33":1,"35":1,"37":1,"39":1,"41":1,"43":1,"45":1,"47":1,"49":1,"51":1,"53":1,"55":1,"57":1,"59":1}},"/home/travis/build/npmtest/node-npmtest-react-google-maps/node_modules/react-google-maps/lib/GoogleMapLoader.js":{"path":"/home/travis/build/npmtest/node-npmtest-react-google-maps/node_modules/react-google-maps/lib/GoogleMapLoader.js","s":{"1":1,"2":1,"3":1,"4":2,"5":5,"6":5,"7":5,"8":5,"9":5,"10":5,"11":1,"12":1,"13":1,"14":1,"15":1,"16":1,"17":1,"18":0,"19":0,"20":0,"21":0,"22":0,"23":0,"24":0,"25":0,"26":0,"27":0,"28":0,"29":0,"30":0,"31":0,"32":0,"33":0,"34":0,"35":0,"36":0,"37":0,"38":0,"39":0,"40":0,"41":0,"42":1,"43":2,"44":1,"45":0,"46":0,"47":0,"48":0,"49":0,"50":0,"51":0,"52":0,"53":1,"54":0,"55":0,"56":1,"57":1,"58":0,"59":1,"60":1,"61":1,"62":1,"63":1,"64":1,"65":1,"66":1,"67":1,"68":1,"69":1,"70":0,"71":0,"72":0,"73":1,"74":0,"75":0,"76":0,"77":0,"78":0,"79":0,"80":0,"81":0,"82":0,"83":0,"84":1,"85":1,"86":1},"b":{"1":[5,3],"2":[5,0],"3":[1,0],"4":[1,0],"5":[0,0],"6":[0,0],"7":[0,0],"8":[0,0],"9":[0,0],"10":[1,1],"11":[2,2],"12":[0,0],"13":[0,0],"14":[0,0],"15":[0,1],"16":[1,0],"17":[1,1],"18":[1,0],"19":[1,0],"20":[0,0],"21":[0,0],"22":[0,0]},"f":{"1":1,"2":2,"3":1,"4":0,"5":2,"6":0,"7":0,"8":1,"9":1,"10":0,"11":0,"12":0,"13":0},"fnMap":{"1":{"name":"(anonymous_1)","line":7,"loc":{"start":{"line":7,"column":20},"end":{"line":7,"column":32}}},"2":{"name":"defineProperties","line":7,"loc":{"start":{"line":7,"column":34},"end":{"line":7,"column":75}}},"3":{"name":"(anonymous_3)","line":7,"loc":{"start":{"line":7,"column":358},"end":{"line":7,"column":406}}},"4":{"name":"get","line":9,"loc":{"start":{"line":9,"column":11},"end":{"line":9,"column":38}}},"5":{"name":"_interopRequireDefault","line":11,"loc":{"start":{"line":11,"column":0},"end":{"line":11,"column":37}}},"6":{"name":"_objectWithoutProperties","line":13,"loc":{"start":{"line":13,"column":0},"end":{"line":13,"column":45}}},"7":{"name":"_classCallCheck","line":15,"loc":{"start":{"line":15,"column":0},"end":{"line":15,"column":48}}},"8":{"name":"_inherits","line":17,"loc":{"start":{"line":17,"column":0},"end":{"line":17,"column":41}}},"9":{"name":"(anonymous_9)","line":29,"loc":{"start":{"line":29,"column":23},"end":{"line":29,"column":45}}},"10":{"name":"GoogleMapLoader","line":32,"loc":{"start":{"line":32,"column":2},"end":{"line":32,"column":29}}},"11":{"name":"mountGoogleMap","line":44,"loc":{"start":{"line":44,"column":11},"end":{"line":44,"column":42}}},"12":{"name":"renderChild","line":62,"loc":{"start":{"line":62,"column":11},"end":{"line":62,"column":34}}},"13":{"name":"render","line":83,"loc":{"start":{"line":83,"column":11},"end":{"line":83,"column":29}}}},"statementMap":{"1":{"start":{"line":3,"column":0},"end":{"line":5,"column":3}},"2":{"start":{"line":7,"column":0},"end":{"line":7,"column":566}},"3":{"start":{"line":7,"column":34},"end":{"line":7,"column":350}},"4":{"start":{"line":7,"column":77},"end":{"line":7,"column":348}},"5":{"start":{"line":7,"column":118},"end":{"line":7,"column":144}},"6":{"start":{"line":7,"column":145},"end":{"line":7,"column":200}},"7":{"start":{"line":7,"column":201},"end":{"line":7,"column":232}},"8":{"start":{"line":7,"column":233},"end":{"line":7,"column":287}},"9":{"start":{"line":7,"column":260},"end":{"line":7,"column":287}},"10":{"start":{"line":7,"column":288},"end":{"line":7,"column":346}},"11":{"start":{"line":7,"column":351},"end":{"line":7,"column":560}},"12":{"start":{"line":7,"column":408},"end":{"line":7,"column":476}},"13":{"start":{"line":7,"column":424},"end":{"line":7,"column":476}},"14":{"start":{"line":7,"column":477},"end":{"line":7,"column":537}},"15":{"start":{"line":7,"column":494},"end":{"line":7,"column":537}},"16":{"start":{"line":7,"column":538},"end":{"line":7,"column":557}},"17":{"start":{"line":9,"column":0},"end":{"line":9,"column":658}},"18":{"start":{"line":9,"column":40},"end":{"line":9,"column":58}},"19":{"start":{"line":9,"column":59},"end":{"line":9,"column":655}},"20":{"start":{"line":9,"column":70},"end":{"line":9,"column":655}},"21":{"start":{"line":9,"column":87},"end":{"line":9,"column":135}},"22":{"start":{"line":9,"column":136},"end":{"line":9,"column":151}},"23":{"start":{"line":9,"column":152},"end":{"line":9,"column":201}},"24":{"start":{"line":9,"column":173},"end":{"line":9,"column":201}},"25":{"start":{"line":9,"column":202},"end":{"line":9,"column":263}},"26":{"start":{"line":9,"column":264},"end":{"line":9,"column":653}},"27":{"start":{"line":9,"column":290},"end":{"line":9,"column":333}},"28":{"start":{"line":9,"column":334},"end":{"line":9,"column":492}},"29":{"start":{"line":9,"column":357},"end":{"line":9,"column":374}},"30":{"start":{"line":9,"column":384},"end":{"line":9,"column":396}},"31":{"start":{"line":9,"column":397},"end":{"line":9,"column":412}},"32":{"start":{"line":9,"column":413},"end":{"line":9,"column":428}},"33":{"start":{"line":9,"column":429},"end":{"line":9,"column":443}},"34":{"start":{"line":9,"column":444},"end":{"line":9,"column":470}},"35":{"start":{"line":9,"column":471},"end":{"line":9,"column":490}},"36":{"start":{"line":9,"column":500},"end":{"line":9,"column":653}},"37":{"start":{"line":9,"column":523},"end":{"line":9,"column":541}},"38":{"start":{"line":9,"column":551},"end":{"line":9,"column":573}},"39":{"start":{"line":9,"column":574},"end":{"line":9,"column":621}},"40":{"start":{"line":9,"column":602},"end":{"line":9,"column":619}},"41":{"start":{"line":9,"column":622},"end":{"line":9,"column":651}},"42":{"start":{"line":11,"column":0},"end":{"line":11,"column":97}},"43":{"start":{"line":11,"column":39},"end":{"line":11,"column":95}},"44":{"start":{"line":13,"column":0},"end":{"line":13,"column":220}},"45":{"start":{"line":13,"column":47},"end":{"line":13,"column":63}},"46":{"start":{"line":13,"column":64},"end":{"line":13,"column":203}},"47":{"start":{"line":13,"column":85},"end":{"line":13,"column":120}},"48":{"start":{"line":13,"column":111},"end":{"line":13,"column":120}},"49":{"start":{"line":13,"column":121},"end":{"line":13,"column":181}},"50":{"start":{"line":13,"column":172},"end":{"line":13,"column":181}},"51":{"start":{"line":13,"column":182},"end":{"line":13,"column":201}},"52":{"start":{"line":13,"column":204},"end":{"line":13,"column":218}},"53":{"start":{"line":15,"column":0},"end":{"line":15,"column":153}},"54":{"start":{"line":15,"column":50},"end":{"line":15,"column":151}},"55":{"start":{"line":15,"column":92},"end":{"line":15,"column":149}},"56":{"start":{"line":17,"column":0},"end":{"line":17,"column":494}},"57":{"start":{"line":17,"column":43},"end":{"line":17,"column":208}},"58":{"start":{"line":17,"column":106},"end":{"line":17,"column":206}},"59":{"start":{"line":17,"column":209},"end":{"line":17,"column":373}},"60":{"start":{"line":17,"column":374},"end":{"line":17,"column":492}},"61":{"start":{"line":17,"column":390},"end":{"line":17,"column":492}},"62":{"start":{"line":19,"column":0},"end":{"line":19,"column":30}},"63":{"start":{"line":21,"column":0},"end":{"line":21,"column":45}},"64":{"start":{"line":23,"column":0},"end":{"line":23,"column":69}},"65":{"start":{"line":25,"column":0},"end":{"line":25,"column":81}},"66":{"start":{"line":27,"column":0},"end":{"line":27,"column":51}},"67":{"start":{"line":29,"column":0},"end":{"line":104,"column":21}},"68":{"start":{"line":30,"column":2},"end":{"line":30,"column":41}},"69":{"start":{"line":32,"column":2},"end":{"line":40,"column":3}},"70":{"start":{"line":33,"column":4},"end":{"line":33,"column":43}},"71":{"start":{"line":35,"column":4},"end":{"line":35,"column":103}},"72":{"start":{"line":37,"column":4},"end":{"line":39,"column":6}},"73":{"start":{"line":42,"column":2},"end":{"line":101,"column":6}},"74":{"start":{"line":45,"column":6},"end":{"line":47,"column":7}},"75":{"start":{"line":46,"column":8},"end":{"line":46,"column":15}},"76":{"start":{"line":48,"column":6},"end":{"line":48,"column":76}},"77":{"start":{"line":49,"column":6},"end":{"line":49,"column":60}},"78":{"start":{"line":51,"column":6},"end":{"line":51,"column":91}},"79":{"start":{"line":57,"column":6},"end":{"line":57,"column":81}},"80":{"start":{"line":58,"column":6},"end":{"line":58,"column":34}},"81":{"start":{"line":63,"column":6},"end":{"line":79,"column":7}},"82":{"start":{"line":74,"column":8},"end":{"line":78,"column":11}},"83":{"start":{"line":84,"column":6},"end":{"line":86,"column":29}},"84":{"start":{"line":103,"column":2},"end":{"line":103,"column":25}},"85":{"start":{"line":106,"column":0},"end":{"line":106,"column":37}},"86":{"start":{"line":107,"column":0},"end":{"line":107,"column":36}}},"branchMap":{"1":{"line":7,"type":"binary-expr","locations":[{"start":{"line":7,"column":169},"end":{"line":7,"column":190}},{"start":{"line":7,"column":194},"end":{"line":7,"column":199}}]},"2":{"line":7,"type":"if","locations":[{"start":{"line":7,"column":233},"end":{"line":7,"column":233}},{"start":{"line":7,"column":233},"end":{"line":7,"column":233}}]},"3":{"line":7,"type":"if","locations":[{"start":{"line":7,"column":408},"end":{"line":7,"column":408}},{"start":{"line":7,"column":408},"end":{"line":7,"column":408}}]},"4":{"line":7,"type":"if","locations":[{"start":{"line":7,"column":477},"end":{"line":7,"column":477}},{"start":{"line":7,"column":477},"end":{"line":7,"column":477}}]},"5":{"line":9,"type":"if","locations":[{"start":{"line":9,"column":152},"end":{"line":9,"column":152}},{"start":{"line":9,"column":152},"end":{"line":9,"column":152}}]},"6":{"line":9,"type":"if","locations":[{"start":{"line":9,"column":264},"end":{"line":9,"column":264}},{"start":{"line":9,"column":264},"end":{"line":9,"column":264}}]},"7":{"line":9,"type":"if","locations":[{"start":{"line":9,"column":334},"end":{"line":9,"column":334}},{"start":{"line":9,"column":334},"end":{"line":9,"column":334}}]},"8":{"line":9,"type":"if","locations":[{"start":{"line":9,"column":500},"end":{"line":9,"column":500}},{"start":{"line":9,"column":500},"end":{"line":9,"column":500}}]},"9":{"line":9,"type":"if","locations":[{"start":{"line":9,"column":574},"end":{"line":9,"column":574}},{"start":{"line":9,"column":574},"end":{"line":9,"column":574}}]},"10":{"line":11,"type":"cond-expr","locations":[{"start":{"line":11,"column":70},"end":{"line":11,"column":73}},{"start":{"line":11,"column":76},"end":{"line":11,"column":94}}]},"11":{"line":11,"type":"binary-expr","locations":[{"start":{"line":11,"column":46},"end":{"line":11,"column":49}},{"start":{"line":11,"column":53},"end":{"line":11,"column":67}}]},"12":{"line":13,"type":"if","locations":[{"start":{"line":13,"column":85},"end":{"line":13,"column":85}},{"start":{"line":13,"column":85},"end":{"line":13,"column":85}}]},"13":{"line":13,"type":"if","locations":[{"start":{"line":13,"column":121},"end":{"line":13,"column":121}},{"start":{"line":13,"column":121},"end":{"line":13,"column":121}}]},"14":{"line":15,"type":"if","locations":[{"start":{"line":15,"column":50},"end":{"line":15,"column":50}},{"start":{"line":15,"column":50},"end":{"line":15,"column":50}}]},"15":{"line":17,"type":"if","locations":[{"start":{"line":17,"column":43},"end":{"line":17,"column":43}},{"start":{"line":17,"column":43},"end":{"line":17,"column":43}}]},"16":{"line":17,"type":"binary-expr","locations":[{"start":{"line":17,"column":47},"end":{"line":17,"column":79}},{"start":{"line":17,"column":83},"end":{"line":17,"column":102}}]},"17":{"line":17,"type":"binary-expr","locations":[{"start":{"line":17,"column":244},"end":{"line":17,"column":254}},{"start":{"line":17,"column":258},"end":{"line":17,"column":278}}]},"18":{"line":17,"type":"if","locations":[{"start":{"line":17,"column":374},"end":{"line":17,"column":374}},{"start":{"line":17,"column":374},"end":{"line":17,"column":374}}]},"19":{"line":17,"type":"cond-expr","locations":[{"start":{"line":17,"column":414},"end":{"line":17,"column":457}},{"start":{"line":17,"column":460},"end":{"line":17,"column":491}}]},"20":{"line":45,"type":"if","locations":[{"start":{"line":45,"column":6},"end":{"line":45,"column":6}},{"start":{"line":45,"column":6},"end":{"line":45,"column":6}}]},"21":{"line":45,"type":"binary-expr","locations":[{"start":{"line":45,"column":10},"end":{"line":45,"column":24}},{"start":{"line":45,"column":28},"end":{"line":45,"column":42}}]},"22":{"line":63,"type":"if","locations":[{"start":{"line":63,"column":6},"end":{"line":63,"column":6}},{"start":{"line":63,"column":6},"end":{"line":63,"column":6}}]}},"code":["\"use strict\";","","Object.defineProperty(exports, \"__esModule\", {","  value: true","});","","var _createClass = (function () { function defineProperties(target, props) { for (var i = 0; i < props.length; i++) { var descriptor = props[i]; descriptor.enumerable = descriptor.enumerable || false; descriptor.configurable = true; if (\"value\" in descriptor) descriptor.writable = true; Object.defineProperty(target, descriptor.key, descriptor); } } return function (Constructor, protoProps, staticProps) { if (protoProps) defineProperties(Constructor.prototype, protoProps); if (staticProps) defineProperties(Constructor, staticProps); return Constructor; }; })();","","var _get = function get(_x, _x2, _x3) { var _again = true; _function: while (_again) { var object = _x, property = _x2, receiver = _x3; _again = false; if (object === null) object = Function.prototype; var desc = Object.getOwnPropertyDescriptor(object, property); if (desc === undefined) { var parent = Object.getPrototypeOf(object); if (parent === null) { return undefined; } else { _x = parent; _x2 = property; _x3 = receiver; _again = true; desc = parent = undefined; continue _function; } } else if (\"value\" in desc) { return desc.value; } else { var getter = desc.get; if (getter === undefined) { return undefined; } return getter.call(receiver); } } };","","function _interopRequireDefault(obj) { return obj && obj.__esModule ? obj : { \"default\": obj }; }","","function _objectWithoutProperties(obj, keys) { var target = {}; for (var i in obj) { if (keys.indexOf(i) >= 0) continue; if (!Object.prototype.hasOwnProperty.call(obj, i)) continue; target[i] = obj[i]; } return target; }","","function _classCallCheck(instance, Constructor) { if (!(instance instanceof Constructor)) { throw new TypeError(\"Cannot call a class as a function\"); } }","","function _inherits(subClass, superClass) { if (typeof superClass !== \"function\" && superClass !== null) { throw new TypeError(\"Super expression must either be null or a function, not \" + typeof superClass); } subClass.prototype = Object.create(superClass && superClass.prototype, { constructor: { value: subClass, enumerable: false, writable: true, configurable: true } }); if (superClass) Object.setPrototypeOf ? Object.setPrototypeOf(subClass, superClass) : subClass.__proto__ = superClass; }","","var _react = require(\"react\");","","var _react2 = _interopRequireDefault(_react);","","var _creatorsGoogleMapHolder = require(\"./creators/GoogleMapHolder\");","","var _creatorsGoogleMapHolder2 = _interopRequireDefault(_creatorsGoogleMapHolder);","","var USE_NEW_BEHAVIOR_TAG_NAME = \"__new_behavior__\"; /* CIRCULAR_DEPENDENCY */","","var GoogleMapLoader = (function (_Component) {","  _inherits(GoogleMapLoader, _Component);","","  function GoogleMapLoader() {","    _classCallCheck(this, GoogleMapLoader);","","    _get(Object.getPrototypeOf(GoogleMapLoader.prototype), \"constructor\", this).apply(this, arguments);","","    this.state = {","      map: null","    };","  }","","  _createClass(GoogleMapLoader, [{","    key: \"mountGoogleMap\",","    value: function mountGoogleMap(domEl) {","      if (this.state.map || domEl === null) {","        return;","      }","      var _props$googleMapElement$props = this.props.googleMapElement.props;","      var children = _props$googleMapElement$props.children;","","      var mapProps = _objectWithoutProperties(_props$googleMapElement$props, [\"children\"]);","","      //","      // Create google.maps.Map instance so that dom is initialized before","      // React's children creators.","      //","      var map = _creatorsGoogleMapHolder2[\"default\"]._createMap(domEl, mapProps);","      this.setState({ map: map });","    }","  }, {","    key: \"renderChild\",","    value: function renderChild() {","      if (this.state.map) {","        // Notice: implementation details","        //","        // In this state, the DOM of google.maps.Map is already initialized in","        // my innerHTML. Adding extra React components will not clean it","        // in current version*. It will use prepend to add DOM of","        // GoogleMapHolder and become a sibling of the DOM of google.maps.Map","        // Not sure this is subject to change","        //","        // *current version: 0.13.3, 0.14.2","        //","        return _react2[\"default\"].cloneElement(this.props.googleMapElement, {","          map: this.state.map,","          // ------------ Deprecated ------------","          containerTagName: USE_NEW_BEHAVIOR_TAG_NAME","        });","      }","    }","  }, {","    key: \"render\",","    value: function render() {","      return _react2[\"default\"].cloneElement(this.props.containerElement, {","        ref: this.mountGoogleMap.bind(this)","      }, this.renderChild());","    }","  }], [{","    key: \"propTypes\",","    value: {","      containerElement: _react.PropTypes.node.isRequired,","      googleMapElement: _react.PropTypes.element.isRequired },","    enumerable: true","  }, {","    key: \"defaultProps\",","    /* CIRCULAR_DEPENDENCY. Uncomment when 5.0.0 comes: propTypesElementOfType(GoogleMap).isRequired, */","    value: {","      containerElement: _react2[\"default\"].createElement(\"div\", null)","    },","    enumerable: true","  }]);","","  return GoogleMapLoader;","})(_react.Component);","","exports[\"default\"] = GoogleMapLoader;","module.exports = exports[\"default\"];"],"l":{"3":1,"7":5,"9":1,"11":2,"13":1,"15":1,"17":1,"19":1,"21":1,"23":1,"25":1,"27":1,"29":1,"30":1,"32":1,"33":0,"35":0,"37":0,"42":1,"45":0,"46":0,"48":0,"49":0,"51":0,"57":0,"58":0,"63":0,"74":0,"84":0,"103":1,"106":1,"107":1}},"/home/travis/build/npmtest/node-npmtest-react-google-maps/node_modules/react-google-maps/lib/creators/GoogleMapHolder.js":{"path":"/home/travis/build/npmtest/node-npmtest-react-google-maps/node_modules/react-google-maps/lib/creators/GoogleMapHolder.js","s":{"1":1,"2":1,"3":1,"4":2,"5":4,"6":4,"7":4,"8":4,"9":4,"10":4,"11":1,"12":1,"13":1,"14":1,"15":1,"16":1,"17":1,"18":0,"19":0,"20":0,"21":0,"22":0,"23":0,"24":0,"25":0,"26":0,"27":0,"28":0,"29":0,"30":0,"31":0,"32":0,"33":0,"34":0,"35":0,"36":0,"37":0,"38":0,"39":0,"40":0,"41":0,"42":1,"43":7,"44":1,"45":0,"46":0,"47":1,"48":1,"49":0,"50":1,"51":1,"52":1,"53":1,"54":1,"55":1,"56":1,"57":1,"58":1,"59":1,"60":1,"61":1,"62":1,"63":1,"64":1,"65":1,"66":1,"67":1,"68":1,"69":1,"70":1,"71":1,"72":0,"73":0,"74":0,"75":0,"76":0,"77":0,"78":0,"79":1,"80":1,"81":1,"82":1,"83":1,"84":1,"85":1,"86":1,"87":0,"88":0,"89":1,"90":0,"91":0,"92":0,"93":0,"94":0,"95":0,"96":0,"97":0,"98":1,"99":1,"100":1,"101":1},"b":{"1":[4,3],"2":[4,0],"3":[1,0],"4":[1,0],"5":[0,0],"6":[0,0],"7":[0,0],"8":[0,0],"9":[0,0],"10":[0,7],"11":[7,7],"12":[0,0],"13":[0,1],"14":[1,0],"15":[1,1],"16":[1,0],"17":[1,0],"18":[0,0],"19":[1,0]},"f":{"1":1,"2":2,"3":1,"4":0,"5":7,"6":0,"7":1,"8":0,"9":0,"10":0,"11":0,"12":0,"13":0,"14":0,"15":1,"16":0,"17":0,"18":0,"19":0,"20":0},"fnMap":{"1":{"name":"(anonymous_1)","line":7,"loc":{"start":{"line":7,"column":20},"end":{"line":7,"column":32}}},"2":{"name":"defineProperties","line":7,"loc":{"start":{"line":7,"column":34},"end":{"line":7,"column":75}}},"3":{"name":"(anonymous_3)","line":7,"loc":{"start":{"line":7,"column":358},"end":{"line":7,"column":406}}},"4":{"name":"get","line":9,"loc":{"start":{"line":9,"column":11},"end":{"line":9,"column":38}}},"5":{"name":"_interopRequireDefault","line":11,"loc":{"start":{"line":11,"column":0},"end":{"line":11,"column":37}}},"6":{"name":"_classCallCheck","line":13,"loc":{"start":{"line":13,"column":0},"end":{"line":13,"column":48}}},"7":{"name":"_inherits","line":15,"loc":{"start":{"line":15,"column":0},"end":{"line":15,"column":41}}},"8":{"name":"center","line":67,"loc":{"start":{"line":67,"column":10},"end":{"line":67,"column":46}}},"9":{"name":"heading","line":70,"loc":{"start":{"line":70,"column":11},"end":{"line":70,"column":49}}},"10":{"name":"mapTypeId","line":73,"loc":{"start":{"line":73,"column":13},"end":{"line":73,"column":55}}},"11":{"name":"options","line":76,"loc":{"start":{"line":76,"column":11},"end":{"line":76,"column":49}}},"12":{"name":"streetView","line":79,"loc":{"start":{"line":79,"column":14},"end":{"line":79,"column":58}}},"13":{"name":"tilt","line":82,"loc":{"start":{"line":82,"column":8},"end":{"line":82,"column":40}}},"14":{"name":"zoom","line":85,"loc":{"start":{"line":85,"column":8},"end":{"line":85,"column":40}}},"15":{"name":"(anonymous_15)","line":98,"loc":{"start":{"line":98,"column":23},"end":{"line":98,"column":45}}},"16":{"name":"GoogleMapHolder","line":101,"loc":{"start":{"line":101,"column":2},"end":{"line":101,"column":29}}},"17":{"name":"getMap","line":109,"loc":{"start":{"line":109,"column":11},"end":{"line":109,"column":29}}},"18":{"name":"render","line":114,"loc":{"start":{"line":114,"column":11},"end":{"line":114,"column":29}}},"19":{"name":"(anonymous_19)","line":120,"loc":{"start":{"line":120,"column":49},"end":{"line":120,"column":73}}},"20":{"name":"_createMap","line":133,"loc":{"start":{"line":133,"column":11},"end":{"line":133,"column":48}}}},"statementMap":{"1":{"start":{"line":3,"column":0},"end":{"line":5,"column":3}},"2":{"start":{"line":7,"column":0},"end":{"line":7,"column":566}},"3":{"start":{"line":7,"column":34},"end":{"line":7,"column":350}},"4":{"start":{"line":7,"column":77},"end":{"line":7,"column":348}},"5":{"start":{"line":7,"column":118},"end":{"line":7,"column":144}},"6":{"start":{"line":7,"column":145},"end":{"line":7,"column":200}},"7":{"start":{"line":7,"column":201},"end":{"line":7,"column":232}},"8":{"start":{"line":7,"column":233},"end":{"line":7,"column":287}},"9":{"start":{"line":7,"column":260},"end":{"line":7,"column":287}},"10":{"start":{"line":7,"column":288},"end":{"line":7,"column":346}},"11":{"start":{"line":7,"column":351},"end":{"line":7,"column":560}},"12":{"start":{"line":7,"column":408},"end":{"line":7,"column":476}},"13":{"start":{"line":7,"column":424},"end":{"line":7,"column":476}},"14":{"start":{"line":7,"column":477},"end":{"line":7,"column":537}},"15":{"start":{"line":7,"column":494},"end":{"line":7,"column":537}},"16":{"start":{"line":7,"column":538},"end":{"line":7,"column":557}},"17":{"start":{"line":9,"column":0},"end":{"line":9,"column":658}},"18":{"start":{"line":9,"column":40},"end":{"line":9,"column":58}},"19":{"start":{"line":9,"column":59},"end":{"line":9,"column":655}},"20":{"start":{"line":9,"column":70},"end":{"line":9,"column":655}},"21":{"start":{"line":9,"column":87},"end":{"line":9,"column":135}},"22":{"start":{"line":9,"column":136},"end":{"line":9,"column":151}},"23":{"start":{"line":9,"column":152},"end":{"line":9,"column":201}},"24":{"start":{"line":9,"column":173},"end":{"line":9,"column":201}},"25":{"start":{"line":9,"column":202},"end":{"line":9,"column":263}},"26":{"start":{"line":9,"column":264},"end":{"line":9,"column":653}},"27":{"start":{"line":9,"column":290},"end":{"line":9,"column":333}},"28":{"start":{"line":9,"column":334},"end":{"line":9,"column":492}},"29":{"start":{"line":9,"column":357},"end":{"line":9,"column":374}},"30":{"start":{"line":9,"column":384},"end":{"line":9,"column":396}},"31":{"start":{"line":9,"column":397},"end":{"line":9,"column":412}},"32":{"start":{"line":9,"column":413},"end":{"line":9,"column":428}},"33":{"start":{"line":9,"column":429},"end":{"line":9,"column":443}},"34":{"start":{"line":9,"column":444},"end":{"line":9,"column":470}},"35":{"start":{"line":9,"column":471},"end":{"line":9,"column":490}},"36":{"start":{"line":9,"column":500},"end":{"line":9,"column":653}},"37":{"start":{"line":9,"column":523},"end":{"line":9,"column":541}},"38":{"start":{"line":9,"column":551},"end":{"line":9,"column":573}},"39":{"start":{"line":9,"column":574},"end":{"line":9,"column":621}},"40":{"start":{"line":9,"column":602},"end":{"line":9,"column":619}},"41":{"start":{"line":9,"column":622},"end":{"line":9,"column":651}},"42":{"start":{"line":11,"column":0},"end":{"line":11,"column":97}},"43":{"start":{"line":11,"column":39},"end":{"line":11,"column":95}},"44":{"start":{"line":13,"column":0},"end":{"line":13,"column":153}},"45":{"start":{"line":13,"column":50},"end":{"line":13,"column":151}},"46":{"start":{"line":13,"column":92},"end":{"line":13,"column":149}},"47":{"start":{"line":15,"column":0},"end":{"line":15,"column":494}},"48":{"start":{"line":15,"column":43},"end":{"line":15,"column":208}},"49":{"start":{"line":15,"column":106},"end":{"line":15,"column":206}},"50":{"start":{"line":15,"column":209},"end":{"line":15,"column":373}},"51":{"start":{"line":15,"column":374},"end":{"line":15,"column":492}},"52":{"start":{"line":15,"column":390},"end":{"line":15,"column":492}},"53":{"start":{"line":17,"column":0},"end":{"line":17,"column":30}},"54":{"start":{"line":19,"column":0},"end":{"line":19,"column":45}},"55":{"start":{"line":21,"column":0},"end":{"line":21,"column":34}},"56":{"start":{"line":23,"column":0},"end":{"line":23,"column":49}},"57":{"start":{"line":25,"column":0},"end":{"line":25,"column":80}},"58":{"start":{"line":27,"column":0},"end":{"line":27,"column":91}},"59":{"start":{"line":29,"column":0},"end":{"line":29,"column":72}},"60":{"start":{"line":31,"column":0},"end":{"line":31,"column":83}},"61":{"start":{"line":33,"column":0},"end":{"line":33,"column":72}},"62":{"start":{"line":35,"column":0},"end":{"line":35,"column":83}},"63":{"start":{"line":37,"column":0},"end":{"line":37,"column":62}},"64":{"start":{"line":39,"column":0},"end":{"line":39,"column":73}},"65":{"start":{"line":41,"column":0},"end":{"line":41,"column":88}},"66":{"start":{"line":43,"column":0},"end":{"line":43,"column":99}},"67":{"
[...]
n _unmountComponentFromMap(controlPosition) {","      var _props2 = this.props;","      var mapHolderRef = _props2.mapHolderRef;","      var inputElement = _props2.inputElement;","","      var index = mapHolderRef.getMap().controls[controlPosition].getArray().indexOf(inputElement);","      mapHolderRef.getMap().controls[controlPosition].removeAt(index);","    }","  }, {","    key: \"getSearchBox\",","    value: function getSearchBox() {","      return this.props.searchBox;","    }","  }, {","    key: \"render\",","    value: function render() {","      return _react2[\"default\"].createElement(\"noscript\", null);","    }","  }], [{","    key: \"_createSearchBox\",","    value: function _createSearchBox(inputElement, searchBoxProps) {","      var searchBox = new google.maps.places.SearchBox(inputElement, (0, _utilsComposeOptions2[\"default\"])(searchBoxProps, searchBoxControlledPropTypes));","","      return searchBox;","    }","  }, {","    key: \"propTypes\",","    value: {","      mapHolderRef: _react.PropTypes.instanceOf(_GoogleMapHolder2[\"default\"]).isRequired,","      searchBox: _react.PropTypes.object.isRequired","    },","    enumerable: true","  }]);","","  var _SearchBoxCreator = SearchBoxCreator;","  SearchBoxCreator = (0, _utilsComponentLifecycleDecorator2[\"default\"])({","    registerEvents: registerEvents,","    instanceMethodName: \"getSearchBox\",","    updaters: searchBoxUpdaters","  })(SearchBoxCreator) || SearchBoxCreator;","  return SearchBoxCreator;","})(_react.Component);","","exports[\"default\"] = SearchBoxCreator;"],"l":{"3":1,"7":9,"9":1,"11":7,"13":1,"15":1,"17":1,"19":1,"21":1,"23":1,"25":1,"27":1,"29":1,"31":1,"33":1,"35":1,"37":1,"39":1,"41":1,"43":1,"45":1,"53":1,"54":1,"56":1,"57":1,"59":0,"63":1,"65":1,"66":1,"67":1,"69":1,"71":1,"72":1,"74":1,"75":0,"77":0,"80":1,"83":0,"88":0,"89":0,"90":0,"96":0,"101":0,"102":0,"103":0,"105":0,"110":0,"111":0,"112":0,"114":0,"115":0,"120":0,"125":0,"130":0,"132":0,"143":1,"144":1,"149":1,"152":1}},"/home/travis/build/npmtest/node-npmtest-react-google-maps/node_modules/react-google-maps/lib/eventLists/SearchBoxEventList.js":{"path":"/home/travis/build/npmtest/node-npmtest-react-google-maps/node_modules/react-google-maps/lib/eventLists/SearchBoxEventList.js","s":{"1":1,"2":1,"3":1},"b":{},"f":{},"fnMap":{},"statementMap":{"1":{"start":{"line":5,"column":0},"end":{"line":7,"column":3}},"2":{"start":{"line":8,"column":0},"end":{"line":8,"column":40}},"3":{"start":{"line":9,"column":0},"end":{"line":9,"column":36}}},"branchMap":{},"code":["// https://developers.google.com/maps/documentation/javascript/3.exp/reference#SearchBox","// [].map.call($0.querySelectorAll(\"tr>td>code\"), function(it){ return it.textContent; })","\"use strict\";","","Object.defineProperty(exports, \"__esModule\", {","  value: true","});","exports[\"default\"] = [\"places_changed\"];","module.exports = exports[\"default\"];"],"l":{"5":1,"8":1,"9":1}},"/home/travis/build/npmtest/node-npmtest-react-google-maps/node_modules/react-google-maps/lib/_Skeleton.js":{"path":"/home/travis/build/npmtest/node-npmtest-react-google-maps/node_modules/react-google-maps/lib/_Skeleton.js","s":{"1":2,"2":2,"3":0,"4":0,"5":0,"6":0,"7":0,"8":0,"9":2,"10":1,"11":0,"12":0,"13":0,"14":0,"15":0,"16":0,"17":0,"18":2,"19":0,"20":0,"21":0,"22":0,"23":0,"24":2,"25":0,"26":0,"27":0,"28":0,"29":0,"30":0,"31":0,"32":0,"33":0,"34":0,"35":0,"36":0,"37":0,"38":0,"39":0,"40":0,"41":0,"42":0,"43":0,"44":0,"45":0,"46":0,"47":0,"48":0,"49":1,"50":4,"51":1,"52":0,"53":0,"54":1,"55":0,"56":0,"57":0,"58":0,"59":0,"60":2,"61":2,"62":2,"63":2,"64":2,"65":0,"66":0,"67":0,"68":1,"69":0,"70":0,"71":0,"72":0,"73":0,"74":0,"75":0,"76":0,"77":0,"78":0,"79":0,"80":0,"81":0,"82":0,"83":0},"b":{"1":[2,0],"2":[0,0],"3":[0,0],"4":[0,0],"5":[0,0],"6":[0,0],"7":[0,0],"8":[0,0],"9":[0,0],"10":[0,0],"11":[0,0],"12":[0,4],"13":[4,2],"14":[0,0],"15":[0,0],"16":[0,0],"17":[0,0],"18":[0,0],"19":[0,0],"20":[0,0],"21":[0,0]},"f":{"1":0,"2":2,"3":0,"4":0,"5":0,"6":4,"7":0,"8":0,"9":0,"10":0,"11":0,"12":0,"13":0},"fnMap":{"1":{"name":"(anonymous_1)","line":7,"loc":{"start":{"line":7,"column":32},"end":{"line":7,"column":50}}},"2":{"name":"(anonymous_2)","line":9,"loc":{"start":{"line":9,"column":20},"end":{"line":9,"column":32}}},"3":{"name":"defineProperties","line":9,"loc":{"start":{"line":9,"column":34},"end":{"line":9,"column":75}}},"4":{"name":"(anonymous_4)","line":9,"loc":{"start":{"line":9,"column":358},"end":{"line":9,"column":406}}},"5":{"name":"get","line":11,"loc":{"start":{"line":11,"column":11},"end":{"line":11,"column":38}}},"6":{"name":"_interopRequireDefault","line":13,"loc":{"start":{"line":13,"column":0},"end":{"line":13,"column":37}}},"7":{"name":"_classCallCheck","line":15,"loc":{"start":{"line":15,"column":0},"end":{"line":15,"column":48}}},"8":{"name":"_inherits","line":17,"loc":{"start":{"line":17,"column":0},"end":{"line":17,"column":41}}},"9":{"name":"(anonymous_9)","line":31,"loc":{"start":{"line":31,"column":16},"end":{"line":31,"column":38}}},"10":{"name":"Skeleton","line":34,"loc":{"start":{"line":34,"column":2},"end":{"line":34,"column":22}}},"11":{"name":"getAnimation","line":50,"loc":{"start":{"line":50,"column":11},"end":{"line":50,"column":35}}},"12":{"name":"componentWillMount","line":60,"loc":{"start":{"line":60,"column":11},"end":{"line":60,"column":41}}},"13":{"name":"render","line":70,"loc":{"start":{"line":70,"column":11},"end":{"line":70,"column":29}}}},"statementMap":{"1":{"start":{"line":3,"column":0},"end":{"line":5,"column":3}},"2":{"start":{"line":7,"column":0},"end":{"line":7,"column":257}},"3":{"start":{"line":7,"column":52},"end":{"line":7,"column":239}},"4":{"start":{"line":7,"column":97},"end":{"line":7,"column":123}},"5":{"start":{"line":7,"column":124},"end":{"line":7,"column":237}},"6":{"start":{"line":7,"column":150},"end":{"line":7,"column":235}},"7":{"start":{"line":7,"column":207},"end":{"line":7,"column":233}},"8":{"start":{"line":7,"column":240},"end":{"line":7,"column":254}},"9":{"start":{"line":9,"column":0},"end":{"line":9,"column":566}},"10":{"start":{"line":9,"column":34},"end":{"line":9,"column":350}},"11":{"start":{"line":9,"column":77},"end":{"line":9,"column":348}},"12":{"start":{"line":9,"column":118},"end":{"line":9,"column":144}},"13":{"start":{"line":9,"column":145},"end":{"line":9,"column":200}},"14":{"start":{"line":9,"column":201},"end":{"line":9,"column":232}},"15":{"start":{"line":9,"column":233},"end":{"line":9,"column":287}},"16":{"start":{"line":9,"column":260},"end":{"line":9,"column":287}},"17":{"start":{"line":9,"column":288},"end":{"line":9,"column":346}},"18":{"start":{"line":9,"column":351},"end":{"line":9,"column":560}},"19":{"start":{"line":9,"column":408},"end":{"line":9,"column":476}},"20":{"start":{"line":9,"column":424},"end":{"line":9,"column":476}},"21":{"start":{"line":9,"column":477},"end":{"line":9,"column":537}},"22":{"start":{"line":9,"column":494},"end":{"line":9,"column":537}},"23":{"start":{"line":9,"column":538},"end":{"line":9,"column":557}},"24":{"start":{"line":11,"column":0},"end":{"line":11,"column":658}},"25":{"start":{"line":11,"column":40},"end":{"line":11,"column":58}},"26":{"start":{"line":11,"column":59},"end":{"line":11,"column":655}},"27":{"start":{"line":11,"column":70},"end":{"line":11,"column":655}},"28":{"start":{"line":11,"column":87},"end":{"line":11,"column":135}},"29":{"start":{"line":11,"column":136},"end":{"line":11,"column":151}},"30":{"start":{"line":11,"column":152},"end":{"line":11,"column":201}},"31":{"start":{"line":11,"column":173},"end":{"line":11,"column":201}},"32":{"start":{"line":11,"column":202},"end":{"line":11,"column":263}},"33":{"start":{"line":11,"column":264},"end":{"line":11,"column":653}},"34":{"start":{"line":11,"column":290},"end":{"line":11,"column":333}},"35":{"start":{"line":11,"column":334},"end":{"line":11,"column":492}},"36":{"start":{"line":11,"column":357},"end":{"line":11,"column":374}},"37":{"start":{"line":11,"column":384},"end":{"line":11,"column":396}},"38":{"start":{"line":11,"column":397},"end":{"line":11,"column":412}},"39":{"start":{"line":11,"column":413},"end":{"line":11,"column":428}},"40":{"start":{"line":11,"column":429},"end":{"line":11,"column":443}},"41":{"start":{"line":11,"column":444},"end":{"line":11,"column":470}},"42":{"start":{"line":11,"column":471},"end":{"line":11,"column":490}},"43":{"start":{"line":11,"column":500},"end":{"line":11,"column":653}},"44":{"start":{"line":11,"column":523},"end":{"line":11,"column":541}},"45":{"start":{"line":11,"column":551},"end":{"line":11,"column":573}},"46":{"start":{"line":11,"column":574},"end":{"line":11,"column":621}},"47":{"start":{"line":11,"column":602},"end":{"line":11,"column":619}},"48":{"start":{"line":11,"column":622},"end":{"line":11,"column":651}},"49":{"start":{"line":13,"column":0},"end":{"line":13,"column":97}},"50":{"start":{"line":13,"column":39},"end":{"line":13,"column":95}},"51":{"start":{"line":15,"column":0},"end":{"line":15,"column":153}},"52":{"start":{"line":15,"column":50},"end":{"line":15,"column":151}},"53":{"start":{"line":15,"column":92},"end":{"line":15,"column":149}},"54":{"start":{"line":17,"column":0},"end":{"line":17,"column":494}},"55":{"start":{"line":17,"column":43},"end":{"line":17,"column":208}},"56":{"start":{"line":17,"column":106},"end":{"line":17,"column":206}},"57":{"start":{"line":17,"column":209},"end":{"line":17,"column":373}},"58":{"start":{"line":17,"column":374},"end":{"line":17,"column":492}},"59":{"start":{"line":17,"column":390},"end":{"line":17,"column":492}},"60":{"start":{"line":19,"column":0},"end":{"line":19,"column":30}},"61":{"start":{"line":21,"column":0},"end":{"line":21,"column":45}},"62":{"start":{"line":23,"column":0},"end":{"line":23,"column":40}},"63":{"start":{"line":25,"column":0},"end":{"line":25,"column":53}},"64":{"start":{"line":27,"column":0},"end":{"line":27,"column":69}},"65":{"start":{"line":29,"column":0},"end":{"line":29,"column":81}},"66":{"start":{"line":31,"column":0},"end":{"line":88,"column":21}},"67":{"start":{"line":32,"column":2},"end":{"line":32,"column":34}},"68":{"start":{"line":34,"column":2},"end":{"line":40,"column":3}},"69":{"start":{"line":35,"column":4},"end":{"line":35,"column":36}},"70":{"start":{"line":37,"column":4},"end":{"line":37,"column":96}},"71":{"start":{"line":39,"column":4},"end":{"line":39,"column":20}},"72":{"start":{"line":42,"column":2},"end":{"line":85,"column":6}},"73":{"start":{"line":51,"column":6},"end":{"line":51,"column":48}},"74":{"start":{"line":61,"column":6},"end":{"line":63,"column":7}},"75":{"start":{"line":62,"column":8},"end":{"line":62,"column":15}},"76":{"start":{"line":64,"column":6},"end":{"line":64,"column":86}},"77":{"start":{"line":66,"column":6},"end":{"line":66,"column":44}},"78":{"start":{"line":71,"column":6},"end":{"line":79,"column":7}},"79":{"start":{"line":72,"column":8},"end":{"line":76,"column":10}},"80":{"start":{"line":78,"column":8},"end":{"line":78,"column":66}},"81":{"start":{"line":87,"column":2},"end":{"line":87,"column":18}},"82":{"start":{"line":90,"column":0},"end":{"line":90,"column":30}},"83":{"start":{"line":91,"column":0},"end":{"line":91,"column":36}}},"branchMap":{"1":{"line":7,"type":"binary-expr","locations":[{"start":{"line":7,"column":15},"end":{"line":7,"column":28}},{"start":{"line":7,"column":32},"end":{"line":7,"column":256}}]},"2":{"line":7,"type":"if","locations":[{"start":{"line":7,"column":150},"end":{"line":7,"column":150}},{"start":{"line":7,"column":150},"end":{"line":7,"column":150}}]},"3":{"line":9,"type":"binary-expr","locations":[{"start":{"line":9,"column":169},"end":{"line":9,"column":190}},{"start":{"line":9,"column":194},"end":{"line":9,"column":199}}]},"4":{"line":9,"type":"if","locations":[{"start":{"line":9,"column":233},"end":{"line":9,"column":233}},{"start":{"line":9,"column":233},"end":{"line":9,"column":233}}]},"5":{"line":9,"type":"if","locations":[{"start":{"line":9,"column":408},"end":{"line":9,"column":408}},{"start":{"line":9,"column":408},"end":{"line":9,"column":408}}]},"6":{"line":9,"type":"if","locations":[{"start":{"line":9,"column":477},"end":{"line":9,"column":477}},{"start":{"line":9,"column":477},"end":{"line":9,"column":477}}]},"7":{"line":11,"type":"if","locations":[{"start":{"line":11,"column":152},"end":{"line":11,"column":152}},{"start":{"line":11,"column":152},"end":{"line":11,"column":152}}]},"8":{"line":11,"type":"if","locations":[{"start":{"line":11,"column":264},"end":{"line":11,"column":264}},{"start":{"line":11,"column":264},"end":{"line":11,"column":264}}]},"9":{"line":11,"type":"if","locations":[{"start":{"line":11,"column":334},"end":{"line":11,"column":334}},{"start":{"line":11,"column":334},"end":{"line":11,"column":334}}]},"10":{"line":11,"type":"if","locations":[{"start":{"line":11,"column":500},"end":{"line":11,"column":500}},{"start":{"line":11,"column":500},"end":{"line":11,"column":500}}]},"11":{"line":11,"type":"if","locations":[{"start":{"line":11,"column":574},"end":{"line":11,"column":574}},{"start":{"line":11,"column":574},"end":{"line":11,"column":574}}]},"12":{"line":13,"type":"cond-expr","locations":[{"start":{"line":13,"column":70},"end":{"line":13,"column":73}},{"start":{"line":13,"column":76},"end":{"line":13,"column":94}}]},"13":{"line":13,"type":"binary-expr","locations":[{"start":{"line":13,"column":46},"end":{"line":13,"column":49}},{"start":{"line":13,"column":53},"end":{"line":13,"column":67}}]},"14":{"line":15,"type":"if","locations":[{"start":{"line":15,"column":50},"end":{"line":15,"column":50}},{"start":{"line":15,"column":50},"end":{"line":15,"column":50}}]},"15":{"line":17,"type":"if","locations":[{"start":{"line":17,"column":43},"end":{"line":17,"column":43}},{"start":{"line":17,"column":43},"end":{"line":17,"column":43}}]},"16":{"line":17,"type":"binary-expr","locations":[{"start":{"line":17,"column":47},"end":{"line":17,"column":79}},{"start":{"line":17,"column":83},"end":{"line":17,"column":102}}]},"17":{"line":17,"type":"binary-expr","locations":[{"start":{"line":17,"column":244},"end":{"line":17,"column":254}},{"start":{"line":17,"column":258},"end":{"line":17,"column":278}}]},"18":{"line":17,"type":"if","locations":[{"start":{"line":17,"column":374},"end":{"line":17,"column":374}},{"start":{"line":17,"column":374},"end":{"line":17,"column":374}}]},"19":{"line":17,"type":"cond-expr","locations":[{"start":{"line":17,"column":414},"end":{"line":17,"column":457}},{"start":{"line":17,"column":460},"end":{"line":17,"column":491}}]},"20":{"line":61,"type":"if","locations":[{"start":{"line":61,"column":6},"end":{"line":61,"column":6}},{"start":{"line":61,"column":6},"end":{"line":61,"column":6}}]},"21":{"line":71,"type":"if","locations":[{"start":{"line":71,"column":6},"end":{"line":71,"column":6}},{"start":{"line":71,"column":6},"end":{"line":71,"column":6}}]}},"code":["\"use strict\";","","Object.defineProperty(exports, \"__esModule\", {","  value: true","});","","var _extends = Object.assign || function (target) { for (var i = 1; i < arguments.length; i++) { var source = arguments[i]; for (var key in source) { if (Object.prototype.hasOwnProperty.call(source, key)) { target[key] = source[key]; } } } return target; };","","var _createClass = (function () { function defineProperties(target, props) { for (var i = 0; i < props.length; i++) { var descriptor = props[i]; descriptor.enumerable = descriptor.enumerable || false; descriptor.configurable = true; if (\"value\" in descriptor) descriptor.writable = true; Object.defineProperty(target, descriptor.key, descriptor); } } return function (Constructor, protoProps, staticProps) { if (protoProps) defineProperties(Constructor.prototype, protoProps); if (staticProps) defineProperties(Constructor, staticProps); return Constructor; }; })();","","var _get = function get(_x, _x2, _x3) { var _again = true; _function: while (_again) { var object = _x, property = _x2, receiver = _x3; _again = false; if (object === null) object = Function.prototype; var desc = Object.getOwnPropertyDescriptor(object, property); if (desc === undefined) { var parent = Object.getPrototypeOf(object); if (parent === null) { return undefined; } else { _x = parent; _x2 = property; _x3 = receiver; _again = true; desc = parent = undefined; continue _function; } } else if (\"value\" in desc) { return desc.value; } else { var getter = desc.get; if (getter === undefined) { return undefined; } return getter.call(receiver); } } };","","function _interopRequireDefault(obj) { return obj && obj.__esModule ? obj : { \"default\": obj }; }","","function _classCallCheck(instance, Constructor) { if (!(instance instanceof Constructor)) { throw new TypeError(\"Cannot call a class as a function\"); } }","","function _inherits(subClass, superClass) { if (typeof superClass !== \"function\" && superClass !== null) { throw new TypeError(\"Super expression must either be null or a function, not \" + typeof superClass); } subClass.prototype = Object.create(superClass && superClass.prototype, { constructor: { value: subClass, enumerable: false, writable: true, configurable: true } }); if (superClass) Object.setPrototypeOf ? Object.setPrototypeOf(subClass, superClass) : subClass.__proto__ = superClass; }","","var _react = require(\"react\");","","var _react2 = _interopRequireDefault(_react);","","var _canUseDom = require(\"can-use-dom\");","","var _canUseDom2 = _interopRequireDefault(_canUseDom);","","var _creatorsSkeletonCreator = require(\"./creators/SkeletonCreator\");","","var _creatorsSkeletonCreator2 = _interopRequireDefault(_creatorsSkeletonCreator);","","var Skeleton = (function (_Component) {","  _inherits(Skeleton, _Component);","","  function Skeleton() {","    _classCallCheck(this, Skeleton);","","    _get(Object.getPrototypeOf(Skeleton.prototype), \"constructor\", this).apply(this, arguments);","","    this.state = {};","  }","","  _createClass(Skeleton, [{","    key: \"getAnimation\",","","    // Public APIs","    //","    // https://developers.google.com/maps/documentation/javascript/3.exp/reference","    //","    // [].map.call($0.querySelectorAll(\"tr>td>code\"), function(it){ return it.textContent; }).filter(function(it){ return it.match(/^get/) && !it.match(/^getMap/); })","    value: function getAnimation() {","      return this.state.skeleton.getAnimation();","    }","","    // END - Public APIs","    //","    // https://developers.google.com/maps/documentation/javascript/3.exp/reference","","  }, {","    key: \"componentWillMount\",","    value: function componentWillMount() {","      if (!_canUseDom2[\"default\"]) {","        return;","      }","      var skeleton = _creatorsSkeletonCreator2[\"default\"]._createSkeleton(this.props);","","      this.setState({ skeleton: skeleton });","    }","  }, {","    key: \"render\",","    value: function render() {","      if (this.state.skeleton) {","        return _react2[\"default\"].createElement(","          _creatorsSkeletonCreator2[\"default\"],","          _extends({ skeleton: this.state.skeleton }, this.props),","          this.props.children","        );","      } else {","        return _react2[\"default\"].createElement(\"noscript\", null);","      }","    }","  }], [{","    key: \"propTypes\",","    value: _extends({}, _creatorsSkeletonCreator.skeletonDefaultPropTypes, _creatorsSkeletonCreator.skeletonControlledPropTypes, _creatorsSkeletonCreator.skeletonEventPropTypes),","    enumerable: true","  }]);","","  return Skeleton;","})(_react.Component);","","exports[\"default\"] = Skeleton;","module.exports = exports[\"default\"];","","// Uncontrolled default[props] - used only in componentDidMount","","// Controlled [props] - used in componentDidMount/componentDidUpdate","","// Event [onEventName]"],"l":{"3":2,"7":2,"9":2,"11":2,"13":4,"15":1,"17":1,"19":2,"21":2,"23":2,"25":2,"27":2,"29":0,"31":0,"32":0,"34":1,"35":0,"37":0,"39":0,"42":0,"51":0,"61":0,"62":0,"64":0,"66":0,"71":0,"72":0,"78":0,"87":0,"90":0,"91":0}}}