{"/home/travis/build/npmtest/node-npmtest-react-google-maps/test.js":{"path":"/home/travis/build/npmtest/node-npmtest-react-google-maps/test.js","s":{"1":2,"2":2,"3":2,"4":2,"5":2,"6":2,"7":2,"8":1,"9":2,"10":2,"11":1,"12":1,"13":1,"14":1,"15":2,"16":2,"17":2,"18":2,"19":1,"20":1,"21":2,"22":2,"23":2,"24":1,"25":1,"26":1,"27":1,"28":1,"29":1,"30":1,"31":1,"32":1,"33":1,"34":1,"35":1,"36":1,"37":1,"38":1,"39":2,"40":2,"41":1,"42":2,"43":2,"44":1,"45":2,"46":2,"47":1,"48":2,"49":2,"50":1,"51":1,"52":1,"53":1,"54":1},"b":{"1":[2,1,1,1],"2":[1,1,1,1],"3":[1,1],"4":[1,1],"5":[1,1],"6":[1,1],"7":[1,1],"8":[1,1],"9":[1,1],"10":[1,1,1],"11":[1,1],"12":[1,1],"13":[1,1],"14":[1,1],"15":[1,1],"16":[1,1],"17":[1,1]},"f":{"1":2,"2":2,"3":2,"4":2,"5":2,"6":1,"7":1,"8":1,"9":2,"10":2,"11":2,"12":2,"13":1},"fnMap":{"1":{"name":"(anonymous_1)","line":12,"loc":{"start":{"line":12,"column":1},"end":{"line":12,"column":13}}},"2":{"name":"(anonymous_2)","line":19,"loc":{"start":{"line":19,"column":5},"end":{"line":19,"column":17}}},"3":{"name":"(anonymous_3)","line":23,"loc":{"start":{"line":23,"column":24},"end":{"line":23,"column":36}}},"4":{"name":"(anonymous_4)","line":61,"loc":{"start":{"line":61,"column":5},"end":{"line":61,"column":17}}},"5":{"name":"(anonymous_5)","line":82,"loc":{"start":{"line":82,"column":5},"end":{"line":82,"column":17}}},"6":{"name":"(anonymous_6)","line":91,"loc":{"start":{"line":91,"column":77},"end":{"line":94,"column":10}}},"7":{"name":"(anonymous_7)","line":112,"loc":{"start":{"line":112,"column":83},"end":{"line":115,"column":10}},"skip":true},"8":{"name":"(anonymous_8)","line":123,"loc":{"start":{"line":123,"column":77},"end":{"line":126,"column":10}},"skip":true},"9":{"name":"(anonymous_9)","line":139,"loc":{"start":{"line":139,"column":12},"end":{"line":139,"column":40}},"skip":true},"10":{"name":"(anonymous_10)","line":147,"loc":{"start":{"line":147,"column":77},"end":{"line":150,"column":10}},"skip":true},"11":{"name":"(anonymous_11)","line":158,"loc":{"start":{"line":158,"column":83},"end":{"line":161,"column":10}},"skip":true},"12":{"name":"(anonymous_12)","line":169,"loc":{"start":{"line":169,"column":79},"end":{"line":172,"column":10}},"skip":true},"13":{"name":"(anonymous_13)","line":180,"loc":{"start":{"line":180,"column":75},"end":{"line":183,"column":10}},"skip":true}},"statementMap":{"1":{"start":{"line":12,"column":0},"end":{"line":195,"column":5}},"2":{"start":{"line":14,"column":4},"end":{"line":14,"column":14}},"3":{"start":{"line":19,"column":4},"end":{"line":56,"column":9}},"4":{"start":{"line":21,"column":8},"end":{"line":21,"column":19}},"5":{"start":{"line":23,"column":8},"end":{"line":35,"column":13}},"6":{"start":{"line":24,"column":12},"end":{"line":34,"column":13}},"7":{"start":{"line":25,"column":16},"end":{"line":28,"column":30}},"8":{"start":{"line":30,"column":16},"end":{"line":33,"column":27}},"9":{"start":{"line":37,"column":8},"end":{"line":39,"column":21}},"10":{"start":{"line":40,"column":8},"end":{"line":53,"column":9}},"11":{"start":{"line":43,"column":12},"end":{"line":46,"column":14}},"12":{"start":{"line":47,"column":12},"end":{"line":47,"column":18}},"13":{"start":{"line":50,"column":12},"end":{"line":51,"column":33}},"14":{"start":{"line":52,"column":12},"end":{"line":52,"column":18}},"15":{"start":{"line":55,"column":8},"end":{"line":55,"column":35}},"16":{"start":{"line":61,"column":4},"end":{"line":63,"column":9}},"17":{"start":{"line":62,"column":8},"end":{"line":62,"column":15}},"18":{"start":{"line":64,"column":4},"end":{"line":77,"column":5}},"19":{"start":{"line":70,"column":8},"end":{"line":70,"column":14}},"20":{"start":{"line":76,"column":8},"end":{"line":76,"column":14}},"21":{"start":{"line":82,"column":4},"end":{"line":84,"column":9}},"22":{"start":{"line":83,"column":8},"end":{"line":83,"column":15}},"23":{"start":{"line":85,"column":4},"end":{"line":194,"column":5}},"24":{"start":{"line":91,"column":8},"end":{"line":99,"column":10}},"25":{"start":{"line":98,"column":12},"end":{"line":98,"column":35}},"26":{"start":{"line":102,"column":8},"end":{"line":104,"column":63}},"27":{"start":{"line":105,"column":8},"end":{"line":105,"column":14}},"28":{"start":{"line":112,"column":8},"end":{"line":121,"column":10},"skip":true},"29":{"start":{"line":119,"column":12},"end":{"line":119,"column":55},"skip":true},"30":{"start":{"line":120,"column":12},"end":{"line":120,"column":48},"skip":true},"31":{"start":{"line":123,"column":8},"end":{"line":136,"column":10},"skip":true},"32":{"start":{"line":130,"column":12},"end":{"line":130,"column":76},"skip":true},"33":{"start":{"line":131,"column":12},"end":{"line":131,"column":73},"skip":true},"34":{"start":{"line":132,"column":12},"end":{"line":132,"column":74},"skip":true},"35":{"start":{"line":133,"column":12},"end":{"line":133,"column":79},"skip":true},"36":{"start":{"line":134,"column":12},"end":{"line":134,"column":25},"skip":true},"37":{"start":{"line":135,"column":12},"end":{"line":135,"column":45},"skip":true},"38":{"start":{"line":138,"column":8},"end":{"line":145,"column":14},"skip":true},"39":{"start":{"line":143,"column":16},"end":{"line":143,"column":29},"skip":true},"40":{"start":{"line":144,"column":16},"end":{"line":144,"column":55},"skip":true},"41":{"start":{"line":147,"column":8},"end":{"line":156,"column":10},"skip":true},"42":{"start":{"line":154,"column":12},"end":{"line":154,"column":25},"skip":true},"43":{"start":{"line":155,"column":12},"end":{"line":155,"column":45},"skip":true},"44":{"start":{"line":158,"column":8},"end":{"line":167,"column":10},"skip":true},"45":{"start":{"line":165,"column":12},"end":{"line":165,"column":25},"skip":true},"46":{"start":{"line":166,"column":12},"end":{"line":166,"column":48},"skip":true},"47":{"start":{"line":169,"column":8},"end":{"line":178,"column":10},"skip":true},"48":{"start":{"line":176,"column":12},"end":{"line":176,"column":25},"skip":true},"49":{"start":{"line":177,"column":12},"end":{"line":177,"column":46},"skip":true},"50":{"start":{"line":180,"column":8},"end":{"line":189,"column":10},"skip":true},"51":{"start":{"line":187,"column":12},"end":{"line":187,"column":94},"skip":true},"52":{"start":{"line":188,"column":12},"end":{"line":188,"column":48},"skip":true},"53":{"start":{"line":192,"column":8},"end":{"line":192,"column":35},"skip":true},"54":{"start":{"line":193,"column":8},"end":{"line":193,"column":14},"skip":true}},"branchMap":{"1":{"line":25,"type":"binary-expr","locations":[{"start":{"line":25,"column":23},"end":{"line":25,"column":62}},{"start":{"line":26,"column":20},"end":{"line":26,"column":70}},{"start":{"line":27,"column":20},"end":{"line":27,"column":71}},{"start":{"line":28,"column":20},"end":{"line":28,"column":29}}]},"2":{"line":30,"type":"binary-expr","locations":[{"start":{"line":30,"column":23},"end":{"line":30,"column":37}},{"start":{"line":31,"column":20},"end":{"line":31,"column":61}},{"start":{"line":32,"column":20},"end":{"line":32,"column":70}},{"start":{"line":33,"column":20},"end":{"line":33,"column":26}}]},"3":{"line":37,"type":"cond-expr","locations":[{"start":{"line":38,"column":14},"end":{"line":38,"column":20}},{"start":{"line":39,"column":14},"end":{"line":39,"column":20}}]},"4":{"line":40,"type":"switch","locations":[{"start":{"line":42,"column":8},"end":{"line":47,"column":18}},{"start":{"line":49,"column":8},"end":{"line":52,"column":18}}]},"5":{"line":44,"type":"binary-expr","locations":[{"start":{"line":44,"column":16},"end":{"line":44,"column":44}},{"start":{"line":44,"column":48},"end":{"line":44,"column":66}}]},"6":{"line":50,"type":"binary-expr","locations":[{"start":{"line":50,"column":21},"end":{"line":50,"column":49}},{"start":{"line":50,"column":53},"end":{"line":50,"column":72}}]},"7":{"line":64,"type":"switch","locations":[{"start":{"line":69,"column":4},"end":{"line":70,"column":14}},{"start":{"line":75,"column":4},"end":{"line":76,"column":14}}]},"8":{"line":85,"type":"switch","locations":[{"start":{"line":90,"column":4},"end":{"line":105,"column":14}},{"start":{"line":111,"column":4},"end":{"line":193,"column":14},"skip":true}]},"9":{"line":91,"type":"binary-expr","locations":[{"start":{"line":91,"column":42},"end":{"line":91,"column":73}},{"start":{"line":91,"column":77},"end":{"line":99,"column":9}}]},"10":{"line":102,"type":"binary-expr","locations":[{"start":{"line":102,"column":18},"end":{"line":102,"column":32}},{"start":{"line":103,"column":12},"end":{"line":103,"column":53}},{"start":{"line":104,"column":12},"end":{"line":104,"column":61}}]},"11":{"line":112,"type":"binary-expr","locations":[{"start":{"line":112,"column":45},"end":{"line":112,"column":79},"skip":true},{"start":{"line":112,"column":83},"end":{"line":121,"column":9},"skip":true}]},"12":{"line":123,"type":"binary-expr","locations":[{"start":{"line":123,"column":42},"end":{"line":123,"column":73},"skip":true},{"start":{"line":123,"column":77},"end":{"line":136,"column":9},"skip":true}]},"13":{"line":138,"type":"binary-expr","locations":[{"start":{"line":138,"column":48},"end":{"line":138,"column":85},"skip":true},{"start":{"line":139,"column":12},"end":{"line":145,"column":13},"skip":true}]},"14":{"line":147,"type":"binary-expr","locations":[{"start":{"line":147,"column":42},"end":{"line":147,"column":73},"skip":true},{"start":{"line":147,"column":77},"end":{"line":156,"column":9},"skip":true}]},"15":{"line":158,"type":"binary-expr","locations":[{"start":{"line":158,"column":45},"end":{"line":158,"column":79},"skip":true},{"start":{"line":158,"column":83},"end":{"line":167,"column":9},"skip":true}]},"16":{"line":169,"type":"binary-expr","locations":[{"start":{"line":169,"column":43},"end":{"line":169,"column":75},"skip":true},{"start":{"line":169,"column":79},"end":{"line":178,"column":9},"skip":true}]},"17":{"line":180,"type":"binary-expr","locations":[{"start":{"line":180,"column":41},"end":{"line":180,"column":71},"skip":true},{"start":{"line":180,"column":75},"end":{"line":189,"column":9},"skip":true}]}},"code":["/* istanbul instrument in package npmtest_react_google_maps */","/*jslint","    bitwise: true,","    browser: true,","    maxerr: 8,","    maxlen: 96,","    node: true,","    nomen: true,","    regexp: true,","    stupid: true","*/","(function () {","    'use strict';","    var local;","","","","    // run shared js-env code - init-before","    (function () {","        // init local","        local = {};","        // init modeJs","        local.modeJs = (function () {","            try {","                return typeof navigator.userAgent === 'string' &&","                    typeof document.querySelector('body') === 'object' &&","                    typeof XMLHttpRequest.prototype.open === 'function' &&","                    'browser';","            } catch (errorCaughtBrowser) {","                return module.exports &&","                    typeof process.versions.node === 'string' &&","                    typeof require('http').createServer === 'function' &&","                    'node';","            }","        }());","        // init global","        local.global = local.modeJs === 'browser'","            ? window","            : global;","        switch (local.modeJs) {","        // re-init local from window.local","        case 'browser':","            local = local.global.utility2.objectSetDefault(","                local.global.utility2_rollup || local.global.local,","                local.global.utility2","            );","            break;","        // re-init local from example.js","        case 'node':","            local = (local.global.utility2_rollup || require('utility2'))","                .requireReadme();","            break;","        }","        // export local","        local.global.local = local;","    }());","","","","    // run shared js-env code - function","    (function () {","        return;","    }());","    switch (local.modeJs) {","","","","    // run browser js-env code - function","    case 'browser':","        break;","","","","    // run node js-env code - function","    case 'node':","        break;","    }","","","","    // run shared js-env code - init-after","    (function () {","        return;","    }());","    switch (local.modeJs) {","","","","    // run browser js-env code - init-after","    case 'browser':","        local.testCase_browser_nullCase = local.testCase_browser_nullCase || function (","            options,","            onError","        ) {","        /*","         * this function will test browsers's null-case handling-behavior-behavior","         */","            onError(null, options);","        };","","        // run tests","        local.nop(local.modeTest &&","            document.querySelector('#testRunButton1') &&","            document.querySelector('#testRunButton1').click());","        break;","","","","    // run node js-env code - init-after","    /* istanbul ignore next */","    case 'node':","        local.testCase_buildApidoc_default = local.testCase_buildApidoc_default || function (","            options,","            onError","        ) {","        /*","         * this function will test buildApidoc's default handling-behavior-behavior","         */","            options = { modulePathList: module.paths };","            local.buildApidoc(options, onError);","        };","","        local.testCase_buildApp_default = local.testCase_buildApp_default || function (","            options,","            onError","        ) {","        /*","         * this function will test buildApp's default handling-behavior-behavior","         */","            local.testCase_buildReadme_default(options, local.onErrorThrow);","            local.testCase_buildLib_default(options, local.onErrorThrow);","            local.testCase_buildTest_default(options, local.onErrorThrow);","            local.testCase_buildCustomOrg_default(options, local.onErrorThrow);","            options = [];","            local.buildApp(options, onError);","        };","","        local.testCase_buildCustomOrg_default = local.testCase_buildCustomOrg_default ||","            function (options, onError) {","            /*","             * this function will test buildCustomOrg's default handling-behavior","             */","                options = {};","                local.buildCustomOrg(options, onError);","            };","","        local.testCase_buildLib_default = local.testCase_buildLib_default || function (","            options,","            onError","        ) {","        /*","         * this function will test buildLib's default handling-behavior","         */","            options = {};","            local.buildLib(options, onError);","        };","","        local.testCase_buildReadme_default = local.testCase_buildReadme_default || function (","            options,","            onError","        ) {","        /*","         * this function will test buildReadme's default handling-behavior-behavior","         */","            options = {};","            local.buildReadme(options, onError);","        };","","        local.testCase_buildTest_default = local.testCase_buildTest_default || function (","            options,","            onError","        ) {","        /*","         * this function will test buildTest's default handling-behavior","         */","            options = {};","            local.buildTest(options, onError);","        };","","        local.testCase_webpage_default = local.testCase_webpage_default || function (","            options,","            onError","        ) {","        /*","         * this function will test webpage's default handling-behavior","         */","            options = { modeCoverageMerge: true, url: local.serverLocalHost + '?modeTest=1' };","            local.browserTest(options, onError);","        };","","        // run test-server","        local.testRunServer(local);","        break;","    }","}());",""],"l":{"12":2,"14":2,"19":2,"21":2,"23":2,"24":2,"25":2,"30":1,"37":2,"40":2,"43":1,"47":1,"50":1,"52":1,"55":2,"61":2,"62":2,"64":2,"70":1,"76":1,"82":2,"83":2,"85":2,"91":1,"98":1,"102":1,"105":1,"112":1,"119":1,"120":1,"123":1,"130":1,"131":1,"132":1,"133":1,"134":1,"135":1,"138":1,"143":2,"144":2,"147":1,"154":2,"155":2,"158":1,"165":2,"166":2,"169":1,"176":2,"177":2,"180":1,"187":1,"188":1,"192":1,"193":1}},"/home/travis/build/npmtest/node-npmtest-react-google-maps/lib.npmtest_react_google_maps.js":{"path":"/home/travis/build/npmtest/node-npmtest-react-google-maps/lib.npmtest_react_google_maps.js","s":{"1":2,"2":2,"3":2,"4":2,"5":2,"6":2,"7":2,"8":1,"9":2,"10":2,"11":2,"12":2,"13":1,"14":1,"15":1,"16":1},"b":{"1":[2,1,1,1],"2":[1,1,1,1],"3":[1,1],"4":[2,2],"5":[1,1]},"f":{"1":2,"2":2,"3":2},"fnMap":{"1":{"name":"(anonymous_1)","line":12,"loc":{"start":{"line":12,"column":1},"end":{"line":12,"column":13}}},"2":{"name":"(anonymous_2)","line":19,"loc":{"start":{"line":19,"column":5},"end":{"line":19,"column":17}}},"3":{"name":"(anonymous_3)","line":23,"loc":{"start":{"line":23,"column":24},"end":{"line":23,"column":36}}}},"statementMap":{"1":{"start":{"line":12,"column":0},"end":{"line":53,"column":5}},"2":{"start":{"line":14,"column":4},"end":{"line":14,"column":14}},"3":{"start":{"line":19,"column":4},"end":{"line":52,"column":9}},"4":{"start":{"line":21,"column":8},"end":{"line":21,"column":19}},"5":{"start":{"line":23,"column":8},"end":{"line":35,"column":13}},"6":{"start":{"line":24,"column":12},"end":{"line":34,"column":13}},"7":{"start":{"line":25,"column":16},"end":{"line":28,"column":30}},"8":{"start":{"line":30,"column":16},"end":{"line":33,"column":27}},"9":{"start":{"line":37,"column":8},"end":{"line":39,"column":21}},"10":{"start":{"line":41,"column":8},"end":{"line":41,"column":54}},"11":{"start":{"line":43,"column":8},"end":{"line":43,"column":62}},"12":{"start":{"line":45,"column":8},"end":{"line":51,"column":9}},"13":{"start":{"line":46,"column":12},"end":{"line":46,"column":68}},"14":{"start":{"line":48,"column":12},"end":{"line":48,"column":35}},"15":{"start":{"line":49,"column":12},"end":{"line":49,"column":49}},"16":{"start":{"line":50,"column":12},"end":{"line":50,"column":43}}},"branchMap":{"1":{"line":25,"type":"binary-expr","locations":[{"start":{"line":25,"column":23},"end":{"line":25,"column":62}},{"start":{"line":26,"column":20},"end":{"line":26,"column":70}},{"start":{"line":27,"column":20},"end":{"line":27,"column":71}},{"start":{"line":28,"column":20},"end":{"line":28,"column":29}}]},"2":{"line":30,"type":"binary-expr","locations":[{"start":{"line":30,"column":23},"end":{"line":30,"column":37}},{"start":{"line":31,"column":20},"end":{"line":31,"column":61}},{"start":{"line":32,"column":20},"end":{"line":32,"column":70}},{"start":{"line":33,"column":20},"end":{"line":33,"column":26}}]},"3":{"line":37,"type":"cond-expr","locations":[{"start":{"line":38,"column":14},"end":{"line":38,"column":20}},{"start":{"line":39,"column":14},"end":{"line":39,"column":20}}]},"4":{"line":41,"type":"binary-expr","locations":[{"start":{"line":41,"column":16},"end":{"line":41,"column":44}},{"start":{"line":41,"column":48},"end":{"line":41,"column":53}}]},"5":{"line":45,"type":"if","locations":[{"start":{"line":45,"column":8},"end":{"line":45,"column":8}},{"start":{"line":45,"column":8},"end":{"line":45,"column":8}}]}},"code":["/* istanbul instrument in package npmtest_react_google_maps */","/*jslint","    bitwise: true,","    browser: true,","    maxerr: 8,","    maxlen: 96,","    node: true,","    nomen: true,","    regexp: true,","    stupid: true","*/","(function () {","    'use strict';","    var local;","","","","    // run shared js-env code - init-before","    (function () {","        // init local","        local = {};","        // init modeJs","        local.modeJs = (function () {","            try {","                return typeof navigator.userAgent === 'string' &&","                    typeof document.querySelector('body') === 'object' &&","                    typeof XMLHttpRequest.prototype.open === 'function' &&","                    'browser';","            } catch (errorCaughtBrowser) {","                return module.exports &&","                    typeof process.versions.node === 'string' &&","                    typeof require('http').createServer === 'function' &&","                    'node';","            }","        }());","        // init global","        local.global = local.modeJs === 'browser'","            ? window","            : global;","        // init utility2_rollup","        local = local.global.utility2_rollup || local;","        // init lib","        local.local = local.npmtest_react_google_maps = local;","        // init exports","        if (local.modeJs === 'browser') {","            local.global.utility2_npmtest_react_google_maps = local;","        } else {","            module.exports = local;","            module.exports.__dirname = __dirname;","            module.exports.module = module;","        }","    }());","}());",""],"l":{"12":2,"14":2,"19":2,"21":2,"23":2,"24":2,"25":2,"30":1,"37":2,"41":2,"43":2,"45":2,"46":1,"48":1,"49":1,"50":1}},"/home/travis/build/npmtest/node-npmtest-react-google-maps/example.js":{"path":"/home/travis/build/npmtest/node-npmtest-react-google-maps/example.js","s":{"1":2,"2":2,"3":2,"4":2,"5":2,"6":2,"7":2,"8":1,"9":2,"10":2,"11":2,"12":2,"13":1,"14":2,"15":2,"16":2,"17":2,"18":2,"19":0,"20":2,"21":1,"22":1,"23":1,"24":1,"25":1,"26":0,"27":0,"28":1,"29":1,"30":2,"31":0,"32":0,"33":0,"34":1,"35":2,"36":2,"37":3,"38":3,"39":3,"40":3,"41":0,"42":3,"43":3,"44":3,"45":1,"46":3,"47":1,"48":1,"49":1,"50":1,"51":1,"52":1,"53":1,"54":1,"55":1,"56":1,"57":0,"58":1,"59":6,"60":6,"61":1,"62":2,"63":0,"64":2,"65":1,"66":1,"67":0,"68":0,"69":0,"70":0,"71":0,"72":0,"73":0,"74":0,"75":0,"76":0,"77":0,"78":0,"79":0,"80":0,"81":0,"82":0,"83":0},"b":{"1":[2,1,1,1],"2":[1,1,1,1],"3":[1,1],"4":[2,2],"5":[1,1],"6":[1,1],"7":[2,0],"8":[2,1,1,1,1,1],"9":[0,2,0],"10":[1,1],"11":[2,1,1],"12":[1,0],"13":[0,2],"14":[2,0,0,0,0,0,0],"15":[0,3],"16":[3,0],"17":[1,1],"18":[0,1],"19":[1,2,0,2],"20":[1,0],"21":[1,1],"22":[0,0],"23":[0,0],"24":[0,0],"25":[0,0],"26":[0,0],"27":[0,0],"28":[0,0]},"f":{"1":2,"2":2,"3":2,"4":2,"5":2,"6":2,"7":3,"8":3,"9":3,"10":1,"11":6,"12":0},"fnMap":{"1":{"name":"(anonymous_1)","line":26,"loc":{"start":{"line":26,"column":1},"end":{"line":26,"column":13}}},"2":{"name":"(anonymous_2)","line":33,"loc":{"start":{"line":33,"column":5},"end":{"line":33,"column":17}}},"3":{"name":"(anonymous_3)","line":37,"loc":{"start":{"line":37,"column":24},"end":{"line":37,"column":36}}},"4":{"name":"(anonymous_4)","line":69,"loc":{"start":{"line":69,"column":31},"end":{"line":69,"column":48}},"skip":true},"5":{"name":"(anonymous_5)","line":78,"loc":{"start":{"line":78,"column":26},"end":{"line":78,"column":45}},"skip":true},"6":{"name":"(anonymous_6)","line":123,"loc":{"start":{"line":123,"column":33},"end":{"line":123,"column":48}},"skip":true},"7":{"name":"(anonymous_7)","line":125,"loc":{"start":{"line":125,"column":27},"end":{"line":125,"column":39}},"skip":true},"8":{"name":"(anonymous_8)","line":133,"loc":{"start":{"line":133,"column":59},"end":{"line":133,"column":74}},"skip":true},"9":{"name":"(anonymous_9)","line":143,"loc":{"start":{"line":143,"column":45},"end":{"line":143,"column":62}},"skip":true},"10":{"name":"(anonymous_10)","line":144,"loc":{"start":{"line":144,"column":73},"end":{"line":144,"column":92}},"skip":true},"11":{"name":"(anonymous_11)","line":272,"loc":{"start":{"line":272,"column":51},"end":{"line":272,"column":77}},"skip":true},"12":{"name":"(anonymous_12)","line":315,"loc":{"start":{"line":315,"column":32},"end":{"line":315,"column":61}},"skip":true}},"statementMap":{"1":{"start":{"line":26,"column":0},"end":{"line":326,"column":5}},"2":{"start":{"line":28,"column":4},"end":{"line":28,"column":14}},"3":{"start":{"line":33,"column":4},"end":{"line":60,"column":9}},"4":{"start":{"line":35,"column":8},"end":{"line":35,"column":19}},"5":{"start":{"line":37,"column":8},"end":{"line":49,"column":13}},"6":{"start":{"line":38,"column":12},"end":{"line":48,"column":13}},"7":{"start":{"line":39,"column":16},"end":{"line":42,"column":30}},"8":{"start":{"line":44,"column":16},"end":{"line":47,"column":27}},"9":{"start":{"line":51,"column":8},"end":{"line":53,"column":21}},"10":{"start":{"line":55,"column":8},"end":{"line":57,"column":45}},"11":{"start":{"line":59,"column":8},"end":{"line":59,"column":35}},"12":{"start":{"line":61,"column":4},"end":{"line":325,"column":5}},"13":{"start":{"line":69,"column":8},"end":{"line":121,"column":10},"skip":true},"14":{"start":{"line":70,"column":12},"end":{"line":88,"column":13},"skip":true},"15":{"start":{"line":76,"column":16},"end":{"line":87,"column":19},"skip":true},"16":{"start":{"line":79,"column":20},"end":{"line":86,"column":21},"skip":true},"17":{"start":{"line":82,"column":24},"end":{"line":82,"column":43},"skip":true},"18":{"start":{"line":83,"column":24},"end":{"line":83,"column":30},"skip":true},"19":{"start":{"line":85,"column":24},"end":{"line":85,"column":49},"skip":true},"20":{"start":{"line":89,"column":12},"end":{"line":107,"column":13},"skip":true},"21":{"start":{"line":92,"column":16},"end":{"line":102,"column":17},"skip":true},"22":{"start":{"line":93,"column":20},"end":{"line":93,"column":86},"skip":true},"23":{"start":{"line":94,"column":20},"end":{"line":95,"column":45},"skip":true},"24":{"start":{"line":96,"column":20},"end":{"line":96,"column":42},"skip":true},"25":{"start":{"line":97,"column":20},"end":{"line":97,"column":48},"skip":true},"26":{"start":{"line":100,"column":20},"end":{"line":100,"column":85},"skip":true},"27":{"start":{"line":101,"column":20},"end":{"line":101,"column":96},"skip":true},"28":{"start":{"line":103,"column":16},"end":{"line":103,"column":22},"skip":true},"29":{"start":{"line":106,"column":16},"end":{"line":106,"column":22},"skip":true},"30":{"start":{"line":108,"column":12},"end":{"line":120,"column":13},"skip":true},"31":{"start":{"line":114,"column":16},"end":{"line":119,"column":17},"skip":true},"32":{"start":{"line":116,"column":20},"end":{"line":116,"column":78},"skip":true},"33":{"start":{"line":118,"column":20},"end":{"line":118,"column":47},"skip":true},"34":{"start":{"line":123,"column":8},"end":{"line":141,"column":11},"skip":true},"35":{"start":{"line":124,"column":12},"end":{"line":124,"column":54},"skip":true},"36":{"start":{"line":125,"column":12},"end":{"line":140,"column":14},"skip":true},"37":{"start":{"line":126,"column":16},"end":{"line":126,"column":28},"skip":true},"38":{"start":{"line":127,"column":16},"end":{"line":127,"column":69},"skip":true},"39":{"start":{"line":128,"column":16},"end":{"line":128,"column":75},"skip":true},"40":{"start":{"line":129,"column":16},"end":{"line":131,"column":17},"skip":true},"41":{"start":{"line":130,"column":20},"end":{"line":130,"column":27},"skip":true},"42":{"start":{"line":133,"column":16},"end":{"line":137,"column":36},"skip":true},"43":{"start":{"line":134,"column":20},"end":{"line":136,"column":55},"skip":true},"44":{"start":{"line":139,"column":16},"end":{"line":139,"column":57},"skip":true},"45":{"start":{"line":143,"column":8},"end":{"line":147,"column":11},"skip":true},"46":{"start":{"line":144,"column":12},"end":{"line":146,"column":15},"skip":true},"47":{"start":{"line":145,"column":16},"end":{"line":145,"column":70},"skip":true},"48":{"start":{"line":149,"column":8},"end":{"line":149,"column":31},"skip":true},"49":{"start":{"line":150,"column":8},"end":{"line":150,"column":14},"skip":true},"50":{"start":{"line":158,"column":8},"end":{"line":158,"column":31},"skip":true},"51":{"start":{"line":160,"column":8},"end":{"line":160,"column":33},"skip":true},"52":{"start":{"line":161,"column":8},"end":{"line":161,"column":37},"skip":true},"53":{"start":{"line":162,"column":8},"end":{"line":162,"column":35},"skip":true},"54":{"start":{"line":164,"column":8},"end":{"line":164,"column":50},"skip":true},"55":{"start":{"line":166,"column":8},"end":{"line":256,"column":2},"skip":true},"56":{"start":{"line":258,"column":8},"end":{"line":286,"column":9},"skip":true},"57":{"start":{"line":259,"column":12},"end":{"line":269,"column":14},"skip":true},"58":{"start":{"line":271,"column":12},"end":{"line":285,"column":19},"skip":true},"59":{"start":{"line":274,"column":20},"end":{"line":274,"column":35},"skip":true},"60":{"start":{"line":275,"column":20},"end":{"line":284,"column":21},"skip":true},"61":{"start":{"line":277,"column":24},"end":{"line":277,"column":64},"skip":true},"62":{"start":{"line":279,"column":24},"end":{"line":279,"column":40},"skip":true},"63":{"start":{"line":281,"column":24},"end":{"line":281,"column":40},"skip":true},"64":{"start":{"line":283,"column":24},"end":{"line":283,"column":39},"skip":true},"65":{"start":{"line":288,"column":8},"end":{"line":290,"column":9},"skip":true},"66":{"start":{"line":289,"column":12},"end":{"line":289,"column":18},"skip":true},"67":{"start":{"line":291,"column":8},"end":{"line":293,"column":54},"skip":true},"68":{"start":{"line":296,"column":8},"end":{"line":301,"column":37},"skip":true},"69":{"start":{"line":303,"column":8},"end":{"line":303,"column":82},"skip":true},"70":{"start":{"line":306,"column":8},"end":{"line":308,"column":9},"skip":true},"71":{"start":{"line":307,"column":12},"end":{"line":307,"column":82},"skip":true},"72":{"start":{"line":310,"column":8},"end":{"line":312,"column":9},"skip":true},"73":{"start":{"line":311,"column":12},"end":{"line":311,"column":18},"skip":true},"74":{"start":{"line":313,"column":8},"end":{"line":313,"column":54},"skip":true},"75":{"start":{"line":314,"column":8},"end":{"line":314,"column":69},"skip":true},"76":{"start":{"line":315,"column":8},"end":{"line":323,"column":36},"skip":true},"77":{"start":{"line":316,"column":12},"end":{"line":316,"column":61},"skip":true},"78":{"start":{"line":317,"column":12},"end":{"line":320,"column":13},"skip":true},"79":{"start":{"line":318,"column":16},"end":{"line":318,"column":75},"skip":true},"80":{"start":{"line":319,"column":16},"end":{"line":319,"column":23},"skip":true},"81":{"start":{"line":321,"column":12},"end":{"line":321,"column":38},"skip":true},"82":{"start":{"line":322,"column":12},"end":{"line":322,"column":27},"skip":true},"83":{"start":{"line":324,"column":8},"end":{"line":324,"column":14},"skip":true}},"branchMap":{"1":{"line":39,"type":"binary-expr","locations":[{"start":{"line":39,"column":23},"end":{"line":39,"column":62}},{"start":{"line":40,"column":20},"end":{"line":40,"column":70}},{"start":{"line":41,"column":20},"end":{"line":41,"column":71}},{"start":{"line":42,"column":20},"end":{"line":42,"column":29}}]},"2":{"line":44,"type":"binary-expr","locations":[{"start":{"line":44,"column":23},"end":{"line":44,"column":37}},{"start":{"line":45,"column":20},"end":{"line":45,"column":61}},{"start":{"line":46,"column":20},"end":{"line":46,"column":70}},{"start":{"line":47,"column":20},"end":{"line":47,"column":26}}]},"3":{"line":51,"type":"cond-expr","locations":[{"start":{"line":52,"column":14},"end":{"line":52,"column":20}},{"start":{"line":53,"column":14},"end":{"line":53,"column":20}}]},"4":{"line":55,"type":"binary-expr","locations":[{"start":{"line":55,"column":16},"end":{"line":55,"column":44}},{"start":{"line":55,"column":49},"end":{"line":57,"column":43}}]},"5":{"line":55,"type":"cond-expr","locations":[{"start":{"line":56,"column":14},"end":{"line":56,"column":61}},{"start":{"line":57,"column":14},"end":{"line":57,"column":43}}]},"6":{"line":61,"type":"switch","locations":[{"start":{"line":68,"column":4},"end":{"line":150,"column":14},"skip":true},{"start":{"line":156,"column":4},"end":{"line":324,"column":14},"skip":true}]},"7":{"line":70,"type":"if","locations":[{"start":{"line":70,"column":12},"end":{"line":70,"column":12},"skip":true},{"start":{"line":70,"column":12},"end":{"line":70,"column":12},"skip":true}]},"8":{"line":70,"type":"binary-expr","locations":[{"start":{"line":70,"column":16},"end":{"line":70,"column":22},"skip":true},{"start":{"line":70,"column":27},"end":{"line":70,"column":32},"skip":true},{"start":{"line":71,"column":20},"end":{"line":71,"column":39},"skip":true},{"start":{"line":72,"column":20},"end":{"line":72,"column":49},"skip":true},{"start":{"line":73,"column":20},"end":{"line":73,"column":58},"skip":true},{"start":{"line":74,"column":20},"end":{"line":74,"column":69},"skip":true}]},"9":{"line":79,"type":"switch","locations":[{"start":{"line":80,"column":20},"end":{"line":80,"column":33},"skip":true},{"start":{"line":81,"column":20},"end":{"line":83,"column":30},"skip":true},{"start":{"line":84,"column":20},"end":{"line":85,"column":49},"skip":true}]},"10":{"line":89,"type":"switch","locations":[{"start":{"line":90,"column":12},"end":{"line":103,"column":22},"skip":true},{"start":{"line":105,"column":12},"end":{"line":106,"column":22},"skip":true}]},"11":{"line":89,"type":"binary-expr","locations":[{"start":{"line":89,"column":20},"end":{"line":89,"column":25},"skip":true},{"start":{"line":89,"column":29},"end":{"line":89,"column":48},"skip":true},{"start":{"line":89,"column":52},"end":{"line":89,"column":74},"skip":true}]},"12":{"line":92,"type":"if","locations":[{"start":{"line":92,"column":16},"end":{"line":92,"column":16},"skip":true},{"start":{"line":92,"column":16},"end":{"line":92,"column":16},"skip":true}]},"13":{"line":108,"type":"if","locations":[{"start":{"line":108,"column":12},"end":{"line":108,"column":12},"skip":true},{"start":{"line":108,"column":12},"end":{"line":108,"column":12},"skip":true}]},"14":{"line":108,"type":"binary-expr","locations":[{"start":{"line":108,"column":16},"end":{"line":108,"column":61},"skip":true},{"start":{"line":108,"column":66},"end":{"line":108,"column":72},"skip":true},{"start":{"line":108,"column":77},"end":{"line":108,"column":82},"skip":true},{"start":{"line":109,"column":20},"end":{"line":109,"column":39},"skip":true},{"start":{"line":110,"column":20},"end":{"line":110,"column":49},"skip":true},{"start":{"line":111,"column":20},"end":{"line":111,"column":58},"skip":true},{"start":{"line":112,"column":20},"end":{"line":112,"column":68},"skip":true}]},"15":{"line":129,"type":"if","locations":[{"start":{"line":129,"column":16},"end":{"line":129,"column":16},"skip":true},{"start":{"line":129,"column":16},"end":{"line":129,"column":16},"skip":true}]},"16":{"line":134,"type":"cond-expr","locations":[{"start":{"line":135,"column":26},"end":{"line":135,"column":29},"skip":true},{"start":{"line":136,"column":26},"end":{"line":136,"column":54},"skip":true}]},"17":{"line":164,"type":"binary-expr","locations":[{"start":{"line":164,"column":27},"end":{"line":164,"column":43},"skip":true},{"start":{"line":164,"column":47},"end":{"line":164,"column":49},"skip":true}]},"18":{"line":258,"type":"if","locations":[{"start":{"line":258,"column":8},"end":{"line":258,"column":8},"skip":true},{"start":{"line":258,"column":8},"end":{"line":258,"column":8},"skip":true}]},"19":{"line":275,"type":"switch","locations":[{"start":{"line":276,"column":20},"end":{"line":277,"column":64},"skip":true},{"start":{"line":278,"column":20},"end":{"line":279,"column":40},"skip":true},{"start":{"line":280,"column":20},"end":{"line":281,"column":40},"skip":true},{"start":{"line":282,"column":20},"end":{"line":283,"column":39},"skip":true}]},"20":{"line":288,"type":"if","locations":[{"start":{"line":288,"column":8},"end":{"line":288,"column":8},"skip":true},{"start":{"line":288,"column":8},"end":{"line":288,"column":8},"skip":true}]},"21":{"line":288,"type":"binary-expr","locations":[{"start":{"line":288,"column":12},"end":{"line":288,"column":40},"skip":true},{"start":{"line":288,"column":44},"end":{"line":288,"column":67},"skip":true}]},"22":{"line":292,"type":"binary-expr","locations":[{"start":{"line":292,"column":12},"end":{"line":292,"column":50},"skip":true},{"start":{"line":293,"column":12},"end":{"line":293,"column":53},"skip":true}]},"23":{"line":297,"type":"binary-expr","locations":[{"start":{"line":297,"column":12},"end":{"line":297,"column":75},"skip":true},{"start":{"line":298,"column":12},"end":{"line":301,"column":36},"skip":true}]},"24":{"line":303,"type":"binary-expr","locations":[{"start":{"line":303,"column":43},"end":{"line":303,"column":75},"skip":true},{"start":{"line":303,"column":79},"end":{"line":303,"column":81},"skip":true}]},"25":{"line":306,"type":"if","locations":[{"start":{"line":306,"column":8},"end":{"line":306,"column":8},"skip":true},{"start":{"line":306,"column":8},"end":{"line":306,"column":8},"skip":true}]},"26":{"line":310,"type":"if","locations":[{"start":{"line":310,"column":8},"end":{"line":310,"column":8},"skip":true},{"start":{"line":310,"column":8},"end":{"line":310,"column":8},"skip":true}]},"27":{"line":313,"type":"binary-expr","locations":[{"start":{"line":313,"column":27},"end":{"line":313,"column":43},"skip":true},{"start":{"line":313,"column":47},"end":{"line":313,"column":53},"skip":true}]},"28":{"line":317,"type":"if","locations":[{"start":{"line":317,"column":12},"end":{"line":317,"column":12},"skip":true},{"start":{"line":317,"column":12},"end":{"line":317,"column":12},"skip":true}]}},"code":["/*","example.js","","quickstart example","","instruction","    1. save this script as example.js","    2. run the shell command:","        $ npm install npmtest-react-google-maps && PORT=8081 node example.js","    3. play with the browser-demo on http://127.0.0.1:8081","*/","","","","/* istanbul instrument in package npmtest_react_google_maps */","/*jslint","    bitwise: true,","    browser: true,","    maxerr: 8,","    maxlen: 96,","    node: true,","    nomen: true,","    regexp: true,","    stupid: true","*/","(function () {","    'use strict';","    var local;","","","","    // run shared js-env code - init-before","    (function () {","        // init local","        local = {};","        // init modeJs","        local.modeJs = (function () {","            try {","                return typeof navigator.userAgent === 'string' &&","                    typeof document.querySelector('body') === 'object' &&","                    typeof XMLHttpRequest.prototype.open === 'function' &&","                    'browser';","            } catch (errorCaughtBrowser) {","                return module.exports &&","                    typeof process.versions.node === 'string' &&","                    typeof require('http').createServer === 'function' &&","                    'node';","            }","        }());","        // init global","        local.global = local.modeJs === 'browser'","            ? window","            : global;","        // init utility2_rollup","        local = local.global.utility2_rollup || (local.modeJs === 'browser'","            ? local.global.utility2_npmtest_react_google_maps","            : global.utility2_moduleExports);","        // export local","        local.global.local = local;","    }());","    switch (local.modeJs) {","","","","    // init-after","    // run browser js-env code - init-after","    /* istanbul ignore next */","    case 'browser':","        local.testRunBrowser = function (event) {","            if (!event || (event &&","                    event.currentTarget &&","                    event.currentTarget.className &&","                    event.currentTarget.className.includes &&","                    event.currentTarget.className.includes('onreset'))) {","                // reset output","                Array.from(","                    document.querySelectorAll('body > .resettable')","                ).forEach(function (element) {","                    switch (element.tagName) {","                    case 'INPUT':","                    case 'TEXTAREA':","                        element.value = '';","                        break;","                    default:","                        element.textContent = '';","                    }","                });","            }","            switch (event && event.currentTarget && event.currentTarget.id) {","            case 'testRunButton1':","                // show tests","                if (document.querySelector('#testReportDiv1').style.display === 'none') {","                    document.querySelector('#testReportDiv1').style.display = 'block';","                    document.querySelector('#testRunButton1').textContent =","                        'hide internal test';","                    local.modeTest = true;","                    local.testRunDefault(local);","                // hide tests","                } else {","                    document.querySelector('#testReportDiv1').style.display = 'none';","                    document.querySelector('#testRunButton1').textContent = 'run internal test';","                }","                break;","            // custom-case","            default:","                break;","            }","            if (document.querySelector('#inputTextareaEval1') && (!event || (event &&","                    event.currentTarget &&","                    event.currentTarget.className &&","                    event.currentTarget.className.includes &&","                    event.currentTarget.className.includes('oneval')))) {","                // try to eval input-code","                try {","                    /*jslint evil: true*/","                    eval(document.querySelector('#inputTextareaEval1').value);","                } catch (errorCaught) {","                    console.error(errorCaught);","                }","            }","        };","        // log stderr and stdout to #outputTextareaStdout1","        ['error', 'log'].forEach(function (key) {","            console[key + '_original'] = console[key];","            console[key] = function () {","                var element;","                console[key + '_original'].apply(console, arguments);","                element = document.querySelector('#outputTextareaStdout1');","                if (!element) {","                    return;","                }","                // append text to #outputTextareaStdout1","                element.value += Array.from(arguments).map(function (arg) {","                    return typeof arg === 'string'","                        ? arg","                        : JSON.stringify(arg, null, 4);","                }).join(' ') + '\\n';","                // scroll textarea to bottom","                element.scrollTop = element.scrollHeight;","            };","        });","        // init event-handling","        ['change', 'click', 'keyup'].forEach(function (event) {","            Array.from(document.querySelectorAll('.on' + event)).forEach(function (element) {","                element.addEventListener(event, local.testRunBrowser);","            });","        });","        // run tests","        local.testRunBrowser();","        break;","","","","    // run node js-env code - init-after","    /* istanbul ignore next */","    case 'node':","        // export local","        module.exports = local;","        // require modules","        local.fs = require('fs');","        local.http = require('http');","        local.url = require('url');","        // init assets","        local.assetsDict = local.assetsDict || {};","        /* jslint-ignore-begin */","        local.assetsDict['/assets.index.template.html'] = '\\","<!doctype html>\\n\\","<html lang=\"en\">\\n\\","<head>\\n\\","<meta charset=\"UTF-8\">\\n\\","<meta name=\"viewport\" content=\"width=device-width, initial-scale=1\">\\n\\","<title>{{env.npm_package_name}} (v{{env.npm_package_version}})</title>\\n\\","<style>\\n\\","/*csslint\\n\\","    box-sizing: false,\\n\\","    universal-selector: false\\n\\","*/\\n\\","* {\\n\\","    box-sizing: border-box;\\n\\","}\\n\\","body {\\n\\","    background: #dde;\\n\\","    font-family: Arial, Helvetica, sans-serif;\\n\\","    margin: 2rem;\\n\\","}\\n\\","body > * {\\n\\","    margin-bottom: 1rem;\\n\\","}\\n\\",".utility2FooterDiv {\\n\\","    margin-top: 20px;\\n\\","    text-align: center;\\n\\","}\\n\\","</style>\\n\\","<style>\\n\\","/*csslint\\n\\","*/\\n\\","textarea {\\n\\","    font-family: monospace;\\n\\","    height: 10rem;\\n\\","    width: 100%;\\n\\","}\\n\\","textarea[readonly] {\\n\\","    background: #ddd;\\n\\","}\\n\\","</style>\\n\\","</head>\\n\\","<body>\\n\\","<!-- utility2-comment\\n\\","<div id=\"ajaxProgressDiv1\" style=\"background: #d00; height: 2px; left: 0; margin: 0; padding: 0; position: fixed; top: 0; transition: background 0.5s, width 1.5s; width: 25%;\"></div>\\n\\","utility2-comment -->\\n\\","<h1>\\n\\","<!-- utility2-comment\\n\\","    <a\\n\\","        {{#if env.npm_package_homepage}}\\n\\","        href=\"{{env.npm_package_homepage}}\"\\n\\","        {{/if env.npm_package_homepage}}\\n\\","        target=\"_blank\"\\n\\","    >\\n\\","utility2-comment -->\\n\\","        {{env.npm_package_name}} (v{{env.npm_package_version}})\\n\\","<!-- utility2-comment\\n\\","    </a>\\n\\","utility2-comment -->\\n\\","</h1>\\n\\","<h3>{{env.npm_package_description}}</h3>\\n\\","<!-- utility2-comment\\n\\","<h4><a download href=\"assets.app.js\">download standalone app</a></h4>\\n\\","<button class=\"onclick onreset\" id=\"testRunButton1\">run internal test</button><br>\\n\\","<div id=\"testReportDiv1\" style=\"display: none;\"></div>\\n\\","utility2-comment -->\\n\\","\\n\\","\\n\\","\\n\\","<label>stderr and stdout</label>\\n\\","<textarea class=\"resettable\" id=\"outputTextareaStdout1\" readonly></textarea>\\n\\","<!-- utility2-comment\\n\\","{{#if isRollup}}\\n\\","<script src=\"assets.app.js\"></script>\\n\\","{{#unless isRollup}}\\n\\","utility2-comment -->\\n\\","<script src=\"assets.utility2.rollup.js\"></script>\\n\\","<script src=\"jsonp.utility2._stateInit?callback=window.utility2._stateInit\"></script>\\n\\","<script src=\"assets.npmtest_react_google_maps.rollup.js\"></script>\\n\\","<script src=\"assets.example.js\"></script>\\n\\","<script src=\"assets.test.js\"></script>\\n\\","<!-- utility2-comment\\n\\","{{/if isRollup}}\\n\\","utility2-comment -->\\n\\","<div class=\"utility2FooterDiv\">\\n\\","    [ this app was created with\\n\\","    <a href=\"https://github.com/kaizhu256/node-utility2\" target=\"_blank\">utility2</a>\\n\\","    ]\\n\\","</div>\\n\\","</body>\\n\\","</html>\\n\\","';","        /* jslint-ignore-end */","        if (local.templateRender) {","            local.assetsDict['/'] = local.templateRender(","                local.assetsDict['/assets.index.template.html'],","                {","                    env: local.objectSetDefault(local.env, {","                        npm_package_description: 'the greatest app in the world!',","                        npm_package_name: 'my-app',","                        npm_package_nameAlias: 'my_app',","                        npm_package_version: '0.0.1'","                    })","                }","            );","        } else {","            local.assetsDict['/'] = local.assetsDict['/assets.index.template.html']","                .replace((/\\{\\{env\\.(\\w+?)\\}\\}/g), function (match0, match1) {","                    // jslint-hack","                    String(match0);","                    switch (match1) {","                    case 'npm_package_description':","                        return 'the greatest app in the world!';","                    case 'npm_package_name':","                        return 'my-app';","                    case 'npm_package_nameAlias':","                        return 'my_app';","                    case 'npm_package_version':","                        return '0.0.1';","                    }","                });","        }","        // run the cli","        if (local.global.utility2_rollup || module !== require.main) {","            break;","        }","        local.assetsDict['/assets.example.js'] =","            local.assetsDict['/assets.example.js'] ||","            local.fs.readFileSync(__filename, 'utf8');","        // bug-workaround - long $npm_package_buildCustomOrg","        /* jslint-ignore-begin */","        local.assetsDict['/assets.npmtest_react_google_maps.rollup.js'] =","            local.assetsDict['/assets.npmtest_react_google_maps.rollup.js'] ||","            local.fs.readFileSync(","                local.npmtest_react_google_maps.__dirname + '/lib.npmtest_react_google_maps.js',","                'utf8'","            ).replace((/^#!/), '//');","        /* jslint-ignore-end */","        local.assetsDict['/favicon.ico'] = local.assetsDict['/favicon.ico'] || '';","        // if $npm_config_timeout_exit exists,","        // then exit this process after $npm_config_timeout_exit ms","        if (Number(process.env.npm_config_timeout_exit)) {","            setTimeout(process.exit, Number(process.env.npm_config_timeout_exit));","        }","        // start server","        if (local.global.utility2_serverHttp1) {","            break;","        }","        process.env.PORT = process.env.PORT || '8081';","        console.error('server starting on port ' + process.env.PORT);","        local.http.createServer(function (request, response) {","            request.urlParsed = local.url.parse(request.url);","            if (local.assetsDict[request.urlParsed.pathname] !== undefined) {","                response.end(local.assetsDict[request.urlParsed.pathname]);","                return;","            }","            response.statusCode = 404;","            response.end();","        }).listen(process.env.PORT);","        break;","    }","}());",""],"l":{"26":2,"28":2,"33":2,"35":2,"37":2,"38":2,"39":2,"44":1,"51":2,"55":2,"59":2,"61":2,"69":1,"70":2,"76":2,"79":2,"82":2,"83":2,"85":1,"89":2,"92":1,"93":1,"94":1,"96":1,"97":1,"100":1,"101":1,"103":1,"106":1,"108":2,"114":1,"116":1,"118":1,"123":1,"124":2,"125":2,"126":3,"127":3,"128":3,"129":3,"130":1,"133":3,"134":3,"139":3,"143":1,"144":3,"145":1,"149":1,"150":1,"158":1,"160":1,"161":1,"162":1,"164":1,"166":1,"258":1,"259":1,"271":1,"274":6,"275":6,"277":1,"279":2,"281":1,"283":2,"288":1,"289":1,"291":1,"296":1,"303":1,"306":1,"307":1,"310":1,"311":1,"313":1,"314":1,"315":1,"316":1,"317":1,"318":1,"319":1,"321":1,"322":1,"324":1}},"/home/travis/build/npmtest/node-npmtest-react-google-maps/node_modules/react-google-maps/lib/index.js":{"path":"/home/travis/build/npmtest/node-npmtest-react-google-maps/node_modules/react-google-maps/lib/index.js","s":{"1":1,"2":1,"3":1,"4":2,"5":1,"6":1,"7":2,"8":1,"9":1,"10":2,"11":1,"12":1,"13":2,"14":1,"15":1,"16":2,"17":1,"18":1,"19":2,"20":1,"21":1,"22":2,"23":1,"24":1,"25":2,"26":1,"27":1,"28":2,"29":1,"30":1,"31":2,"32":1,"33":1,"34":2,"35":1,"36":1,"37":2,"38":1,"39":1,"40":2,"41":1,"42":1,"43":2,"44":1,"45":28},"b":{"1":[28,0],"2":[28,28]},"f":{"1":2,"2":2,"3":2,"4":2,"5":2,"6":2,"7":2,"8":2,"9":2,"10":2,"11":2,"12":2,"13":2,"14":2,"15":28},"fnMap":{"1":{"name":"get","line":11,"loc":{"start":{"line":11,"column":7},"end":{"line":11,"column":22}}},"2":{"name":"get","line":20,"loc":{"start":{"line":20,"column":7},"end":{"line":20,"column":22}}},"3":{"name":"get","line":29,"loc":{"start":{"line":29,"column":7},"end":{"line":29,"column":22}}},"4":{"name":"get","line":38,"loc":{"start":{"line":38,"column":7},"end":{"line":38,"column":22}}},"5":{"name":"get","line":47,"loc":{"start":{"line":47,"column":7},"end":{"line":47,"column":22}}},"6":{"name":"get","line":56,"loc":{"start":{"line":56,"column":7},"end":{"line":56,"column":22}}},"7":{"name":"get","line":65,"loc":{"start":{"line":65,"column":7},"end":{"line":65,"column":22}}},"8":{"name":"get","line":74,"loc":{"start":{"line":74,"column":7},"end":{"line":74,"column":22}}},"9":{"name":"get","line":83,"loc":{"start":{"line":83,"column":7},"end":{"line":83,"column":22}}},"10":{"name":"get","line":92,"loc":{"start":{"line":92,"column":7},"end":{"line":92,"column":22}}},"11":{"name":"get","line":101,"loc":{"start":{"line":101,"column":7},"end":{"line":101,"column":22}}},"12":{"name":"get","line":110,"loc":{"start":{"line":110,"column":7},"end":{"line":110,"column":22}}},"13":{"name":"get","line":119,"loc":{"start":{"line":119,"column":7},"end":{"line":119,"column":22}}},"14":{"name":"get","line":128,"loc":{"start":{"line":128,"column":7},"end":{"line":128,"column":22}}},"15":{"name":"_interopRequireDefault","line":133,"loc":{"start":{"line":133,"column":0},"end":{"line":133,"column":37}}}},"statementMap":{"1":{"start":{"line":3,"column":0},"end":{"line":5,"column":3}},"2":{"start":{"line":7,"column":0},"end":{"line":7,"column":48}},"3":{"start":{"line":9,"column":0},"end":{"line":14,"column":3}},"4":{"start":{"line":12,"column":4},"end":{"line":12,"column":58}},"5":{"start":{"line":16,"column":0},"end":{"line":16,"column":40}},"6":{"start":{"line":18,"column":0},"end":{"line":23,"column":3}},"7":{"start":{"line":21,"column":4},"end":{"line":21,"column":54}},"8":{"start":{"line":25,"column":0},"end":{"line":25,"column":34}},"9":{"start":{"line":27,"column":0},"end":{"line":32,"column":3}},"10":{"start":{"line":30,"column":4},"end":{"line":30,"column":51}},"11":{"start":{"line":34,"column":0},"end":{"line":34,"column":40}},"12":{"start":{"line":36,"column":0},"end":{"line":41,"column":3}},"13":{"start":{"line":39,"column":4},"end":{"line":39,"column":54}},"14":{"start":{"line":43,"column":0},"end":{"line":43,"column":38}},"15":{"start":{"line":45,"column":0},"end":{"line":50,"column":3}},"16":{"start":{"line":48,"column":4},"end":{"line":48,"column":53}},"17":{"start":{"line":52,"column":0},"end":{"line":52,"column":36}},"18":{"start":{"line":54,"column":0},"end":{"line":59,"column":3}},"19":{"start":{"line":57,"column":4},"end":{"line":57,"column":52}},"20":{"start":{"line":61,"column":0},"end":{"line":61,"column":34}},"21":{"start":{"line":63,"column":0},"end":{"line":68,"column":3}},"22":{"start":{"line":66,"column":4},"end":{"line":66,"column":51}},"23":{"start":{"line":70,"column":0},"end":{"line":70,"column":38}},"24":{"start":{"line":72,"column":0},"end":{"line":77,"column":3}},"25":{"start":{"line":75,"column":4},"end":{"line":75,"column":53}},"26":{"start":{"line":79,"column":0},"end":{"line":79,"column":56}},"27":{"start":{"line":81,"column":0},"end":{"line":86,"column":3}},"28":{"start":{"line":84,"column":4},"end":{"line":84,"column":62}},"29":{"start":{"line":88,"column":0},"end":{"line":88,"column":46}},"30":{"start":{"line":90,"column":0},"end":{"line":95,"column":3}},"31":{"start":{"line":93,"column":4},"end":{"line":93,"column":57}},"32":{"start":{"line":97,"column":0},"end":{"line":97,"column":58}},"33":{"start":{"line":99,"column":0},"end":{"line":104,"column":3}},"34":{"start":{"line":102,"column":4},"end":{"line":102,"column":63}},"35":{"start":{"line":106,"column":0},"end":{"line":106,"column":60}},"36":{"start":{"line":108,"column":0},"end":{"line":113,"column":3}},"37":{"start":{"line":111,"column":4},"end":{"line":111,"column":57}},"38":{"start":{"line":115,"column":0},"end":{"line":115,"column":42}},"39":{"start":{"line":117,"column":0},"end":{"line":122,"column":3}},"40":{"start":{"line":120,"column":4},"end":{"line":120,"column":55}},"41":{"start":{"line":124,"column":0},"end":{"line":124,"column":44}},"42":{"start":{"line":126,"column":0},"end":{"line":131,"column":3}},"43":{"start":{"line":129,"column":4},"end":{"line":129,"column":56}},"44":{"start":{"line":133,"column":0},"end":{"line":133,"column":95}},"45":{"start":{"line":133,"column":39},"end":{"line":133,"column":93}}},"branchMap":{"1":{"line":133,"type":"cond-expr","locations":[{"start":{"line":133,"column":70},"end":{"line":133,"column":73}},{"start":{"line":133,"column":76},"end":{"line":133,"column":92}}]},"2":{"line":133,"type":"binary-expr","locations":[{"start":{"line":133,"column":46},"end":{"line":133,"column":49}},{"start":{"line":133,"column":53},"end":{"line":133,"column":67}}]}},"code":["\"use strict\";","","Object.defineProperty(exports, \"__esModule\", {","  value: true","});","","var _withGoogleMap = require(\"./withGoogleMap\");","","Object.defineProperty(exports, \"withGoogleMap\", {","  enumerable: true,","  get: function get() {","    return _interopRequireDefault(_withGoogleMap).default;","  }","});","","var _GoogleMap = require(\"./GoogleMap\");","","Object.defineProperty(exports, \"GoogleMap\", {","  enumerable: true,","  get: function get() {","    return _interopRequireDefault(_GoogleMap).default;","  }","});","","var _Marker = require(\"./Marker\");","","Object.defineProperty(exports, \"Marker\", {","  enumerable: true,","  get: function get() {","    return _interopRequireDefault(_Marker).default;","  }","});","","var _Rectangle = require(\"./Rectangle\");","","Object.defineProperty(exports, \"Rectangle\", {","  enumerable: true,","  get: function get() {","    return _interopRequireDefault(_Rectangle).default;","  }","});","","var _Polyline = require(\"./Polyline\");","","Object.defineProperty(exports, \"Polyline\", {","  enumerable: true,","  get: function get() {","    return _interopRequireDefault(_Polyline).default;","  }","});","","var _Polygon = require(\"./Polygon\");","","Object.defineProperty(exports, \"Polygon\", {","  enumerable: true,","  get: function get() {","    return _interopRequireDefault(_Polygon).default;","  }","});","","var _Circle = require(\"./Circle\");","","Object.defineProperty(exports, \"Circle\", {","  enumerable: true,","  get: function get() {","    return _interopRequireDefault(_Circle).default;","  }","});","","var _KmlLayer = require(\"./KmlLayer\");","","Object.defineProperty(exports, \"KmlLayer\", {","  enumerable: true,","  get: function get() {","    return _interopRequireDefault(_KmlLayer).default;","  }","});","","var _FusionTablesLayer = require(\"./FusionTablesLayer\");","","Object.defineProperty(exports, \"FusionTablesLayer\", {","  enumerable: true,","  get: function get() {","    return _interopRequireDefault(_FusionTablesLayer).default;","  }","});","","var _TrafficLayer = require(\"./TrafficLayer\");","","Object.defineProperty(exports, \"TrafficLayer\", {","  enumerable: true,","  get: function get() {","    return _interopRequireDefault(_TrafficLayer).default;","  }","});","","var _DirectionsRenderer = require(\"./DirectionsRenderer\");","","Object.defineProperty(exports, \"DirectionsRenderer\", {","  enumerable: true,","  get: function get() {","    return _interopRequireDefault(_DirectionsRenderer).default;","  }","});","","var _HeatmapLayer = require(\"./visualization/HeatmapLayer\");","","Object.defineProperty(exports, \"HeatmapLayer\", {","  enumerable: true,","  get: function get() {","    return _interopRequireDefault(_HeatmapLayer).default;","  }","});","","var _InfoWindow = require(\"./InfoWindow\");","","Object.defineProperty(exports, \"InfoWindow\", {","  enumerable: true,","  get: function get() {","    return _interopRequireDefault(_InfoWindow).default;","  }","});","","var _OverlayView = require(\"./OverlayView\");","","Object.defineProperty(exports, \"OverlayView\", {","  enumerable: true,","  get: function get() {","    return _interopRequireDefault(_OverlayView).default;","  }","});","","function _interopRequireDefault(obj) { return obj && obj.__esModule ? obj : { default: obj }; }"],"l":{"3":1,"7":1,"9":1,"12":2,"16":1,"18":1,"21":2,"25":1,"27":1,"30":2,"34":1,"36":1,"39":2,"43":1,"45":1,"48":2,"52":1,"54":1,"57":2,"61":1,"63":1,"66":2,"70":1,"72":1,"75":2,"79":1,"81":1,"84":2,"88":1,"90":1,"93":2,"97":1,"99":1,"102":2,"106":1,"108":1,"111":2,"115":1,"117":1,"120":2,"124":1,"126":1,"129":2,"133":28}},"/home/travis/build/npmtest/node-npmtest-react-google-maps/node_modules/react-google-maps/lib/withGoogleMap.js":{"path":"/home/travis/build/npmtest/node-npmtest-react-google-maps/node_modules/react-google-maps/lib/withGoogleMap.js","s":{"1":1,"2":1,"3":1,"4":1,"5":1,"6":1,"7":1,"8":1,"9":1,"10":1,"11":1,"12":1,"13":1,"14":1,"15":1,"16":1,"17":1,"18":1,"19":1,"20":1,"21":1,"22":1,"23":1,"24":1,"25":1,"26":1,"27":11,"28":1,"29":0,"30":0,"31":0,"32":1,"33":0,"34":0,"35":0,"36":0,"37":0,"38":0,"39":0,"40":0,"41":0,"42":0,"43":0,"44":0,"45":0,"46":0,"47":0,"48":0,"49":0,"50":0,"51":0,"52":0,"53":0},"b":{"1":[8,3],"2":[11,11],"3":[0,0],"4":[0,0],"5":[0,0],"6":[0,0],"7":[0,0]},"f":{"1":11,"2":0,"3":0,"4":0,"5":0,"6":0,"7":0,"8":0},"fnMap":{"1":{"name":"_interopRequireDefault","line":55,"loc":{"start":{"line":55,"column":0},"end":{"line":55,"column":37}}},"2":{"name":"withGoogleMap","line":57,"loc":{"start":{"line":57,"column":0},"end":{"line":57,"column":41}}},"3":{"name":"(anonymous_3)","line":60,"loc":{"start":{"line":60,"column":27},"end":{"line":60,"column":49}}},"4":{"name":"Container","line":63,"loc":{"start":{"line":63,"column":4},"end":{"line":63,"column":25}}},"5":{"name":"getChildContext","line":81,"loc":{"start":{"line":81,"column":13},"end":{"line":81,"column":40}}},"6":{"name":"componentWillMount","line":86,"loc":{"start":{"line":86,"column":13},"end":{"line":86,"column":43}}},"7":{"name":"handleComponentMount","line":95,"loc":{"start":{"line":95,"column":13},"end":{"line":95,"column":49}}},"8":{"name":"render","line":106,"loc":{"start":{"line":106,"column":13},"end":{"line":106,"column":31}}}},"statementMap":{"1":{"start":{"line":3,"column":0},"end":{"line":5,"column":3}},"2":{"start":{"line":7,"column":0},"end":{"line":7,"column":89}},"3":{"start":{"line":9,"column":0},"end":{"line":9,"column":82}},"4":{"start":{"line":11,"column":0},"end":{"line":11,"column":71}},"5":{"start":{"line":13,"column":0},"end":{"line":13,"column":64}},"6":{"start":{"line":15,"column":0},"end":{"line":15,"column":79}},"7":{"start":{"line":17,"column":0},"end":{"line":17,"column":63}},"8":{"start":{"line":19,"column":0},"end":{"line":19,"column":71}},"9":{"start":{"line":21,"column":0},"end":{"line":21,"column":64}},"10":{"start":{"line":23,"column":0},"end":{"line":23,"column":65}},"11":{"start":{"line":25,"column":0},"end":{"line":25,"column":58}},"12":{"start":{"line":27,"column":0},"end":{"line":27,"column":93}},"13":{"start":{"line":29,"column":0},"end":{"line":29,"column":86}},"14":{"start":{"line":31,"column":0},"end":{"line":31,"column":59}},"15":{"start":{"line":33,"column":0},"end":{"line":33,"column":52}},"16":{"start":{"line":35,"column":0},"end":{"line":35,"column":32}},"17":{"start":{"line":37,"column":0},"end":{"line":37,"column":34}},"18":{"start":{"line":39,"column":0},"end":{"line":39,"column":49}},"19":{"start":{"line":41,"column":0},"end":{"line":41,"column":38}},"20":{"start":{"line":43,"column":0},"end":{"line":43,"column":53}},"21":{"start":{"line":45,"column":0},"end":{"line":45,"column":54}},"22":{"start":{"line":47,"column":0},"end":{"line":47,"column":67}},"23":{"start":{"line":49,"column":0},"end":{"line":49,"column":30}},"24":{"start":{"line":51,"column":0},"end":{"line":51,"column":45}},"25":{"start":{"line":53,"column":0},"end":{"line":53,"column":40}},"26":{"start":{"line":55,"column":0},"end":{"line":55,"column":95}},"27":{"start":{"line":55,"column":39},"end":{"line":55,"column":93}},"28":{"start":{"line":57,"column":0},"end":{"line":134,"column":1}},"29":{"start":{"line":58,"column":2},"end":{"line":58,"column":21}},"30":{"start":{"line":60,"column":2},"end":{"line":133,"column":115}},"31":{"start":{"line":61,"column":4},"end":{"line":61,"column":51}},"32":{"start":{"line":63,"column":4},"end":{"line":77,"column":5}},"33":{"start":{"line":64,"column":6},"end":{"line":64,"column":15}},"34":{"start":{"line":66,"column":6},"end":{"line":66,"column":29}},"35":{"start":{"line":68,"column":6},"end":{"line":68,"column":53}},"36":{"start":{"line":70,"column":6},"end":{"line":72,"column":7}},"37":{"start":{"line":71,"column":8},"end":{"line":71,"column":37}},"38":{"start":{"line":74,"column":6},"end":{"line":76,"column":140}},"39":{"start":{"line":79,"column":4},"end":{"line":128,"column":8}},"40":{"start":{"line":82,"column":8},"end":{"line":82,"column":81}},"41":{"start":{"line":87,"column":8},"end":{"line":89,"column":43}},"42":{"start":{"line":91,"column":8},"end":{"line":91,"column":370}},"43":{"start":{"line":96,"column":8},"end":{"line":98,"column":9}},"44":{"start":{"line":97,"column":10},"end":{"line":97,"column":17}},"45":{"start":{"line":99,"column":8},"end":{"line":99,"column":328}},"46":{"start":{"line":101,"column":8},"end":{"line":101,"column":44}},"47":{"start":{"line":102,"column":8},"end":{"line":102,"column":36}},"48":{"start":{"line":107,"column":8},"end":{"line":110,"column":108}},"49":{"start":{"line":111,"column":8},"end":{"line":111,"column":33}},"50":{"start":{"line":114,"column":8},"end":{"line":126,"column":9}},"51":{"start":{"line":115,"column":10},"end":{"line":121,"column":13}},"52":{"start":{"line":123,"column":10},"end":{"line":125,"column":58}},"53":{"start":{"line":129,"column":4},"end":{"line":129,"column":21}}},"branchMap":{"1":{"line":55,"type":"cond-expr","locations":[{"start":{"line":55,"column":70},"end":{"line":55,"column":73}},{"start":{"line":55,"column":76},"end":{"line":55,"column":92}}]},"2":{"line":55,"type":"binary-expr","locations":[{"start":{"line":55,"column":46},"end":{"line":55,"column":49}},{"start":{"line":55,"column":53},"end":{"line":55,"column":67}}]},"3":{"line":74,"type":"binary-expr","locations":[{"start":{"line":74,"column":93},"end":{"line":74,"column":112}},{"start":{"line":74,"column":116},"end":{"line":74,"column":156}}]},"4":{"line":91,"type":"binary-expr","locations":[{"start":{"line":91,"column":33},"end":{"line":91,"column":51}},{"start":{"line":91,"column":55},"end":{"line":91,"column":67}}]},"5":{"line":96,"type":"if","locations":[{"start":{"line":96,"column":8},"end":{"line":96,"column":8}},{"start":{"line":96,"column":8},"end":{"line":96,"column":8}}]},"6":{"line":96,"type":"binary-expr","locations":[{"start":{"line":96,"column":12},"end":{"line":96,"column":26}},{"start":{"line":96,"column":30},"end":{"line":96,"column":43}}]},"7":{"line":114,"type":"if","locations":[{"start":{"line":114,"column":8},"end":{"line":114,"column":8}},{"start":{"line":114,"column":8},"end":{"line":114,"column":8}}]}},"code":["\"use strict\";","","Object.defineProperty(exports, \"__esModule\", {","  value: true","});","","var _objectWithoutProperties2 = require(\"babel-runtime/helpers/objectWithoutProperties\");","","var _objectWithoutProperties3 = _interopRequireDefault(_objectWithoutProperties2);","","var _defineProperty2 = require(\"babel-runtime/helpers/defineProperty\");","","var _defineProperty3 = _interopRequireDefault(_defineProperty2);","","var _getPrototypeOf = require(\"babel-runtime/core-js/object/get-prototype-of\");","","var _getPrototypeOf2 = _interopRequireDefault(_getPrototypeOf);","","var _classCallCheck2 = require(\"babel-runtime/helpers/classCallCheck\");","","var _classCallCheck3 = _interopRequireDefault(_classCallCheck2);","","var _createClass2 = require(\"babel-runtime/helpers/createClass\");","","var _createClass3 = _interopRequireDefault(_createClass2);","","var _possibleConstructorReturn2 = require(\"babel-runtime/helpers/possibleConstructorReturn\");","","var _possibleConstructorReturn3 = _interopRequireDefault(_possibleConstructorReturn2);","","var _inherits2 = require(\"babel-runtime/helpers/inherits\");","","var _inherits3 = _interopRequireDefault(_inherits2);","","exports.default = withGoogleMap;","","var _warning = require(\"warning\");","","var _warning2 = _interopRequireDefault(_warning);","","var _invariant = require(\"invariant\");","","var _invariant2 = _interopRequireDefault(_invariant);","","var _reactDisplayName = require(\"react-display-name\");","","var _reactDisplayName2 = _interopRequireDefault(_reactDisplayName);","","var _react = require(\"react\");","","var _react2 = _interopRequireDefault(_react);","","var _constants = require(\"./constants\");","","function _interopRequireDefault(obj) { return obj && obj.__esModule ? obj : { default: obj }; }","","function withGoogleMap(WrappedComponent) {","  var _class, _temp2;","","  return _temp2 = _class = function (_Component) {","    (0, _inherits3.default)(Container, _Component);","","    function Container() {","      var _ref;","","      var _temp, _this, _ret;","","      (0, _classCallCheck3.default)(this, Container);","","      for (var _len = arguments.length, args = Array(_len), _key = 0; _key < _len; _key++) {","        args[_key] = arguments[_key];","      }","","      return _ret = (_temp = (_this = (0, _possibleConstructorReturn3.default)(this, (_ref = Container.__proto__ || (0, _getPrototypeOf2.default)(Container)).call.apply(_ref, [this].concat(args))), _this), _this.state = {","        map: null","      }, _this.handleComponentMount = _this.handleComponentMount.bind(_this), _temp), (0, _possibleConstructorReturn3.default)(_this, _ret);","    }","","    (0, _createClass3.default)(Container, [{","      key: \"getChildContext\",","      value: function getChildContext() {","        return (0, _defineProperty3.default)({}, _constants.MAP, this.state.map);","      }","    }, {","      key: \"componentWillMount\",","      value: function componentWillMount() {","        var _props = this.props,","            containerElement = _props.containerElement,","            mapElement = _props.mapElement;","","        (0, _invariant2.default)(!!containerElement && !!mapElement, \"Required props containerElement or mapElement is missing. You need to provide both of them.\\n The `google.maps.Map` instance will be initialized on mapElement and it's wrapped by containerElement.\\nYou need to provide both of them since Google Map requires the DOM to have height when initialized.\");","      }","    }, {","      key: \"handleComponentMount\",","      value: function handleComponentMount(node) {","        if (this.state.map || node === null) {","          return;","        }","        (0, _warning2.default)(\"undefined\" !== typeof google, \"Make sure you've put a <script> tag in your <head> element to load Google Maps JavaScript API v3.\\n If you're looking for built-in support to load it for you, use the \\\"async/ScriptjsLoader\\\" instead.\\n See https://github.com/tomchentw/react-google-maps/pull/168\");","        // https://developers.google.com/maps/documentation/javascript/3.exp/reference#Map","        var map = new google.maps.Map(node);","        this.setState({ map: map });","      }","    }, {","      key: \"render\",","      value: function render() {","        var _props2 = this.props,","            containerElement = _props2.containerElement,","            mapElement = _props2.mapElement,","            restProps = (0, _objectWithoutProperties3.default)(_props2, [\"containerElement\", \"mapElement\"]);","        var map = this.state.map;","","","        if (map) {","          return _react2.default.cloneElement(containerElement, {}, _react2.default.cloneElement(mapElement, {","            ref: this.handleComponentMount","          }), _react2.default.createElement(","            \"div\",","            null,","            _react2.default.createElement(WrappedComponent, restProps)","          ));","        } else {","          return _react2.default.cloneElement(containerElement, {}, _react2.default.cloneElement(mapElement, {","            ref: this.handleComponentMount","          }), _react2.default.createElement(\"div\", null));","        }","      }","    }]);","    return Container;","  }(_react.Component), _class.displayName = \"withGoogleMap(\" + (0, _reactDisplayName2.default)(WrappedComponent) + \")\", _class.propTypes = {","    containerElement: _react.PropTypes.node.isRequired,","    mapElement: _react.PropTypes.node.isRequired","  }, _class.childContextTypes = (0, _defineProperty3.default)({}, _constants.MAP, _react.PropTypes.object), _temp2;","} /* global google */"],"l":{"3":1,"7":1,"9":1,"11":1,"13":1,"15":1,"17":1,"19":1,"21":1,"23":1,"25":1,"27":1,"29":1,"31":1,"33":1,"35":1,"37":1,"39":1,"41":1,"43":1,"45":1,"47":1,"49":1,"51":1,"53":1,"55":11,"57":1,"58":0,"60":0,"61":0,"63":1,"64":0,"66":0,"68":0,"70":0,"71":0,"74":0,"79":0,"82":0,"87":0,"91":0,"96":0,"97":0,"99":0,"101":0,"102":0,"107":0,"111":0,"114":0,"115":0,"123":0,"129":0}},"/home/travis/build/npmtest/node-npmtest-react-google-maps/node_modules/react-google-maps/lib/constants.js":{"path":"/home/travis/build/npmtest/node-npmtest-react-google-maps/node_modules/react-google-maps/lib/constants.js","s":{"1":1,"2":1,"3":1,"4":1,"5":1,"6":1,"7":1,"8":1,"9":1,"10":1,"11":1,"12":1,"13":1,"14":1,"15":1,"16":1,"17":1,"18":1,"19":1},"b":{},"f":{},"fnMap":{},"statementMap":{"1":{"start":{"line":3,"column":0},"end":{"line":5,"column":3}},"2":{"start":{"line":6,"column":0},"end":{"line":6,"column":71}},"3":{"start":{"line":10,"column":0},"end":{"line":10,"column":80}},"4":{"start":{"line":12,"column":0},"end":{"line":12,"column":89}},"5":{"start":{"line":14,"column":0},"end":{"line":14,"column":86}},"6":{"start":{"line":16,"column":0},"end":{"line":16,"column":83}},"7":{"start":{"line":18,"column":0},"end":{"line":18,"column":80}},"8":{"start":{"line":20,"column":0},"end":{"line":20,"column":89}},"9":{"start":{"line":22,"column":0},"end":{"line":22,"column":119}},"10":{"start":{"line":24,"column":0},"end":{"line":24,"column":101}},"11":{"start":{"line":26,"column":0},"end":{"line":26,"column":119}},"12":{"start":{"line":28,"column":0},"end":{"line":28,"column":80}},"13":{"start":{"line":30,"column":0},"end":{"line":30,"column":95}},"14":{"start":{"line":32,"column":0},"end":{"line":32,"column":98}},"15":{"start":{"line":34,"column":0},"end":{"line":34,"column":107}},"16":{"start":{"line":36,"column":0},"end":{"line":36,"column":92}},"17":{"start":{"line":38,"column":0},"end":{"line":38,"column":110}},"18":{"start":{"line":40,"column":0},"end":{"line":40,"column":86}},"19":{"start":{"line":42,"column":0},"end":{"line":42,"column":101}}},"branchMap":{},"code":["\"use strict\";","","Object.defineProperty(exports, \"__esModule\", {","  value: true","});","var MAP = exports.MAP = \"__SECRET_MAP_DO_NOT_USE_OR_YOU_WILL_BE_FIRED\";","","// export const SKELETON = `__SECRET_SKELETON_DO_NOT_USE_OR_YOU_WILL_BE_FIRED`;","","var MARKER = exports.MARKER = \"__SECRET_MARKER_DO_NOT_USE_OR_YOU_WILL_BE_FIRED\";","","var RECTANGLE = exports.RECTANGLE = \"__SECRET_RECTANGLE_DO_NOT_USE_OR_YOU_WILL_BE_FIRED\";","","var POLYLINE = exports.POLYLINE = \"__SECRET_POLYLINE_DO_NOT_USE_OR_YOU_WILL_BE_FIRED\";","","var POLYGON = exports.POLYGON = \"__SECRET_POLYGON_DO_NOT_USE_OR_YOU_WILL_BE_FIRED\";","","var CIRCLE = exports.CIRCLE = \"__SECRET_CIRCLE_DO_NOT_USE_OR_YOU_WILL_BE_FIRED\";","","var KML_LAYER = exports.KML_LAYER = \"__SECRET_KML_LAYER_DO_NOT_USE_OR_YOU_WILL_BE_FIRED\";","","var DIRECTIONS_RENDERER = exports.DIRECTIONS_RENDERER = \"__SECRET_DIRECTIONS_RENDERER_DO_NOT_USE_OR_YOU_WILL_BE_FIRED\";","","var HEATMAP_LAYER = exports.HEATMAP_LAYER = \"__SECRET_HEATMAP_LAYER_DO_NOT_USE_OR_YOU_WILL_BE_FIRED\";","","var FUSION_TABLES_LAYER = exports.FUSION_TABLES_LAYER = \"__SECRET_FUSION_TABLES_LAYER_DO_NOT_USE_OR_YOU_WILL_BE_FIRED\";","","var ANCHOR = exports.ANCHOR = \"__SECRET_ANCHOR_DO_NOT_USE_OR_YOU_WILL_BE_FIRED\";","","var INFO_WINDOW = exports.INFO_WINDOW = \"__SECRET_INFO_WINDOW_DO_NOT_USE_OR_YOU_WILL_BE_FIRED\";","","var OVERLAY_VIEW = exports.OVERLAY_VIEW = \"__SECRET_OVERLAY_VIEW_DO_NOT_USE_OR_YOU_WILL_BE_FIRED\";","","var DRAWING_MANAGER = exports.DRAWING_MANAGER = \"__SECRET_DRAWING_MANAGER_DO_NOT_USE_OR_YOU_WILL_BE_FIRED\";","","var SEARCH_BOX = exports.SEARCH_BOX = \"__SECRET_SEARCH_BOX_DO_NOT_USE_OR_YOU_WILL_BE_FIRED\";","","var MARKER_CLUSTERER = exports.MARKER_CLUSTERER = \"__SECRET_MARKER_CLUSTERER_DO_NOT_USE_OR_YOU_WILL_BE_FIRED\";","","var INFO_BOX = exports.INFO_BOX = \"__SECRET_INFO_BOX_DO_NOT_USE_OR_YOU_WILL_BE_FIRED\";","","var TRAFFIC_LAYER = exports.TRAFFIC_LAYER = \"__SECRET_TRAFFIC_LAYER_DO_NOT_USE_OR_YOU_WILL_BE_FIRED\";"],"l":{"3":1,"6":1,"10":1,"12":1,"14":1,"16":1,"18":1,"20":1,"22":1,"24":1,"26":1,"28":1,"30":1,"32":1,"34":1,"36":1,"38":1,"40":1,"42":1}},"/home/travis/build/npmtest/node-npmtest-react-google-maps/node_modules/react-google-maps/lib/GoogleMap.js":{"path":"/home/travis/build/npmtest/node-npmtest-react-google-maps/node_modules/react-google-maps/lib/GoogleMap.js","s":{"1":1,"2":1,"3":1,"4":1,"5":1,"6":1,"7":1,"8":1,"9":1,"10":1,"11":1,"12":1,"13":1,"14":1,"15":1,"16":1,"17":1,"18":7,"19":1,"20":1,"21":1,"22":1,"23":0,"24":0,"25":0,"26":0,"27":0,"28":0,"29":0,"30":0,"31":0,"32":0,"33":0,"34":0,"35":0,"36":1,"37":0,"38":0,"39":0,"40":0,"41":0,"42":0,"43":0,"44":1,"45":0,"46":1,"47":0,"48":0,"49":0,"50":0,"51":0,"52":0},"b":{"1":[4,3],"2":[7,7]},"f":{"1":7,"2":0,"3":0,"4":0,"5":0,"6":0,"7":0,"8":0,"9":0,"10":0,"11":0,"12":0,"13":0,"14":0,"15":0,"16":0,"17":0,"18":0,"19":0,"20":0,"21":0,"22":0,"23":0,"24":0},"fnMap":{"1":{"name":"_interopRequireDefault","line":37,"loc":{"start":{"line":37,"column":0},"end":{"line":37,"column":37}}},"2":{"name":"getBounds","line":115,"loc":{"start":{"line":115,"column":13},"end":{"line":115,"column":37}}},"3":{"name":"getCenter","line":118,"loc":{"start":{"line":118,"column":13},"end":{"line":118,"column":37}}},"4":{"name":"getDiv","line":121,"loc":{"start":{"line":121,"column":10},"end":{"line":121,"column":31}}},"5":{"name":"getHeading","line":124,"loc":{"start":{"line":124,"column":14},"end":{"line":124,"column":39}}},"6":{"name":"getMapTypeId","line":127,"loc":{"start":{"line":127,"column":16},"end":{"line":127,"column":43}}},"7":{"name":"getProjection","line":130,"loc":{"start":{"line":130,"column":17},"end":{"line":130,"column":45}}},"8":{"name":"getStreetView","line":133,"loc":{"start":{"line":133,"column":17},"end":{"line":133,"column":45}}},"9":{"name":"getTilt","line":136,"loc":{"start":{"line":136,"column":11},"end":{"line":136,"column":33}}},"10":{"name":"getZoom","line":139,"loc":{"start":{"line":139,"column":11},"end":{"line":139,"column":33}}},"11":{"name":"fitBounds","line":154,"loc":{"start":{"line":154,"column":13},"end":{"line":154,"column":43}}},"12":{"name":"panBy","line":157,"loc":{"start":{"line":157,"column":9},"end":{"line":157,"column":35}}},"13":{"name":"panTo","line":160,"loc":{"start":{"line":160,"column":9},"end":{"line":160,"column":35}}},"14":{"name":"panToBounds","line":163,"loc":{"start":{"line":163,"column":15},"end":{"line":163,"column":47}}},"15":{"name":"center","line":169,"loc":{"start":{"line":169,"column":10},"end":{"line":169,"column":40}}},"16":{"name":"heading","line":172,"loc":{"start":{"line":172,"column":11},"end":{"line":172,"column":43}}},"17":{"name":"mapTypeId","line":175,"loc":{"start":{"line":175,"column":13},"end":{"line":175,"column":49}}},"18":{"name":"options","line":178,"loc":{"start":{"line":178,"column":11},"end":{"line":178,"column":43}}},"19":{"name":"streetView","line":181,"loc":{"start":{"line":181,"column":14},"end":{"line":181,"column":52}}},"20":{"name":"tilt","line":184,"loc":{"start":{"line":184,"column":8},"end":{"line":184,"column":34}}},"21":{"name":"zoom","line":187,"loc":{"start":{"line":187,"column":8},"end":{"line":187,"column":34}}},"22":{"name":"getInstanceFromComponent","line":192,"loc":{"start":{"line":192,"column":0},"end":{"line":192,"column":45}}},"23":{"name":"getInitialState","line":203,"loc":{"start":{"line":203,"column":19},"end":{"line":203,"column":46}}},"24":{"name":"render","line":211,"loc":{"start":{"line":211,"column":10},"end":{"line":211,"column":28}}}},"statementMap":{"1":{"start":{"line":3,"column":0},"end":{"line":5,"column":3}},"2":{"start":{"line":7,"column":0},"end":{"line":7,"column":71}},"3":{"start":{"line":9,"column":0},"end":{"line":9,"column":64}},"4":{"start":{"line":11,"column":0},"end":{"line":11,"column":57}},"5":{"start":{"line":13,"column":0},"end":{"line":13,"column":50}},"6":{"start":{"line":15,"column":0},"end":{"line":15,"column":77}},"7":{"start":{"line":17,"column":0},"end":{"line":17,"column":70}},"8":{"start":{"line":19,"column":0},"end":{"line":19,"column":46}},"9":{"start":{"line":21,"column":0},"end":{"line":21,"column":54}},"10":{"start":{"line":23,"column":0},"end":{"line":23,"column":38}},"11":{"start
[...]
  .filter(function(it){ return it.match(/^set/) && !it.match(/^setMap/); })","  //","  // https://developers.google.com/maps/documentation/javascript/3.exp/reference#DrawingManager","  drawingMode: _react.PropTypes.any,","  options: _react.PropTypes.object","}; /* global google */","","","var defaultUncontrolledPropTypes = (0, _enhanceElement.addDefaultPrefixToPropTypes)(controlledPropTypes);","","var eventMap = {","  // https://developers.google.com/maps/documentation/javascript/3.exp/reference#DrawingManager","  // [].map.call($0.querySelectorAll(\"tr>td>code\"), function(it){ return it.textContent; })","  onCircleComplete: \"circlecomplete\",","","  onMarkerComplete: \"markercomplete\",","","  onOverlayComplete: \"overlaycomplete\",","","  onPolygonComplete: \"polygoncomplete\",","","  onPolylineComplete: \"polylinecomplete\",","","  onRectangleComplete: \"rectanglecomplete\"","};","","var publicMethodMap = {","  // Public APIs","  //","  // https://developers.google.com/maps/documentation/javascript/3.exp/reference#DrawingManager","  //","  // [].map.call($0.querySelectorAll(\"tr>td>code\"), function(it){ return it.textContent; })","  //    .filter(function(it){ return it.match(/^get/) && !it.match(/Map$/); })","  getDrawingMode: function getDrawingMode(drawingManager) {","    return drawingManager.getDrawingMode();","  }","};","","var controlledPropUpdaterMap = {","  drawingMode: function drawingMode(drawingManager, _drawingMode) {","    drawingManager.setDrawingMode(_drawingMode);","  },","  options: function options(drawingManager, _options) {","    drawingManager.setOptions(_options);","  }","};","","function getInstanceFromComponent(component) {","  return component.state[_constants.DRAWING_MANAGER];","}","","exports.default = (0, _flowRight3.default)(_react2.default.createClass, (0, _enhanceElement2.default)(getInstanceFromComponent, publicMethodMap, eventMap, controlledPropUpdaterMap))({","  displayName: \"DrawingManager\",","","  propTypes: (0, _extends3.default)({}, controlledPropTypes, defaultUncontrolledPropTypes),","","  contextTypes: (0, _defineProperty3.default)({}, _constants.MAP, _react.PropTypes.object),","","  getInitialState: function getInitialState() {","    // https://developers.google.com/maps/documentation/javascript/3.exp/reference#DrawingManager","    var drawingManager = new google.maps.drawing.DrawingManager((0, _extends3.default)({","      map: this.context[_constants.MAP]","    }, (0, _enhanceElement.collectUncontrolledAndControlledProps)(defaultUncontrolledPropTypes, controlledPropTypes, this.props)));","    return (0, _defineProperty3.default)({}, _constants.DRAWING_MANAGER, drawingManager);","  },","  componentWillUnmount: function componentWillUnmount() {","    var drawingManager = getInstanceFromComponent(this);","    if (drawingManager) {","      drawingManager.setMap(null);","    }","  },","  render: function render() {","    return false;","  }","});"],"l":{"3":1,"7":1,"9":1,"11":1,"13":1,"15":1,"17":1,"19":1,"21":1,"23":1,"25":1,"27":1,"29":5,"31":1,"45":1,"47":1,"63":1,"71":0,"75":1,"77":0,"80":0,"84":1,"85":0,"88":1,"97":0,"100":0,"103":0,"104":0,"105":0,"109":0}},"/home/travis/build/npmtest/node-npmtest-react-google-maps/node_modules/react-google-maps/lib/places/SearchBox.js":{"path":"/home/travis/build/npmtest/node-npmtest-react-google-maps/node_modules/react-google-maps/lib/places/SearchBox.js","s":{"1":1,"2":1,"3":1,"4":1,"5":1,"6":1,"7":1,"8":1,"9":1,"10":1,"11":1,"12":1,"13":1,"14":1,"15":1,"16":1,"17":1,"18":0,"19":0,"20":0,"21":0,"22":0,"23":0,"24":0,"25":1,"26":5,"27":1,"28":1,"29":1,"30":1,"31":0,"32":0,"33":1,"34":0,"35":1,"36":0,"37":1,"38":0,"39":0,"40":0,"41":0,"42":0,"43":0,"44":0,"45":0,"46":0,"47":0,"48":0},"b":{"1":[1,0],"2":[1,1],"3":[0,0],"4":[0,0],"5":[3,2],"6":[5,5],"7":[0,0],"8":[0,0]},"f":{"1":1,"2":5,"3":0,"4":0,"5":0,"6":0,"7":0,"8":0,"9":0,"10":0,"11":0},"fnMap":{"1":{"name":"_interopRequireWildcard","line":33,"loc":{"start":{"line":33,"column":0},"end":{"line":33,"column":38}}},"2":{"name":"_interopRequireDefault","line":35,"loc":{"start":{"line":35,"column":0},"end":{"line":35,"column":37}}},"3":{"name":"getBounds","line":68,"loc":{"start":{"line":68,"column":13},"end":{"line":68,"column":43}}},"4":{"name":"getPlaces","line":71,"loc":{"start":{"line":71,"column":13},"end":{"line":71,"column":43}}},"5":{"name":"bounds","line":77,"loc":{"start":{"line":77,"column":10},"end":{"line":77,"column":46}}},"6":{"name":"getInstanceFromComponent","line":82,"loc":{"start":{"line":82,"column":0},"end":{"line":82,"column":45}}},"7":{"name":"componentWillMount","line":99,"loc":{"start":{"line":99,"column":22},"end":{"line":99,"column":52}}},"8":{"name":"componentDidMount","line":105,"loc":{"start":{"line":105,"column":21},"end":{"line":105,"column":50}}},"9":{"name":"componentDidUpdate","line":108,"loc":{"start":{"line":108,"column":22},"end":{"line":108,"column":61}}},"10":{"name":"componentWillUnmount","line":114,"loc":{"start":{"line":114,"column":24},"end":{"line":114,"column":56}}},"11":{"name":"render","line":120,"loc":{"start":{"line":120,"column":10},"end":{"line":120,"column":28}}}},"statementMap":{"1":{"start":{"line":3,"column":0},"end":{"line":5,"column":3}},"2":{"start":{"line":7,"column":0},"end":{"line":7,"column":71}},"3":{"start":{"line":9,"column":0},"end":{"line":9,"column":64}},"4":{"start":{"line":11,"column":0},"end":{"line":11,"column":57}},"5":{"start":{"line":13,"column":0},"end":{"line":13,"column":50}},"6":{"start":{"line":15,"column":0},"end":{"line":15,"column":46}},"7":{"start":{"line":17,"column":0},"end":{"line":17,"column":54}},"8":{"start":{"line":19,"column":0},"end":{"line":19,"column":30}},"9":{"start":{"line":21,"column":0},"end":{"line":21,"column":45}},"10":{"start":{"line":23,"column":0},"end":{"line":23,"column":41}},"11":{"start":{"line":25,"column":0},"end":{"line":25,"column":51}},"12":{"start":{"line":27,"column":0},"end":{"line":27,"column":63}},"13":{"start":{"line":29,"column":0},"end":{"line":29,"column":59}},"14":{"start":{"line":31,"column":0},"end":{"line":31,"column":56}},"15":{"start":{"line":33,"column":0},"end":{"line":33,"column":269}},"16":{"start":{"line":33,"column":40},"end":{"line":33,"column":267}},"17":{"start":{"line":33,"column":69},"end":{"line":33,"column":80}},"18":{"start":{"line":33,"column":90},"end":{"line":33,"column":106}},"19":{"start":{"line":33,"column":107},"end":{"line":33,"column":228}},"20":{"start":{"line":33,"column":126},"end":{"line":33,"column":226}},"21":{"start":{"line":33,"column":149},"end":{"line":33,"column":224}},"22":{"start":{"line":33,"column":201},"end":{"line":33,"column":224}},"23":{"start":{"line":33,"column":229},"end":{"line":33,"column":250}},"24":{"start":{"line":33,"column":251},"end":{"line":33,"column":265}},"25":{"start":{"line":35,"column":0},"end":{"line":35,"column":95}},"26":{"start":{"line":35,"column":39},"end":{"line":35,"column":93}},"27":{"start":{"line":38,"column":0},"end":{"line":51,"column":2}},"28":{"start":{"line":53,"column":0},"end":{"line":53,"column":105}},"29":{"start":{"line":55,"column":0},"end":{"line":59,"column":2}},"30":{"start":{"line":61,"column":0},"end":{"line":74,"column":2}},"31":{"start":{"line":69,"column":4},"end":{"line":69,"column":33}},"32":{"start":{"line":72,"column":4},"end":{"line":72,"column":33}},"33":{"start":{"line":76,"column":0},"end":{"line":80,"column":2}},"34":{"start":{"line":78,"column":4},"end":{"line":78,"column":33}},"35":{"start":{"line":82,"column":0},"end":{"line":84,"column":1}},"36":{"start":{"line":83,"column":2},"end":{"line":83,"column":48}},"37":{"start":{"line":86,"column":0},"end":{"line":123,"column":3}},"38":{"start":{"line":100,"column":4},"end":{"line":100,"column":64}},"39":{"start":{"line":102,"column":4},"end":{"line":102,"column":196}},"40":{"start":{"line":103,"column":4},"end":{"line":103,"column":87}},"41":{"start":{"line":106,"column":4},"end":{"line":106,"column":149}},"42":{"start":{"line":109,"column":4},"end":{"line":112,"column":5}},"43":{"start":{"line":110,"column":6},"end":{"line":110,"column":133}},"44":{"start":{"line":111,"column":6},"end":{"line":111,"column":151}},"45":{"start":{"line":115,"column":4},"end":{"line":118,"column":5}},"46":{"start":{"line":116,"column":6},"end":{"line":116,"column":134}},"47":{"start":{"line":117,"column":6},"end":{"line":117,"column":32}},"48":{"start":{"line":121,"column":4},"end":{"line":121,"column":17}}},"branchMap":{"1":{"line":33,"type":"if","locations":[{"start":{"line":33,"column":40},"end":{"line":33,"column":40}},{"start":{"line":33,"column":40},"end":{"line":33,"column":40}}]},"2":{"line":33,"type":"binary-expr","locations":[{"start":{"line":33,"column":44},"end":{"line":33,"column":47}},{"start":{"line":33,"column":51},"end":{"line":33,"column":65}}]},"3":{"line":33,"type":"if","locations":[{"start":{"line":33,"column":107},"end":{"line":33,"column":107}},{"start":{"line":33,"column":107},"end":{"line":33,"column":107}}]},"4":{"line":33,"type":"if","locations":[{"start":{"line":33,"column":149},"end":{"line":33,"column":149}},{"start":{"line":33,"column":149},"end":{"line":33,"column":149}}]},"5":{"line":35,"type":"cond-expr","locations":[{"start":{"line":35,"column":70},"end":{"line":35,"column":73}},{"start":{"line":35,"column":76},"end":{"line":35,"column":92}}]},"6":{"line":35,"type":"binary-expr","locations":[{"start":{"line":35,"column":46},"end":{"line":35,"column":49}},{"start":{"line":35,"column":53},"end":{"line":35,"column":67}}]},"7":{"line":109,"type":"if","locations":[{"start":{"line":109,"column":4},"end":{"line":109,"column":4}},{"start":{"line":109,"column":4},"end":{"line":109,"column":4}}]},"8":{"line":115,"type":"if","locations":[{"start":{"line":115,"column":4},"end":{"line":115,"column":4}},{"start":{"line":115,"column":4},"end":{"line":115,"column":4}}]}},"code":["\"use strict\";","","Object.defineProperty(exports, \"__esModule\", {","  value: true","});","","var _defineProperty2 = require(\"babel-runtime/helpers/defineProperty\");","","var _defineProperty3 = _interopRequireDefault(_defineProperty2);","","var _extends2 = require(\"babel-runtime/helpers/extends\");","","var _extends3 = _interopRequireDefault(_extends2);","","var _flowRight2 = require(\"lodash/flowRight\");","","var _flowRight3 = _interopRequireDefault(_flowRight2);","","var _react = require(\"react\");","","var _react2 = _interopRequireDefault(_react);","","var _constants = require(\"../constants\");","","var _enhanceElement = require(\"../enhanceElement\");","","var _enhanceElement2 = _interopRequireDefault(_enhanceElement);","","var _SearchBoxHelper = require(\"../utils/SearchBoxHelper\");","","var helpers = _interopRequireWildcard(_SearchBoxHelper);","","function _interopRequireWildcard(obj) { if (obj && obj.__esModule) { return obj; } else { var newObj = {}; if (obj != null) { for (var key in obj) { if (Object.prototype.hasOwnProperty.call(obj, key)) newObj[key] = obj[key]; } } newObj.default = obj; return newObj; } }","","function _interopRequireDefault(obj) { return obj && obj.__esModule ? obj : { default: obj }; }","","/* global google */","var controlledPropTypes = {","  // NOTICE!!!!!!","  //","  // Only expose those with getters & setters in the table as controlled props.","  //","  // [].map.call($0.querySelectorAll(\"tr>td>code\", function(it){ return it.textContent; })","  //    .filter(function(it){ return it.match(/^set/) && !it.match(/^setMap/); })","  //","  // https://developers.google.com/maps/documentation/javascript/3.exp/reference#SearchBox","  bounds: _react.PropTypes.any,","  inputProps: _react.PropTypes.object,","  inputStyle: _react.PropTypes.object,","  inputClassName: _react.PropTypes.string","};","","var defaultUncontrolledPropTypes = (0, _enhanceElement.addDefaultPrefixToPropTypes)(controlledPropTypes);","","var eventMap = {","  // https://developers.google.com/maps/documentation/javascript/3.exp/reference#SearchBox","  // [].map.call($0.querySelectorAll(\"tr>td>code\"), function(it){ return it.textContent; })","  onPlacesChanged: \"places_changed\"","};","","var publicMethodMap = {","  // Public APIs","  //","  // https://developers.google.com/maps/documentation/javascript/3.exp/reference#SearchBox","  //","  // [].map.call($0.querySelectorAll(\"tr>td>code\"), function(it){ return it.textContent; })","  //    .filter(function(it){ return it.match(/^get/) && !it.match(/Map$/); })","  getBounds: function getBounds(searchBox) {","    return searchBox.getBounds();","  },","  getPlaces: function getPlaces(searchBox) {","    return searchBox.getPlaces();","  }","};","","var controlledPropUpdaterMap = {","  bounds: function bounds(searchBox, _bounds) {","    searchBox.setBounds(_bounds);","  }","};","","function getInstanceFromComponent(component) {","  return component.state[_constants.SEARCH_BOX];","}","","exports.default = (0, _flowRight3.default)(_react2.default.createClass, (0, _enhanceElement2.default)(getInstanceFromComponent, publicMethodMap, eventMap, controlledPropUpdaterMap))({","  displayName: \"SearchBox\",","","  propTypes: (0, _extends3.default)({}, controlledPropTypes, defaultUncontrolledPropTypes, {","    controlPosition: _react.PropTypes.any.isRequired,","    inputProps: _react.PropTypes.object,","    inputStyle: _react.PropTypes.object,","    inputClassName: _react.PropTypes.string,","    inputPlaceholder: _react.PropTypes.string","  }),","","  contextTypes: (0, _defineProperty3.default)({}, _constants.MAP, _react.PropTypes.object),","","  componentWillMount: function componentWillMount() {","    this._inputElement = helpers.createInputElement(this.props);","    // https://developers.google.com/maps/documentation/javascript/3.exp/reference#SearchBox","    var searchBox = new google.maps.places.SearchBox(this._inputElement, (0, _enhanceElement.collectUncontrolledAndControlledProps)(defaultUncontrolledPropTypes, controlledPropTypes, this.props));","    this.setState((0, _defineProperty3.default)({}, _constants.SEARCH_BOX, searchBox));","  },","  componentDidMount: function componentDidMount() {","    this._mountIndex = helpers.mountInputElementToControlPositionOnMap(this._inputElement, this.props.controlPosition, this.context[_constants.MAP]);","  },","  componentDidUpdate: function componentDidUpdate(prevProps) {","    if (this.props.controlPosition !== prevProps.controlPosition) {","      helpers.unmountInputElementFromControlPositionOnMap(this._mountIndex, prevProps.controlPosition, this.context[_constants.MAP]);","      this._mountIndex = helpers.mountInputElementToControlPositionOnMap(this._inputElement, this.props.controlPosition, this.context[_constants.MAP]);","    }","  },","  componentWillUnmount: function componentWillUnmount() {","    if (this._mountIndex) {","      helpers.unmountInputElementFromControlPositionOnMap(this._mountIndex, this.props.controlPosition, this.context[_constants.MAP]);","      this._inputElement = null;","    }","  },","  render: function render() {","    return false;","  }","});"],"l":{"3":1,"7":1,"9":1,"11":1,"13":1,"15":1,"17":1,"19":1,"21":1,"23":1,"25":1,"27":1,"29":1,"31":1,"33":1,"35":5,"38":1,"53":1,"55":1,"61":1,"69":0,"72":0,"76":1,"78":0,"82":1,"83":0,"86":1,"100":0,"102":0,"103":0,"106":0,"109":0,"110":0,"111":0,"115":0,"116":0,"117":0,"121":0}},"/home/travis/build/npmtest/node-npmtest-react-google-maps/node_modules/react-google-maps/lib/utils/SearchBoxHelper.js":{"path":"/home/travis/build/npmtest/node-npmtest-react-google-maps/node_modules/react-google-maps/lib/utils/SearchBoxHelper.js","s":{"1":1,"2":1,"3":1,"4":1,"5":1,"6":1,"7":1,"8":1,"9":1,"10":1,"11":2,"12":1,"13":0,"14":0,"15":0,"16":0,"17":0,"18":1,"19":0,"20":1,"21":0},"b":{"1":[1,1],"2":[2,2]},"f":{"1":2,"2":0,"3":0,"4":0},"fnMap":{"1":{"name":"_interopRequireDefault","line":21,"loc":{"start":{"line":21,"column":0},"end":{"line":21,"column":37}}},"2":{"name":"createInputElement","line":24,"loc":{"start":{"line":24,"column":0},"end":{"line":24,"column":35}}},"3":{"name":"mountInputElementToControlPositionOnMap","line":39,"loc":{"start":{"line":39,"column":0},"end":{"line":39,"column":80}}},"4":{"name":"unmountInputElementFromControlPositionOnMap","line":43,"loc":{"start":{"line":43,"column":0},"end":{"line":43,"column":82}}}},"statementMap":{"1":{"start":{"line":3,"column":0},"end":{"line":5,"column":3}},"2":{"start":{"line":7,"column":0},"end":{"line":7,"column":57}},"3":{"start":{"line":9,"column":0},"end":{"line":9,"column":50}},"4":{"start":{"line":11,"column":0},"end":{"line":11,"column":48}},"5":{"start":{"line":12,"column":0},"end":{"line":12,"column":90}},"6":{"start":{"line":13,"column":0},"end":{"line":13,"column":98}},"7":{"start":{"line":15,"column":0},"end":{"line":15,"column":30}},"8":{"start":{"line":17,"column":0},"end":{"line":17,"column":45}},"9":{"start":{"line":19,"column":0},"end":{"line":19,"column":37}},"10":{"start":{"line":21,"column":0},"end":{"line":21,"column":95}},"11":{"start":{"line":21,"column":39},"end":{"line":21,"column":93}},"12":{"start":{"line":24,"column":0},"end":{"line":37,"column":1}},"13":{"start":{"line":25,"column":2},"end":{"line":25,"column":55}},"14":{"start":{"line":27,"column":2},"end":{"line":31,"column":25}},"15":{"start":{"line":34,"column":2},"end":{"line":34,"column":66}},"16":{"start":{"line":35,"column":2},"end":{"line":35,"column":58}},"17":{"start":{"line":36,"column":2},"end":{"line":36,"column":17}},"18":{"start":{"line":39,"column":0},"end":{"line":41,"column":1}},"19":{"start":{"line":40,"column":2},"end":{"line":40,"column":57}},"20":{"start":{"line":43,"column":0},"end":{"line":45,"column":1}},"21":{"start":{"line":44,"column":2},"end":{"line":44,"column":55}}},"branchMap":{"1":{"line":21,"type":"cond-expr","locations":[{"start":{"line":21,"column":70},"end":{"line":21,"column":73}},{"start":{"line":21,"column":76},"end":{"line":21,"column":92}}]},"2":{"line":21,"type":"binary-expr","locations":[{"start":{"line":21,"column":46},"end":{"line":21,"column":49}},{"start":{"line":21,"column":53},"end":{"line":21,"column":67}}]}},"code":["\"use strict\";","","Object.defineProperty(exports, \"__esModule\", {","  value: true","});","","var _extends2 = require(\"babel-runtime/helpers/extends\");","","var _extends3 = _interopRequireDefault(_extends2);","","exports.createInputElement = createInputElement;","exports.mountInputElementToControlPositionOnMap = mountInputElementToControlPositionOnMap;","exports.unmountInputElementFromControlPositionOnMap = unmountInputElementFromControlPositionOnMap;","","var _react = require(\"react\");","","var _react2 = _interopRequireDefault(_react);","","var _reactDom = require(\"react-dom\");","","function _interopRequireDefault(obj) { return obj && obj.__esModule ? obj : { default: obj }; }","","/* global google */","function createInputElement(props) {","  var containerElement = document.createElement(\"div\");","  // Allow developers to style the \"hidden element\" via `props.inputProps` and `props.input{*}`.","  var component = (0, _reactDom.render)(_react2.default.createElement(\"input\", (0, _extends3.default)({}, props.inputProps, {","    style: props.inputStyle,","    className: props.inputClassName,","    placeholder: props.inputPlaceholder","  })), containerElement);","  // Cannot directly use the component - Google Maps will mess with React's internal state","  // by detaching/attaching.","  var inputEl = (0, _reactDom.findDOMNode)(component).cloneNode();","  (0, _reactDom.unmountComponentAtNode)(containerElement);","  return inputEl;","}","","function mountInputElementToControlPositionOnMap(inputEl, controlPosition, map) {","  return map.controls[controlPosition].push(inputEl) - 1;","}","","function unmountInputElementFromControlPositionOnMap(index, controlPosition, map) {","  return map.controls[controlPosition].removeAt(index);","}"],"l":{"3":1,"7":1,"9":1,"11":1,"12":1,"13":1,"15":1,"17":1,"19":1,"21":2,"24":1,"25":0,"27":0,"34":0,"35":0,"36":0,"39":1,"40":0,"43":1,"44":0}}}